<?xml version="1.0" encoding="UTF-8"?>
<!-- Generated by org.testng.reporters.JUnitXMLReporter -->
<testsuite ignored="0" hostname="DESKTOP-KMN6TAK" failures="51" tests="129" name="Manager Menu Pending" time="3886.135" errors="0" timestamp="2022-07-14T15:27:33 ICT">
  <testcase classname="io.cucumber.testng.AbstractTestNGCucumberTests" name="runScenario" time="30.806"/>
  <testcase classname="io.cucumber.testng.AbstractTestNGCucumberTests" name="runScenario" time="37.426">
    <failure type="java.lang.AssertionError" message="expected [true] but found [false]">
      <![CDATA[java.lang.AssertionError: expected [true] but found [false]
at definitions.RequestStaff.PendingSPVDefine.cekFilterDate(PendingSPVDefine.java:1820)
at ✽.User validasi fitur filter 09-07-2022 date 11-07-2022(file:///D:/2022/eclipse-workspace/hris-employee/src/test/resources/features/HRISPendingMNGRNegatifTest.feature:12)
... Removed 4 stack frames]]>
    </failure>
  </testcase> <!-- runScenario -->
  <testcase classname="io.cucumber.testng.AbstractTestNGCucumberTests" name="runScenario" time="30.824">
    <failure type="java.lang.AssertionError" message="expected [true] but found [false]">
      <![CDATA[java.lang.AssertionError: expected [true] but found [false]
at definitions.RequestStaff.PendingSPVDefine.cekFilterDate(PendingSPVDefine.java:1820)
at ✽.User validasi fitur filter 09-07-2022 date 09-07-2022(file:///D:/2022/eclipse-workspace/hris-employee/src/test/resources/features/HRISPendingMNGRNegatifTest.feature:12)
... Removed 4 stack frames]]>
    </failure>
  </testcase> <!-- runScenario -->
  <testcase classname="io.cucumber.testng.AbstractTestNGCucumberTests" name="runScenario" time="40.228">
    <failure type="org.openqa.selenium.NoSuchElementException" message="no such element: Unable to locate element: {&amp;quot;method&amp;quot;:&amp;quot;xpath&amp;quot;,&amp;quot;selector&amp;quot;:&amp;quot;//*[@id=&amp;quot;dataTable&amp;quot;]/tbody/tr[1]/td[2]&amp;quot;}
  (Session info: chrome=103.0.5060.114)
For documentation on this error, please visit: https://selenium.dev/exceptions/#no_such_element
Build info: version: &amp;apos;4.0.0&amp;apos;, revision: &amp;apos;3a21814679&amp;apos;
System info: host: &amp;apos;DESKTOP-KMN6TAK&amp;apos;, ip: &amp;apos;10.0.0.210&amp;apos;, os.name: &amp;apos;Windows 11&amp;apos;, os.arch: &amp;apos;amd64&amp;apos;, os.version: &amp;apos;10.0&amp;apos;, java.version: &amp;apos;11.0.15&amp;apos;
Driver info: org.openqa.selenium.chrome.ChromeDriver
Command: [c459046144d8dce6d32ed673a2339729, findElement {using=xpath, value=//*[@id=&amp;quot;dataTable&amp;quot;]/tbody/tr[1]/td[2]}]
Capabilities {acceptInsecureCerts: false, browserName: chrome, browserVersion: 103.0.5060.114, chrome: {chromedriverVersion: 102.0.5005.61 (0e59bcc00cc4..., userDataDir: C:\Users\Nexsoft\AppData\Lo...}, goog:chromeOptions: {debuggerAddress: localhost:53473}, javascriptEnabled: true, networkConnectionEnabled: false, pageLoadStrategy: normal, platform: WINDOWS, platformName: WINDOWS, proxy: Proxy(), se:cdp: ws://localhost:53473/devtoo..., se:cdpVersion: 103.0.5060.114, setWindowRect: true, strictFileInteractability: false, timeouts: {implicit: 0, pageLoad: 300000, script: 30000}, unhandledPromptBehavior: dismiss and notify, webauthn:extension:credBlob: true, webauthn:extension:largeBlob: true, webauthn:virtualAuthenticators: true}
Session ID: c459046144d8dce6d32ed673a2339729">
      <![CDATA[org.openqa.selenium.NoSuchElementException: no such element: Unable to locate element: {"method":"xpath","selector":"//*[@id="dataTable"]/tbody/tr[1]/td[2]"}
  (Session info: chrome=103.0.5060.114)
For documentation on this error, please visit: https://selenium.dev/exceptions/#no_such_element
Build info: version: '4.0.0', revision: '3a21814679'
System info: host: 'DESKTOP-KMN6TAK', ip: '10.0.0.210', os.name: 'Windows 11', os.arch: 'amd64', os.version: '10.0', java.version: '11.0.15'
Driver info: org.openqa.selenium.chrome.ChromeDriver
Command: [c459046144d8dce6d32ed673a2339729, findElement {using=xpath, value=//*[@id="dataTable"]/tbody/tr[1]/td[2]}]
Capabilities {acceptInsecureCerts: false, browserName: chrome, browserVersion: 103.0.5060.114, chrome: {chromedriverVersion: 102.0.5005.61 (0e59bcc00cc4..., userDataDir: C:\Users\Nexsoft\AppData\Lo...}, goog:chromeOptions: {debuggerAddress: localhost:53473}, javascriptEnabled: true, networkConnectionEnabled: false, pageLoadStrategy: normal, platform: WINDOWS, platformName: WINDOWS, proxy: Proxy(), se:cdp: ws://localhost:53473/devtoo..., se:cdpVersion: 103.0.5060.114, setWindowRect: true, strictFileInteractability: false, timeouts: {implicit: 0, pageLoad: 300000, script: 30000}, unhandledPromptBehavior: dismiss and notify, webauthn:extension:credBlob: true, webauthn:extension:largeBlob: true, webauthn:virtualAuthenticators: true}
Session ID: c459046144d8dce6d32ed673a2339729
at org.openqa.selenium.remote.codec.w3c.W3CHttpResponseCodec.createException(W3CHttpResponseCodec.java:200)
at org.openqa.selenium.remote.codec.w3c.W3CHttpResponseCodec.decode(W3CHttpResponseCodec.java:133)
at org.openqa.selenium.remote.codec.w3c.W3CHttpResponseCodec.decode(W3CHttpResponseCodec.java:53)
at org.openqa.selenium.remote.HttpCommandExecutor.execute(HttpCommandExecutor.java:184)
at org.openqa.selenium.remote.service.DriverCommandExecutor.invokeExecute(DriverCommandExecutor.java:164)
at org.openqa.selenium.remote.service.DriverCommandExecutor.execute(DriverCommandExecutor.java:139)
at org.openqa.selenium.remote.RemoteWebDriver.execute(RemoteWebDriver.java:559)
at org.openqa.selenium.remote.ElementLocation$ElementFinder$2.findElement(ElementLocation.java:162)
at org.openqa.selenium.remote.ElementLocation.findElement(ElementLocation.java:60)
at org.openqa.selenium.remote.RemoteWebDriver.findElement(RemoteWebDriver.java:383)
at org.openqa.selenium.remote.RemoteWebDriver.findElement(RemoteWebDriver.java:375)
at pom.HRISPendingStaff.getName(HRISPendingStaff.java:670)
at pom.HRISPendingStaff.searchData(HRISPendingStaff.java:237)
at definitions.RequestStaff.PendingSPVDefine.search_data_positif_test(PendingSPVDefine.java:129)
at ✽.User melakukan search data berdasarkan search EX - ADHITYA BAYU W(file:///D:/2022/eclipse-workspace/hris-employee/src/test/resources/features/HRISPendingMNGR.feature:18)
... Removed 4 stack frames]]>
    </failure>
  </testcase> <!-- runScenario -->
  <testcase classname="io.cucumber.testng.AbstractTestNGCucumberTests" name="runScenario" time="31.889">
    <failure type="java.lang.AssertionError" message="expected [true] but found [false]">
      <![CDATA[java.lang.AssertionError: expected [true] but found [false]
at definitions.RequestStaff.PendingSPVDefine.cekFilterDate(PendingSPVDefine.java:1820)
at ✽.User validasi fitur filter 11-07-2022 date 09-06-2022(file:///D:/2022/eclipse-workspace/hris-employee/src/test/resources/features/HRISPendingMNGRNegatifTest.feature:12)
... Removed 4 stack frames]]>
    </failure>
  </testcase> <!-- runScenario -->
  <testcase classname="io.cucumber.testng.AbstractTestNGCucumberTests" name="runScenario" time="32.846"/>
  <testcase classname="io.cucumber.testng.AbstractTestNGCucumberTests" name="runScenario" time="30.751">
    <failure type="java.lang.NumberFormatException" message="For input string: &amp;quot;&amp;quot;">
      <![CDATA[java.lang.NumberFormatException: For input string: ""
at java.base/java.lang.NumberFormatException.forInputString(NumberFormatException.java:65)
at java.base/java.lang.Integer.parseInt(Integer.java:662)
at java.base/java.lang.Integer.parseInt(Integer.java:770)
at definitions.RequestStaff.PendingSPVDefine.cekFilterDate(PendingSPVDefine.java:1807)
at ✽.User validasi fitur filter  date (file:///D:/2022/eclipse-workspace/hris-employee/src/test/resources/features/HRISPendingMNGRNegatifTest.feature:12)
]]>
    </failure>
  </testcase> <!-- runScenario -->
  <testcase classname="io.cucumber.testng.AbstractTestNGCucumberTests" name="runScenario" time="30.209"/>
  <testcase classname="io.cucumber.testng.AbstractTestNGCucumberTests" name="runScenario" time="38.084">
    <failure type="org.openqa.selenium.NoSuchElementException" message="no such element: Unable to locate element: {&amp;quot;method&amp;quot;:&amp;quot;xpath&amp;quot;,&amp;quot;selector&amp;quot;:&amp;quot;//*[@id=&amp;quot;dataTable&amp;quot;]/tbody/tr[1]/td[2]&amp;quot;}
  (Session info: chrome=103.0.5060.114)
For documentation on this error, please visit: https://selenium.dev/exceptions/#no_such_element
Build info: version: &amp;apos;4.0.0&amp;apos;, revision: &amp;apos;3a21814679&amp;apos;
System info: host: &amp;apos;DESKTOP-KMN6TAK&amp;apos;, ip: &amp;apos;10.0.0.210&amp;apos;, os.name: &amp;apos;Windows 11&amp;apos;, os.arch: &amp;apos;amd64&amp;apos;, os.version: &amp;apos;10.0&amp;apos;, java.version: &amp;apos;11.0.15&amp;apos;
Driver info: org.openqa.selenium.chrome.ChromeDriver
Command: [b72f77d01da404d804aac650325af640, findElement {using=xpath, value=//*[@id=&amp;quot;dataTable&amp;quot;]/tbody/tr[1]/td[2]}]
Capabilities {acceptInsecureCerts: false, browserName: chrome, browserVersion: 103.0.5060.114, chrome: {chromedriverVersion: 102.0.5005.61 (0e59bcc00cc4..., userDataDir: C:\Users\Nexsoft\AppData\Lo...}, goog:chromeOptions: {debuggerAddress: localhost:53689}, javascriptEnabled: true, networkConnectionEnabled: false, pageLoadStrategy: normal, platform: WINDOWS, platformName: WINDOWS, proxy: Proxy(), se:cdp: ws://localhost:53689/devtoo..., se:cdpVersion: 103.0.5060.114, setWindowRect: true, strictFileInteractability: false, timeouts: {implicit: 0, pageLoad: 300000, script: 30000}, unhandledPromptBehavior: dismiss and notify, webauthn:extension:credBlob: true, webauthn:extension:largeBlob: true, webauthn:virtualAuthenticators: true}
Session ID: b72f77d01da404d804aac650325af640">
      <![CDATA[org.openqa.selenium.NoSuchElementException: no such element: Unable to locate element: {"method":"xpath","selector":"//*[@id="dataTable"]/tbody/tr[1]/td[2]"}
  (Session info: chrome=103.0.5060.114)
For documentation on this error, please visit: https://selenium.dev/exceptions/#no_such_element
Build info: version: '4.0.0', revision: '3a21814679'
System info: host: 'DESKTOP-KMN6TAK', ip: '10.0.0.210', os.name: 'Windows 11', os.arch: 'amd64', os.version: '10.0', java.version: '11.0.15'
Driver info: org.openqa.selenium.chrome.ChromeDriver
Command: [b72f77d01da404d804aac650325af640, findElement {using=xpath, value=//*[@id="dataTable"]/tbody/tr[1]/td[2]}]
Capabilities {acceptInsecureCerts: false, browserName: chrome, browserVersion: 103.0.5060.114, chrome: {chromedriverVersion: 102.0.5005.61 (0e59bcc00cc4..., userDataDir: C:\Users\Nexsoft\AppData\Lo...}, goog:chromeOptions: {debuggerAddress: localhost:53689}, javascriptEnabled: true, networkConnectionEnabled: false, pageLoadStrategy: normal, platform: WINDOWS, platformName: WINDOWS, proxy: Proxy(), se:cdp: ws://localhost:53689/devtoo..., se:cdpVersion: 103.0.5060.114, setWindowRect: true, strictFileInteractability: false, timeouts: {implicit: 0, pageLoad: 300000, script: 30000}, unhandledPromptBehavior: dismiss and notify, webauthn:extension:credBlob: true, webauthn:extension:largeBlob: true, webauthn:virtualAuthenticators: true}
Session ID: b72f77d01da404d804aac650325af640
at org.openqa.selenium.remote.codec.w3c.W3CHttpResponseCodec.createException(W3CHttpResponseCodec.java:200)
at org.openqa.selenium.remote.codec.w3c.W3CHttpResponseCodec.decode(W3CHttpResponseCodec.java:133)
at org.openqa.selenium.remote.codec.w3c.W3CHttpResponseCodec.decode(W3CHttpResponseCodec.java:53)
at org.openqa.selenium.remote.HttpCommandExecutor.execute(HttpCommandExecutor.java:184)
at org.openqa.selenium.remote.service.DriverCommandExecutor.invokeExecute(DriverCommandExecutor.java:164)
at org.openqa.selenium.remote.service.DriverCommandExecutor.execute(DriverCommandExecutor.java:139)
at org.openqa.selenium.remote.RemoteWebDriver.execute(RemoteWebDriver.java:559)
at org.openqa.selenium.remote.ElementLocation$ElementFinder$2.findElement(ElementLocation.java:162)
at org.openqa.selenium.remote.ElementLocation.findElement(ElementLocation.java:60)
at org.openqa.selenium.remote.RemoteWebDriver.findElement(RemoteWebDriver.java:383)
at org.openqa.selenium.remote.RemoteWebDriver.findElement(RemoteWebDriver.java:375)
at pom.HRISPendingStaff.getName(HRISPendingStaff.java:670)
at pom.HRISPendingStaff.searchData(HRISPendingStaff.java:237)
at definitions.RequestStaff.PendingSPVDefine.search_data_SPV(PendingSPVDefine.java:137)
at ✽.User menjalankan search berdasarkan data di sub menu pending Supervisor(file:///D:/2022/eclipse-workspace/hris-employee/src/test/resources/features/HRISPendingMNGRNegatifTest.feature:26)
... Removed 4 stack frames]]>
    </failure>
  </testcase> <!-- runScenario -->
  <testcase classname="io.cucumber.testng.AbstractTestNGCucumberTests" name="runScenario" time="48.328"/>
  <testcase classname="io.cucumber.testng.AbstractTestNGCucumberTests" name="runScenario" time="36.896">
    <failure type="org.openqa.selenium.NoSuchElementException" message="no such element: Unable to locate element: {&amp;quot;method&amp;quot;:&amp;quot;xpath&amp;quot;,&amp;quot;selector&amp;quot;:&amp;quot;//*[@id=&amp;quot;dataTable&amp;quot;]/tbody/tr[1]/td[2]&amp;quot;}
  (Session info: chrome=103.0.5060.114)
For documentation on this error, please visit: https://selenium.dev/exceptions/#no_such_element
Build info: version: &amp;apos;4.0.0&amp;apos;, revision: &amp;apos;3a21814679&amp;apos;
System info: host: &amp;apos;DESKTOP-KMN6TAK&amp;apos;, ip: &amp;apos;10.0.0.210&amp;apos;, os.name: &amp;apos;Windows 11&amp;apos;, os.arch: &amp;apos;amd64&amp;apos;, os.version: &amp;apos;10.0&amp;apos;, java.version: &amp;apos;11.0.15&amp;apos;
Driver info: org.openqa.selenium.chrome.ChromeDriver
Command: [2d949fbbd260ccf80c52e1dd406e84bb, findElement {using=xpath, value=//*[@id=&amp;quot;dataTable&amp;quot;]/tbody/tr[1]/td[2]}]
Capabilities {acceptInsecureCerts: false, browserName: chrome, browserVersion: 103.0.5060.114, chrome: {chromedriverVersion: 102.0.5005.61 (0e59bcc00cc4..., userDataDir: C:\Users\Nexsoft\AppData\Lo...}, goog:chromeOptions: {debuggerAddress: localhost:53771}, javascriptEnabled: true, networkConnectionEnabled: false, pageLoadStrategy: normal, platform: WINDOWS, platformName: WINDOWS, proxy: Proxy(), se:cdp: ws://localhost:53771/devtoo..., se:cdpVersion: 103.0.5060.114, setWindowRect: true, strictFileInteractability: false, timeouts: {implicit: 0, pageLoad: 300000, script: 30000}, unhandledPromptBehavior: dismiss and notify, webauthn:extension:credBlob: true, webauthn:extension:largeBlob: true, webauthn:virtualAuthenticators: true}
Session ID: 2d949fbbd260ccf80c52e1dd406e84bb">
      <![CDATA[org.openqa.selenium.NoSuchElementException: no such element: Unable to locate element: {"method":"xpath","selector":"//*[@id="dataTable"]/tbody/tr[1]/td[2]"}
  (Session info: chrome=103.0.5060.114)
For documentation on this error, please visit: https://selenium.dev/exceptions/#no_such_element
Build info: version: '4.0.0', revision: '3a21814679'
System info: host: 'DESKTOP-KMN6TAK', ip: '10.0.0.210', os.name: 'Windows 11', os.arch: 'amd64', os.version: '10.0', java.version: '11.0.15'
Driver info: org.openqa.selenium.chrome.ChromeDriver
Command: [2d949fbbd260ccf80c52e1dd406e84bb, findElement {using=xpath, value=//*[@id="dataTable"]/tbody/tr[1]/td[2]}]
Capabilities {acceptInsecureCerts: false, browserName: chrome, browserVersion: 103.0.5060.114, chrome: {chromedriverVersion: 102.0.5005.61 (0e59bcc00cc4..., userDataDir: C:\Users\Nexsoft\AppData\Lo...}, goog:chromeOptions: {debuggerAddress: localhost:53771}, javascriptEnabled: true, networkConnectionEnabled: false, pageLoadStrategy: normal, platform: WINDOWS, platformName: WINDOWS, proxy: Proxy(), se:cdp: ws://localhost:53771/devtoo..., se:cdpVersion: 103.0.5060.114, setWindowRect: true, strictFileInteractability: false, timeouts: {implicit: 0, pageLoad: 300000, script: 30000}, unhandledPromptBehavior: dismiss and notify, webauthn:extension:credBlob: true, webauthn:extension:largeBlob: true, webauthn:virtualAuthenticators: true}
Session ID: 2d949fbbd260ccf80c52e1dd406e84bb
at org.openqa.selenium.remote.codec.w3c.W3CHttpResponseCodec.createException(W3CHttpResponseCodec.java:200)
at org.openqa.selenium.remote.codec.w3c.W3CHttpResponseCodec.decode(W3CHttpResponseCodec.java:133)
at org.openqa.selenium.remote.codec.w3c.W3CHttpResponseCodec.decode(W3CHttpResponseCodec.java:53)
at org.openqa.selenium.remote.HttpCommandExecutor.execute(HttpCommandExecutor.java:184)
at org.openqa.selenium.remote.service.DriverCommandExecutor.invokeExecute(DriverCommandExecutor.java:164)
at org.openqa.selenium.remote.service.DriverCommandExecutor.execute(DriverCommandExecutor.java:139)
at org.openqa.selenium.remote.RemoteWebDriver.execute(RemoteWebDriver.java:559)
at org.openqa.selenium.remote.ElementLocation$ElementFinder$2.findElement(ElementLocation.java:162)
at org.openqa.selenium.remote.ElementLocation.findElement(ElementLocation.java:60)
at org.openqa.selenium.remote.RemoteWebDriver.findElement(RemoteWebDriver.java:383)
at org.openqa.selenium.remote.RemoteWebDriver.findElement(RemoteWebDriver.java:375)
at pom.HRISPendingStaff.getName(HRISPendingStaff.java:670)
at pom.HRISPendingStaff.searchData(HRISPendingStaff.java:237)
at definitions.RequestStaff.PendingSPVDefine.search_data_SPV(PendingSPVDefine.java:137)
at ✽.User menjalankan search berdasarkan data di sub menu pending 006/PM/HRD/VII/2022(file:///D:/2022/eclipse-workspace/hris-employee/src/test/resources/features/HRISPendingMNGRNegatifTest.feature:26)
... Removed 4 stack frames]]>
    </failure>
  </testcase> <!-- runScenario -->
  <testcase classname="io.cucumber.testng.AbstractTestNGCucumberTests" name="runScenario" time="55.293"/>
  <testcase classname="io.cucumber.testng.AbstractTestNGCucumberTests" name="runScenario" time="37.598">
    <failure type="org.openqa.selenium.NoSuchElementException" message="no such element: Unable to locate element: {&amp;quot;method&amp;quot;:&amp;quot;xpath&amp;quot;,&amp;quot;selector&amp;quot;:&amp;quot;//*[@id=&amp;quot;dataTable&amp;quot;]/tbody/tr[1]/td[2]&amp;quot;}
  (Session info: chrome=103.0.5060.114)
For documentation on this error, please visit: https://selenium.dev/exceptions/#no_such_element
Build info: version: &amp;apos;4.0.0&amp;apos;, revision: &amp;apos;3a21814679&amp;apos;
System info: host: &amp;apos;DESKTOP-KMN6TAK&amp;apos;, ip: &amp;apos;10.0.0.210&amp;apos;, os.name: &amp;apos;Windows 11&amp;apos;, os.arch: &amp;apos;amd64&amp;apos;, os.version: &amp;apos;10.0&amp;apos;, java.version: &amp;apos;11.0.15&amp;apos;
Driver info: org.openqa.selenium.chrome.ChromeDriver
Command: [c3153e49f5b2724425ab2149601025dc, findElement {using=xpath, value=//*[@id=&amp;quot;dataTable&amp;quot;]/tbody/tr[1]/td[2]}]
Capabilities {acceptInsecureCerts: false, browserName: chrome, browserVersion: 103.0.5060.114, chrome: {chromedriverVersion: 102.0.5005.61 (0e59bcc00cc4..., userDataDir: C:\Users\Nexsoft\AppData\Lo...}, goog:chromeOptions: {debuggerAddress: localhost:53849}, javascriptEnabled: true, networkConnectionEnabled: false, pageLoadStrategy: normal, platform: WINDOWS, platformName: WINDOWS, proxy: Proxy(), se:cdp: ws://localhost:53849/devtoo..., se:cdpVersion: 103.0.5060.114, setWindowRect: true, strictFileInteractability: false, timeouts: {implicit: 0, pageLoad: 300000, script: 30000}, unhandledPromptBehavior: dismiss and notify, webauthn:extension:credBlob: true, webauthn:extension:largeBlob: true, webauthn:virtualAuthenticators: true}
Session ID: c3153e49f5b2724425ab2149601025dc">
      <![CDATA[org.openqa.selenium.NoSuchElementException: no such element: Unable to locate element: {"method":"xpath","selector":"//*[@id="dataTable"]/tbody/tr[1]/td[2]"}
  (Session info: chrome=103.0.5060.114)
For documentation on this error, please visit: https://selenium.dev/exceptions/#no_such_element
Build info: version: '4.0.0', revision: '3a21814679'
System info: host: 'DESKTOP-KMN6TAK', ip: '10.0.0.210', os.name: 'Windows 11', os.arch: 'amd64', os.version: '10.0', java.version: '11.0.15'
Driver info: org.openqa.selenium.chrome.ChromeDriver
Command: [c3153e49f5b2724425ab2149601025dc, findElement {using=xpath, value=//*[@id="dataTable"]/tbody/tr[1]/td[2]}]
Capabilities {acceptInsecureCerts: false, browserName: chrome, browserVersion: 103.0.5060.114, chrome: {chromedriverVersion: 102.0.5005.61 (0e59bcc00cc4..., userDataDir: C:\Users\Nexsoft\AppData\Lo...}, goog:chromeOptions: {debuggerAddress: localhost:53849}, javascriptEnabled: true, networkConnectionEnabled: false, pageLoadStrategy: normal, platform: WINDOWS, platformName: WINDOWS, proxy: Proxy(), se:cdp: ws://localhost:53849/devtoo..., se:cdpVersion: 103.0.5060.114, setWindowRect: true, strictFileInteractability: false, timeouts: {implicit: 0, pageLoad: 300000, script: 30000}, unhandledPromptBehavior: dismiss and notify, webauthn:extension:credBlob: true, webauthn:extension:largeBlob: true, webauthn:virtualAuthenticators: true}
Session ID: c3153e49f5b2724425ab2149601025dc
at org.openqa.selenium.remote.codec.w3c.W3CHttpResponseCodec.createException(W3CHttpResponseCodec.java:200)
at org.openqa.selenium.remote.codec.w3c.W3CHttpResponseCodec.decode(W3CHttpResponseCodec.java:133)
at org.openqa.selenium.remote.codec.w3c.W3CHttpResponseCodec.decode(W3CHttpResponseCodec.java:53)
at org.openqa.selenium.remote.HttpCommandExecutor.execute(HttpCommandExecutor.java:184)
at org.openqa.selenium.remote.service.DriverCommandExecutor.invokeExecute(DriverCommandExecutor.java:164)
at org.openqa.selenium.remote.service.DriverCommandExecutor.execute(DriverCommandExecutor.java:139)
at org.openqa.selenium.remote.RemoteWebDriver.execute(RemoteWebDriver.java:559)
at org.openqa.selenium.remote.ElementLocation$ElementFinder$2.findElement(ElementLocation.java:162)
at org.openqa.selenium.remote.ElementLocation.findElement(ElementLocation.java:60)
at org.openqa.selenium.remote.RemoteWebDriver.findElement(RemoteWebDriver.java:383)
at org.openqa.selenium.remote.RemoteWebDriver.findElement(RemoteWebDriver.java:375)
at pom.HRISPendingStaff.getName(HRISPendingStaff.java:670)
at pom.HRISPendingStaff.searchData(HRISPendingStaff.java:237)
at definitions.RequestStaff.PendingSPVDefine.search_data_SPV(PendingSPVDefine.java:137)
at ✽.User menjalankan search berdasarkan data di sub menu pending 50(file:///D:/2022/eclipse-workspace/hris-employee/src/test/resources/features/HRISPendingMNGRNegatifTest.feature:26)
... Removed 4 stack frames]]>
    </failure>
  </testcase> <!-- runScenario -->
  <testcase classname="io.cucumber.testng.AbstractTestNGCucumberTests" name="runScenario" time="33.666">
    <failure type="org.openqa.selenium.NoSuchElementException" message="no such element: Unable to locate element: {&amp;quot;method&amp;quot;:&amp;quot;xpath&amp;quot;,&amp;quot;selector&amp;quot;:&amp;quot;//*[@id=&amp;quot;dataTable&amp;quot;]/tbody/tr[1]/td[2]&amp;quot;}
  (Session info: chrome=103.0.5060.114)
For documentation on this error, please visit: https://selenium.dev/exceptions/#no_such_element
Build info: version: &amp;apos;4.0.0&amp;apos;, revision: &amp;apos;3a21814679&amp;apos;
System info: host: &amp;apos;DESKTOP-KMN6TAK&amp;apos;, ip: &amp;apos;10.0.0.210&amp;apos;, os.name: &amp;apos;Windows 11&amp;apos;, os.arch: &amp;apos;amd64&amp;apos;, os.version: &amp;apos;10.0&amp;apos;, java.version: &amp;apos;11.0.15&amp;apos;
Driver info: org.openqa.selenium.chrome.ChromeDriver
Command: [5b37bff2f385be7a44ad794f8aca3f5a, findElement {using=xpath, value=//*[@id=&amp;quot;dataTable&amp;quot;]/tbody/tr[1]/td[2]}]
Capabilities {acceptInsecureCerts: false, browserName: chrome, browserVersion: 103.0.5060.114, chrome: {chromedriverVersion: 102.0.5005.61 (0e59bcc00cc4..., userDataDir: C:\Users\Nexsoft\AppData\Lo...}, goog:chromeOptions: {debuggerAddress: localhost:53921}, javascriptEnabled: true, networkConnectionEnabled: false, pageLoadStrategy: normal, platform: WINDOWS, platformName: WINDOWS, proxy: Proxy(), se:cdp: ws://localhost:53921/devtoo..., se:cdpVersion: 103.0.5060.114, setWindowRect: true, strictFileInteractability: false, timeouts: {implicit: 0, pageLoad: 300000, script: 30000}, unhandledPromptBehavior: dismiss and notify, webauthn:extension:credBlob: true, webauthn:extension:largeBlob: true, webauthn:virtualAuthenticators: true}
Session ID: 5b37bff2f385be7a44ad794f8aca3f5a">
      <![CDATA[org.openqa.selenium.NoSuchElementException: no such element: Unable to locate element: {"method":"xpath","selector":"//*[@id="dataTable"]/tbody/tr[1]/td[2]"}
  (Session info: chrome=103.0.5060.114)
For documentation on this error, please visit: https://selenium.dev/exceptions/#no_such_element
Build info: version: '4.0.0', revision: '3a21814679'
System info: host: 'DESKTOP-KMN6TAK', ip: '10.0.0.210', os.name: 'Windows 11', os.arch: 'amd64', os.version: '10.0', java.version: '11.0.15'
Driver info: org.openqa.selenium.chrome.ChromeDriver
Command: [5b37bff2f385be7a44ad794f8aca3f5a, findElement {using=xpath, value=//*[@id="dataTable"]/tbody/tr[1]/td[2]}]
Capabilities {acceptInsecureCerts: false, browserName: chrome, browserVersion: 103.0.5060.114, chrome: {chromedriverVersion: 102.0.5005.61 (0e59bcc00cc4..., userDataDir: C:\Users\Nexsoft\AppData\Lo...}, goog:chromeOptions: {debuggerAddress: localhost:53921}, javascriptEnabled: true, networkConnectionEnabled: false, pageLoadStrategy: normal, platform: WINDOWS, platformName: WINDOWS, proxy: Proxy(), se:cdp: ws://localhost:53921/devtoo..., se:cdpVersion: 103.0.5060.114, setWindowRect: true, strictFileInteractability: false, timeouts: {implicit: 0, pageLoad: 300000, script: 30000}, unhandledPromptBehavior: dismiss and notify, webauthn:extension:credBlob: true, webauthn:extension:largeBlob: true, webauthn:virtualAuthenticators: true}
Session ID: 5b37bff2f385be7a44ad794f8aca3f5a
at org.openqa.selenium.remote.codec.w3c.W3CHttpResponseCodec.createException(W3CHttpResponseCodec.java:200)
at org.openqa.selenium.remote.codec.w3c.W3CHttpResponseCodec.decode(W3CHttpResponseCodec.java:133)
at org.openqa.selenium.remote.codec.w3c.W3CHttpResponseCodec.decode(W3CHttpResponseCodec.java:53)
at org.openqa.selenium.remote.HttpCommandExecutor.execute(HttpCommandExecutor.java:184)
at org.openqa.selenium.remote.service.DriverCommandExecutor.invokeExecute(DriverCommandExecutor.java:164)
at org.openqa.selenium.remote.service.DriverCommandExecutor.execute(DriverCommandExecutor.java:139)
at org.openqa.selenium.remote.RemoteWebDriver.execute(RemoteWebDriver.java:559)
at org.openqa.selenium.remote.ElementLocation$ElementFinder$2.findElement(ElementLocation.java:162)
at org.openqa.selenium.remote.ElementLocation.findElement(ElementLocation.java:60)
at org.openqa.selenium.remote.RemoteWebDriver.findElement(RemoteWebDriver.java:383)
at org.openqa.selenium.remote.RemoteWebDriver.findElement(RemoteWebDriver.java:375)
at pom.HRISPendingStaff.getName(HRISPendingStaff.java:670)
at pom.HRISPendingStaff.searchData(HRISPendingStaff.java:237)
at definitions.RequestStaff.PendingSPVDefine.search_data_SPV(PendingSPVDefine.java:137)
at ✽.User menjalankan search berdasarkan data di sub menu pending Juara Coding Tebet(file:///D:/2022/eclipse-workspace/hris-employee/src/test/resources/features/HRISPendingMNGRNegatifTest.feature:26)
... Removed 4 stack frames]]>
    </failure>
  </testcase> <!-- runScenario -->
  <testcase classname="io.cucumber.testng.AbstractTestNGCucumberTests" name="runScenario" time="48.297"/>
  <testcase classname="io.cucumber.testng.AbstractTestNGCucumberTests" name="runScenario" time="49.027"/>
  <testcase classname="io.cucumber.testng.AbstractTestNGCucumberTests" name="runScenario" time="51.268"/>
  <testcase classname="io.cucumber.testng.AbstractTestNGCucumberTests" name="runScenario" time="31.149">
    <failure type="java.lang.AssertionError" message="expected [NIK yang anda masukkan tidak ada di database] but found [Alert is Not Displayed]">
      <![CDATA[java.lang.AssertionError: expected [NIK yang anda masukkan tidak ada di database] but found [Alert is Not Displayed]
at definitions.RequestStaff.PendingSPVDefine.NIKInvalid_spesialKarakter_dan_kosong(PendingSPVDefine.java:241)
at ✽.User input tujuan, spesial karakter dan kosong NIK !!..%$^!, posisi, jumlah orang 1, mulai kerja, lokasi kerja, kota kerja, input detail lokasi Jl. Satu Dua, deskripsi pekerjaan test(file:///D:/2022/eclipse-workspace/hris-employee/src/test/resources/features/HRISPendingMNGRNegatifTest.feature:62)
... Removed 6 stack frames]]>
    </failure>
  </testcase> <!-- runScenario -->
  <testcase classname="io.cucumber.testng.AbstractTestNGCucumberTests" name="runScenario" time="33.64">
    <failure type="java.lang.AssertionError" message="expected [NIK yang anda masukkan tidak ada di database] but found [Alert is Not Displayed]">
      <![CDATA[java.lang.AssertionError: expected [NIK yang anda masukkan tidak ada di database] but found [Alert is Not Displayed]
at definitions.RequestStaff.PendingSPVDefine.NIKInvalid_spesialKarakter_dan_kosong(PendingSPVDefine.java:241)
at ✽.User input tujuan, spesial karakter dan kosong NIK , posisi, jumlah orang 1, mulai kerja, lokasi kerja, kota kerja, input detail lokasi Jl. Satu Dua, deskripsi pekerjaan test(file:///D:/2022/eclipse-workspace/hris-employee/src/test/resources/features/HRISPendingMNGRNegatifTest.feature:62)
... Removed 6 stack frames]]>
    </failure>
  </testcase> <!-- runScenario -->
  <testcase classname="io.cucumber.testng.AbstractTestNGCucumberTests" name="runScenario" time="58.628"/>
  <testcase classname="io.cucumber.testng.AbstractTestNGCucumberTests" name="runScenario" time="49.18"/>
  <testcase classname="io.cucumber.testng.AbstractTestNGCucumberTests" name="runScenario" time="46.958"/>
  <testcase classname="io.cucumber.testng.AbstractTestNGCucumberTests" name="runScenario" time="38.19">
    <failure type="java.lang.AssertionError" message="expected [The jumlah orang field is required.] but found [Alert is Not Displayed]">
      <![CDATA[java.lang.AssertionError: expected [The jumlah orang field is required.] but found [Alert is Not Displayed]
at definitions.RequestStaff.PendingSPVDefine.input_form_Detail_jumlahOrang_0(PendingSPVDefine.java:299)
at ✽.User input tujuan, NIK D6180209, posisi, input jumlah orang dengan angka 0 0, mulai kerja, lokasi kerja, kota kerja, input detail lokasi Jl. Satu Dua, deskripsi pekerjaan test(file:///D:/2022/eclipse-workspace/hris-employee/src/test/resources/features/HRISPendingMNGRNegatifTest.feature:96)
... Removed 6 stack frames]]>
    </failure>
  </testcase> <!-- runScenario -->
  <testcase classname="io.cucumber.testng.AbstractTestNGCucumberTests" name="runScenario" time="53.674"/>
  <testcase classname="io.cucumber.testng.AbstractTestNGCucumberTests" name="runScenario" time="51.599"/>
  <testcase classname="io.cucumber.testng.AbstractTestNGCucumberTests" name="runScenario" time="34.81">
    <failure type="java.lang.AssertionError" message="expected [Karyawan ini sudah pernah diganti. Mohon ajukan karyawan yang lain.] but found [Alert is Not Displayed]">
      <![CDATA[java.lang.AssertionError: expected [Karyawan ini sudah pernah diganti. Mohon ajukan karyawan yang lain.] but found [Alert is Not Displayed]
at definitions.RequestStaff.PendingSPVDefine.Nikterdaftar(PendingSPVDefine.java:217)
at ✽.User input tujuan, NIK D6180209, posisi, jumlah orang 1, mulai kerja, lokasi kerja, kota kerja, input detail lokasi Jl. Satu Dua, deskripsi pekerjaan test(file:///D:/2022/eclipse-workspace/hris-employee/src/test/resources/features/HRISPendingMNGR.feature:153)
... Removed 6 stack frames]]>
    </failure>
  </testcase> <!-- runScenario -->
  <testcase classname="io.cucumber.testng.AbstractTestNGCucumberTests" name="runScenario" time="51.476"/>
  <testcase classname="io.cucumber.testng.AbstractTestNGCucumberTests" name="runScenario" time="52.27"/>
  <testcase classname="io.cucumber.testng.AbstractTestNGCucumberTests" name="runScenario" time="50.954"/>
  <testcase classname="io.cucumber.testng.AbstractTestNGCucumberTests" name="runScenario" time="55.419"/>
  <testcase classname="io.cucumber.testng.AbstractTestNGCucumberTests" name="runScenario" time="49.059"/>
  <testcase classname="io.cucumber.testng.AbstractTestNGCucumberTests" name="runScenario" time="51.732"/>
  <testcase classname="io.cucumber.testng.AbstractTestNGCucumberTests" name="runScenario" time="49.081"/>
  <testcase classname="io.cucumber.testng.AbstractTestNGCucumberTests" name="runScenario" time="50.743"/>
  <testcase classname="io.cucumber.testng.AbstractTestNGCucumberTests" name="runScenario" time="56.19"/>
  <testcase classname="io.cucumber.testng.AbstractTestNGCucumberTests" name="runScenario" time="46.551"/>
  <testcase classname="io.cucumber.testng.AbstractTestNGCucumberTests" name="runScenario" time="45.894"/>
  <testcase classname="io.cucumber.testng.AbstractTestNGCucumberTests" name="runScenario" time="46.117"/>
  <testcase classname="io.cucumber.testng.AbstractTestNGCucumberTests" name="runScenario" time="42.57"/>
  <testcase classname="io.cucumber.testng.AbstractTestNGCucumberTests" name="runScenario" time="43.678"/>
  <testcase classname="io.cucumber.testng.AbstractTestNGCucumberTests" name="runScenario" time="26.058">
    <failure type="java.lang.AssertionError" message="expected [Karyawan ini sudah pernah diganti. Mohon ajukan karyawan yang lain.] but found [Alert is Not Displayed]">
      <![CDATA[java.lang.AssertionError: expected [Karyawan ini sudah pernah diganti. Mohon ajukan karyawan yang lain.] but found [Alert is Not Displayed]
at definitions.RequestStaff.PendingSPVDefine.Nikterdaftar(PendingSPVDefine.java:217)
at ✽.User input tujuan, NIK D6180209, posisi, jumlah orang 1, mulai kerja, lokasi kerja, kota kerja, input detail lokasi Jl. Satu Dua, deskripsi pekerjaan test(file:///D:/2022/eclipse-workspace/hris-employee/src/test/resources/features/HRISPendingMNGR.feature:276)
... Removed 6 stack frames]]>
    </failure>
  </testcase> <!-- runScenario -->
  <testcase classname="io.cucumber.testng.AbstractTestNGCucumberTests" name="runScenario" time="344.018">
    <failure type="org.openqa.selenium.TimeoutException" message="java.util.concurrent.TimeoutException
Build info: version: &amp;apos;4.0.0&amp;apos;, revision: &amp;apos;3a21814679&amp;apos;
System info: host: &amp;apos;DESKTOP-KMN6TAK&amp;apos;, ip: &amp;apos;10.0.0.210&amp;apos;, os.name: &amp;apos;Windows 11&amp;apos;, os.arch: &amp;apos;amd64&amp;apos;, os.version: &amp;apos;10.0&amp;apos;, java.version: &amp;apos;11.0.15&amp;apos;
Driver info: org.openqa.selenium.chrome.ChromeDriver
Command: [0dd3b05eccad2af5654f11c1be9d5568, clickElement {id=1440b991-5fcb-41bf-894b-2437ccf789b8}]
Capabilities {acceptInsecureCerts: false, browserName: chrome, browserVersion: 103.0.5060.114, chrome: {chromedriverVersion: 102.0.5005.61 (0e59bcc00cc4..., userDataDir: C:\Users\Nexsoft\AppData\Lo...}, goog:chromeOptions: {debuggerAddress: localhost:54805}, javascriptEnabled: true, networkConnectionEnabled: false, pageLoadStrategy: normal, platform: WINDOWS, platformName: WINDOWS, proxy: Proxy(), se:cdp: ws://localhost:54805/devtoo..., se:cdpVersion: 103.0.5060.114, setWindowRect: true, strictFileInteractability: false, timeouts: {implicit: 0, pageLoad: 300000, script: 30000}, unhandledPromptBehavior: dismiss and notify, webauthn:extension:credBlob: true, webauthn:extension:largeBlob: true, webauthn:virtualAuthenticators: true}
Element: [[ChromeDriver: chrome on WINDOWS (0dd3b05eccad2af5654f11c1be9d5568)] -&amp;gt; xpath: //button[normalize-space()=&amp;apos;Kirim&amp;apos;]]
Session ID: 0dd3b05eccad2af5654f11c1be9d5568">
      <![CDATA[org.openqa.selenium.TimeoutException: java.util.concurrent.TimeoutException
Build info: version: '4.0.0', revision: '3a21814679'
System info: host: 'DESKTOP-KMN6TAK', ip: '10.0.0.210', os.name: 'Windows 11', os.arch: 'amd64', os.version: '10.0', java.version: '11.0.15'
Driver info: org.openqa.selenium.chrome.ChromeDriver
Command: [0dd3b05eccad2af5654f11c1be9d5568, clickElement {id=1440b991-5fcb-41bf-894b-2437ccf789b8}]
Capabilities {acceptInsecureCerts: false, browserName: chrome, browserVersion: 103.0.5060.114, chrome: {chromedriverVersion: 102.0.5005.61 (0e59bcc00cc4..., userDataDir: C:\Users\Nexsoft\AppData\Lo...}, goog:chromeOptions: {debuggerAddress: localhost:54805}, javascriptEnabled: true, networkConnectionEnabled: false, pageLoadStrategy: normal, platform: WINDOWS, platformName: WINDOWS, proxy: Proxy(), se:cdp: ws://localhost:54805/devtoo..., se:cdpVersion: 103.0.5060.114, setWindowRect: true, strictFileInteractability: false, timeouts: {implicit: 0, pageLoad: 300000, script: 30000}, unhandledPromptBehavior: dismiss and notify, webauthn:extension:credBlob: true, webauthn:extension:largeBlob: true, webauthn:virtualAuthenticators: true}
Element: [[ChromeDriver: chrome on WINDOWS (0dd3b05eccad2af5654f11c1be9d5568)] -> xpath: //button[normalize-space()='Kirim']]
Session ID: 0dd3b05eccad2af5654f11c1be9d5568
at org.openqa.selenium.remote.http.netty.NettyHttpHandler.makeCall(NettyHttpHandler.java:72)
at org.openqa.selenium.remote.http.AddSeleniumUserAgent.lambda$apply$0(AddSeleniumUserAgent.java:42)
at org.openqa.selenium.remote.http.Filter.lambda$andFinally$1(Filter.java:56)
at org.openqa.selenium.remote.http.netty.NettyHttpHandler.execute(NettyHttpHandler.java:51)
at org.openqa.selenium.remote.http.AddSeleniumUserAgent.lambda$apply$0(AddSeleniumUserAgent.java:42)
at org.openqa.selenium.remote.http.Filter.lambda$andFinally$1(Filter.java:56)
at org.openqa.selenium.remote.http.netty.NettyClient.execute(NettyClient.java:119)
at org.openqa.selenium.remote.HttpCommandExecutor.execute(HttpCommandExecutor.java:181)
at org.openqa.selenium.remote.service.DriverCommandExecutor.invokeExecute(DriverCommandExecutor.java:164)
at org.openqa.selenium.remote.service.DriverCommandExecutor.execute(DriverCommandExecutor.java:139)
at org.openqa.selenium.remote.RemoteWebDriver.execute(RemoteWebDriver.java:559)
at org.openqa.selenium.remote.RemoteWebElement.execute(RemoteWebElement.java:251)
at org.openqa.selenium.remote.RemoteWebElement.click(RemoteWebElement.java:77)
at org.openqa.selenium.support.pagefactory.internal.LocatingElementHandler.invoke(LocatingElementHandler.java:52)
at com.sun.proxy.$Proxy28.click(Unknown Source)
at definitions.RequestStaff.PendingSPVDefine.user_klik_tombol_kirim(PendingSPVDefine.java:1439)
at ✽.User klik tombol kirim(file:///D:/2022/eclipse-workspace/hris-employee/src/test/resources/features/HRISPendingMNGRNegatifTest.feature:166)
Caused by: java.util.concurrent.TimeoutException
at java.base/java.util.concurrent.CompletableFuture.timedGet(CompletableFuture.java:1886)
at java.base/java.util.concurrent.CompletableFuture.get(CompletableFuture.java:2021)
at org.asynchttpclient.netty.NettyResponseFuture.get(NettyResponseFuture.java:206)
at org.openqa.selenium.remote.http.netty.NettyHttpHandler.makeCall(NettyHttpHandler.java:66)
at org.openqa.selenium.remote.http.AddSeleniumUserAgent.lambda$apply$0(AddSeleniumUserAgent.java:42)
at org.openqa.selenium.remote.http.Filter.lambda$andFinally$1(Filter.java:56)
at org.openqa.selenium.remote.http.netty.NettyHttpHandler.execute(NettyHttpHandler.java:51)
at org.openqa.selenium.remote.http.AddSeleniumUserAgent.lambda$apply$0(AddSeleniumUserAgent.java:42)
at org.openqa.selenium.remote.http.Filter.lambda$andFinally$1(Filter.java:56)
at org.openqa.selenium.remote.http.netty.NettyClient.execute(NettyClient.java:119)
at org.openqa.selenium.remote.HttpCommandExecutor.execute(HttpCommandExecutor.java:181)
at org.openqa.selenium.remote.service.DriverCommandExecutor.invokeExecute(DriverCommandExecutor.java:164)
at org.openqa.selenium.remote.service.DriverCommandExecutor.execute(DriverCommandExecutor.java:139)
at org.openqa.selenium.remote.RemoteWebDriver.execute(RemoteWebDriver.java:559)
at org.openqa.selenium.remote.RemoteWebElement.execute(RemoteWebElement.java:251)
at org.openqa.selenium.remote.RemoteWebElement.click(RemoteWebElement.java:77)
at org.openqa.selenium.support.pagefactory.internal.LocatingElementHandler.invoke(LocatingElementHandler.java:52)
at com.sun.proxy.$Proxy28.click(Unknown Source)
at definitions.RequestStaff.PendingSPVDefine.user_klik_tombol_kirim(PendingSPVDefine.java:1439)
at io.cucumber.java.Invoker.doInvoke(Invoker.java:66)
at io.cucumber.java.Invoker.invoke(Invoker.java:24)
at io.cucumber.java.AbstractGlueDefinition.invokeMethod(AbstractGlueDefinition.java:47)
at io.cucumber.java.JavaStepDefinition.execute(JavaStepDefinition.java:29)
at io.cucumber.core.runner.CoreStepDefinition.execute(CoreStepDefinition.java:66)
at io.cucumber.core.runner.PickleStepDefinitionMatch.runStep(PickleStepDefinitionMatch.java:63)
at io.cucumber.core.runner.ExecutionMode$1.execute(ExecutionMode.java:10)
at io.cucumber.core.runner.TestStep.executeStep(TestStep.java:85)
at io.cucumber.core.runner.TestStep.run(TestStep.java:57)
at io.cucumber.core.runner.PickleStepTestStep.run(PickleStepTestStep.java:51)
at io.cucumber.core.runner.TestCase.run(TestCase.java:84)
at io.cucumber.core.runner.Runner.runPickle(Runner.java:75)
at io.cucumber.testng.TestNGCucumberRunner.lambda$runScenario$1(TestNGCucumberRunner.java:132)
at io.cucumber.core.runtime.CucumberExecutionContext.lambda$runTestCase$5(CucumberExecutionContext.java:129)
at io.cucumber.core.runtime.RethrowingThrowableCollector.executeAndThrow(RethrowingThrowableCollector.java:23)
at io.cucumber.core.runtime.CucumberExecutionContext.runTestCase(CucumberExecutionContext.java:129)
at io.cucumber.testng.TestNGCucumberRunner.runScenario(TestNGCucumberRunner.java:129)
at io.cucumber.testng.AbstractTestNGCucumberTests.runScenario(AbstractTestNGCucumberTests.java:35)
at java.base/java.util.concurrent.ThreadPoolExecutor.runWorker(ThreadPoolExecutor.java:1128)
at java.base/java.util.concurrent.ThreadPoolExecutor$Worker.run(ThreadPoolExecutor.java:628)
at java.base/java.lang.Thread.run(Thread.java:834)
... Removed 20 stack frames]]>
    </failure>
  </testcase> <!-- runScenario -->
  <testcase classname="io.cucumber.testng.AbstractTestNGCucumberTests" name="runScenario" time="49.563"/>
  <testcase classname="io.cucumber.testng.AbstractTestNGCucumberTests" name="runScenario" time="53.434"/>
  <testcase classname="io.cucumber.testng.AbstractTestNGCucumberTests" name="runScenario" time="53.611"/>
  <testcase classname="io.cucumber.testng.AbstractTestNGCucumberTests" name="runScenario" time="53.321"/>
  <testcase classname="io.cucumber.testng.AbstractTestNGCucumberTests" name="runScenario" time="56.077"/>
  <testcase classname="io.cucumber.testng.AbstractTestNGCucumberTests" name="runScenario" time="57.277"/>
  <testcase classname="io.cucumber.testng.AbstractTestNGCucumberTests" name="runScenario" time="59.478"/>
  <testcase classname="io.cucumber.testng.AbstractTestNGCucumberTests" name="runScenario" time="54.714"/>
  <testcase classname="io.cucumber.testng.AbstractTestNGCucumberTests" name="runScenario" time="56.129"/>
  <testcase classname="io.cucumber.testng.AbstractTestNGCucumberTests" name="runScenario" time="56.249"/>
  <testcase classname="io.cucumber.testng.AbstractTestNGCucumberTests" name="runScenario" time="57.184"/>
  <testcase classname="io.cucumber.testng.AbstractTestNGCucumberTests" name="runScenario" time="52.777"/>
  <testcase classname="io.cucumber.testng.AbstractTestNGCucumberTests" name="runScenario" time="62.143"/>
  <testcase classname="io.cucumber.testng.AbstractTestNGCucumberTests" name="runScenario" time="47.893">
    <failure type="java.lang.AssertionError" message="expected [Umur awal tidak boleh lebih besar dari batas umur.] but found [Alert is Not Displayed]">
      <![CDATA[java.lang.AssertionError: expected [Umur awal tidak boleh lebih besar dari batas umur.] but found [Alert is Not Displayed]
at definitions.RequestStaff.PendingSPVDefine.inputBatasUmurLebihKecil(PendingSPVDefine.java:563)
at ✽.User melakukan tambah field kualifikasi jenis kelamin, umur awal 26 lebih besar dibanding batas umur 20, pendidikan, status perkawinan, kualifikasi lainnya skill(file:///D:/2022/eclipse-workspace/hris-employee/src/test/resources/features/HRISPendingMNGRNegatifTest.feature:255)
... Removed 6 stack frames]]>
    </failure>
  </testcase> <!-- runScenario -->
  <testcase classname="io.cucumber.testng.AbstractTestNGCucumberTests" name="runScenario" time="55.962"/>
  <testcase classname="io.cucumber.testng.AbstractTestNGCucumberTests" name="runScenario" time="59.997"/>
  <testcase classname="io.cucumber.testng.AbstractTestNGCucumberTests" name="runScenario" time="32.529">
    <failure type="java.lang.AssertionError" message="expected [Karyawan ini sudah pernah diganti. Mohon ajukan karyawan yang lain.] but found [Alert is Not Displayed]">
      <![CDATA[java.lang.AssertionError: expected [Karyawan ini sudah pernah diganti. Mohon ajukan karyawan yang lain.] but found [Alert is Not Displayed]
at definitions.RequestStaff.PendingSPVDefine.Nikterdaftar(PendingSPVDefine.java:217)
at ✽.User input tujuan, NIK D6180209, posisi, jumlah orang 1, mulai kerja, lokasi kerja, kota kerja, input detail lokasi Jl. Satu Dua, deskripsi pekerjaan test(file:///D:/2022/eclipse-workspace/hris-employee/src/test/resources/features/HRISPendingMNGR.feature:377)
... Removed 6 stack frames]]>
    </failure>
  </testcase> <!-- runScenario -->
  <testcase classname="io.cucumber.testng.AbstractTestNGCucumberTests" name="runScenario" time="32.409">
    <failure type="java.lang.AssertionError" message="expected [Karyawan ini sudah pernah diganti. Mohon ajukan karyawan yang lain.] but found [Alert is Not Displayed]">
      <![CDATA[java.lang.AssertionError: expected [Karyawan ini sudah pernah diganti. Mohon ajukan karyawan yang lain.] but found [Alert is Not Displayed]
at definitions.RequestStaff.PendingSPVDefine.Nikterdaftar(PendingSPVDefine.java:217)
at ✽.User input tujuan, NIK D6180209, posisi, jumlah orang 1, mulai kerja, lokasi kerja, kota kerja, input detail lokasi Jl. Satu Dua, deskripsi pekerjaan test(file:///D:/2022/eclipse-workspace/hris-employee/src/test/resources/features/HRISPendingMNGRNegatifTest.feature:287)
... Removed 6 stack frames]]>
    </failure>
  </testcase> <!-- runScenario -->
  <testcase classname="io.cucumber.testng.AbstractTestNGCucumberTests" name="runScenario" time="33.612">
    <failure type="java.lang.AssertionError" message="expected [Karyawan ini sudah pernah diganti. Mohon ajukan karyawan yang lain.] but found [Alert is Not Displayed]">
      <![CDATA[java.lang.AssertionError: expected [Karyawan ini sudah pernah diganti. Mohon ajukan karyawan yang lain.] but found [Alert is Not Displayed]
at definitions.RequestStaff.PendingSPVDefine.Nikterdaftar(PendingSPVDefine.java:217)
at ✽.User input tujuan, NIK D6180209, posisi, jumlah orang 1, mulai kerja, lokasi kerja, kota kerja, input detail lokasi Jl. Satu Dua, deskripsi pekerjaan test(file:///D:/2022/eclipse-workspace/hris-employee/src/test/resources/features/HRISPendingMNGRNegatifTest.feature:304)
... Removed 6 stack frames]]>
    </failure>
  </testcase> <!-- runScenario -->
  <testcase classname="io.cucumber.testng.AbstractTestNGCucumberTests" name="runScenario" time="65.428"/>
  <testcase classname="io.cucumber.testng.AbstractTestNGCucumberTests" name="runScenario" time="33.781">
    <failure type="java.lang.AssertionError" message="expected [Karyawan ini sudah pernah diganti. Mohon ajukan karyawan yang lain.] but found [Alert is Not Displayed]">
      <![CDATA[java.lang.AssertionError: expected [Karyawan ini sudah pernah diganti. Mohon ajukan karyawan yang lain.] but found [Alert is Not Displayed]
at definitions.RequestStaff.PendingSPVDefine.Nikterdaftar(PendingSPVDefine.java:217)
at ✽.User input tujuan, NIK D6180209, posisi, jumlah orang 1, mulai kerja, lokasi kerja, kota kerja, input detail lokasi Jl. Satu Dua, deskripsi pekerjaan test(file:///D:/2022/eclipse-workspace/hris-employee/src/test/resources/features/HRISPendingMNGRNegatifTest.feature:324)
... Removed 6 stack frames]]>
    </failure>
  </testcase> <!-- runScenario -->
  <testcase classname="io.cucumber.testng.AbstractTestNGCucumberTests" name="runScenario" time="42.448">
    <failure type="java.lang.AssertionError" message="expected [Karyawan ini sudah pernah diganti. Mohon ajukan karyawan yang lain.] but found [Alert is Not Displayed]">
      <![CDATA[java.lang.AssertionError: expected [Karyawan ini sudah pernah diganti. Mohon ajukan karyawan yang lain.] but found [Alert is Not Displayed]
at definitions.RequestStaff.PendingSPVDefine.Nikterdaftar(PendingSPVDefine.java:217)
at ✽.User input tujuan, NIK D6180209, posisi, jumlah orang 1, mulai kerja, lokasi kerja, kota kerja, input detail lokasi Jl. Satu Dua, deskripsi pekerjaan test(file:///D:/2022/eclipse-workspace/hris-employee/src/test/resources/features/HRISPendingMNGR.feature:394)
... Removed 6 stack frames]]>
    </failure>
  </testcase> <!-- runScenario -->
  <testcase classname="io.cucumber.testng.AbstractTestNGCucumberTests" name="runScenario" time="41.876">
    <failure type="java.lang.AssertionError" message="expected [Karyawan ini sudah pernah diganti. Mohon ajukan karyawan yang lain.] but found [Alert is Not Displayed]">
      <![CDATA[java.lang.AssertionError: expected [Karyawan ini sudah pernah diganti. Mohon ajukan karyawan yang lain.] but found [Alert is Not Displayed]
at definitions.RequestStaff.PendingSPVDefine.Nikterdaftar(PendingSPVDefine.java:217)
at ✽.User input tujuan, NIK D6180209, posisi, jumlah orang 1, mulai kerja, lokasi kerja, kota kerja, input detail lokasi Jl. Satu Dua, deskripsi pekerjaan test(file:///D:/2022/eclipse-workspace/hris-employee/src/test/resources/features/HRISPendingMNGR.feature:394)
... Removed 6 stack frames]]>
    </failure>
  </testcase> <!-- runScenario -->
  <testcase classname="io.cucumber.testng.AbstractTestNGCucumberTests" name="runScenario" time="62.106">
    <failure type="java.lang.AssertionError" message="expected [input tidak boleh melebihi 12 dan 2 digit angka] but found [Alert is Not Displayed]">
      <![CDATA[java.lang.AssertionError: expected [input tidak boleh melebihi 12 dan 2 digit angka] but found [Alert is Not Displayed]
at definitions.RequestStaff.PendingSPVDefine.StatusKaryawanPKWTinputBulan(PendingSPVDefine.java:767)
at ✽.User melengkapi status karyawan, memilih status karyawan PKWT, input bulan > 12, bulan > 2 digit angka 134, tahun 1, masa percobaan 4, golongan, gaji 1000, asuransi, tunjangan jabatan 500, tunjangan transportasi 300, tunjangan komunikasi 200, note satu dua(file:///D:/2022/eclipse-workspace/hris-employee/src/test/resources/features/HRISPendingMNGRNegatifTest.feature:326)
... Removed 6 stack frames]]>
    </failure>
  </testcase> <!-- runScenario -->
  <testcase classname="io.cucumber.testng.AbstractTestNGCucumberTests" name="runScenario" time="36.515">
    <failure type="java.lang.AssertionError" message="expected [Karyawan ini sudah pernah diganti. Mohon ajukan karyawan yang lain.] but found [Alert is Not Displayed]">
      <![CDATA[java.lang.AssertionError: expected [Karyawan ini sudah pernah diganti. Mohon ajukan karyawan yang lain.] but found [Alert is Not Displayed]
at definitions.RequestStaff.PendingSPVDefine.Nikterdaftar(PendingSPVDefine.java:217)
at ✽.User input tujuan, NIK D6180209, posisi, jumlah orang 1, mulai kerja, lokasi kerja, kota kerja, input detail lokasi Jl. Satu Dua, deskripsi pekerjaan test(file:///D:/2022/eclipse-workspace/hris-employee/src/test/resources/features/HRISPendingMNGRNegatifTest.feature:341)
... Removed 6 stack frames]]>
    </failure>
  </testcase> <!-- runScenario -->
  <testcase classname="io.cucumber.testng.AbstractTestNGCucumberTests" name="runScenario" time="61.576"/>
  <testcase classname="io.cucumber.testng.AbstractTestNGCucumberTests" name="runScenario" time="38.372">
    <failure type="java.lang.AssertionError" message="expected [Karyawan ini sudah pernah diganti. Mohon ajukan karyawan yang lain.] but found [Alert is Not Displayed]">
      <![CDATA[java.lang.AssertionError: expected [Karyawan ini sudah pernah diganti. Mohon ajukan karyawan yang lain.] but found [Alert is Not Displayed]
at definitions.RequestStaff.PendingSPVDefine.Nikterdaftar(PendingSPVDefine.java:217)
at ✽.User input tujuan, NIK D6180209, posisi, jumlah orang 1, mulai kerja, lokasi kerja, kota kerja, input detail lokasi Jl. Satu Dua, deskripsi pekerjaan test(file:///D:/2022/eclipse-workspace/hris-employee/src/test/resources/features/HRISPendingMNGR.feature:427)
... Removed 6 stack frames]]>
    </failure>
  </testcase> <!-- runScenario -->
  <testcase classname="io.cucumber.testng.AbstractTestNGCucumberTests" name="runScenario" time="73.961"/>
  <testcase classname="io.cucumber.testng.AbstractTestNGCucumberTests" name="runScenario" time="41.33">
    <failure type="java.lang.AssertionError" message="expected [Karyawan ini sudah pernah diganti. Mohon ajukan karyawan yang lain.] but found [Alert is Not Displayed]">
      <![CDATA[java.lang.AssertionError: expected [Karyawan ini sudah pernah diganti. Mohon ajukan karyawan yang lain.] but found [Alert is Not Displayed]
at definitions.RequestStaff.PendingSPVDefine.Nikterdaftar(PendingSPVDefine.java:217)
at ✽.User input tujuan, NIK D6180209, posisi, jumlah orang 1, mulai kerja, lokasi kerja, kota kerja, input detail lokasi Jl. Satu Dua, deskripsi pekerjaan test(file:///D:/2022/eclipse-workspace/hris-employee/src/test/resources/features/HRISPendingMNGR.feature:444)
... Removed 6 stack frames]]>
    </failure>
  </testcase> <!-- runScenario -->
  <testcase classname="io.cucumber.testng.AbstractTestNGCucumberTests" name="runScenario" time="35.79">
    <failure type="java.lang.AssertionError" message="expected [Karyawan ini sudah pernah diganti. Mohon ajukan karyawan yang lain.] but found [Alert is Not Displayed]">
      <![CDATA[java.lang.AssertionError: expected [Karyawan ini sudah pernah diganti. Mohon ajukan karyawan yang lain.] but found [Alert is Not Displayed]
at definitions.RequestStaff.PendingSPVDefine.Nikterdaftar(PendingSPVDefine.java:217)
at ✽.User input tujuan, NIK D6180209, posisi, jumlah orang 1, mulai kerja, lokasi kerja, kota kerja, input detail lokasi Jl. Satu Dua, deskripsi pekerjaan test(file:///D:/2022/eclipse-workspace/hris-employee/src/test/resources/features/HRISPendingMNGR.feature:461)
... Removed 6 stack frames]]>
    </failure>
  </testcase> <!-- runScenario -->
  <testcase classname="io.cucumber.testng.AbstractTestNGCucumberTests" name="runScenario" time="66.492"/>
  <testcase classname="io.cucumber.testng.AbstractTestNGCucumberTests" name="runScenario" time="62.087"/>
  <testcase classname="io.cucumber.testng.AbstractTestNGCucumberTests" name="runScenario" time="68.704"/>
  <testcase classname="io.cucumber.testng.AbstractTestNGCucumberTests" name="runScenario" time="58.148"/>
  <testcase classname="io.cucumber.testng.AbstractTestNGCucumberTests" name="runScenario" time="63.749"/>
  <testcase classname="io.cucumber.testng.AbstractTestNGCucumberTests" name="runScenario" time="54.026"/>
  <testcase classname="io.cucumber.testng.AbstractTestNGCucumberTests" name="runScenario" time="60.787"/>
  <testcase classname="io.cucumber.testng.AbstractTestNGCucumberTests" name="runScenario" time="36.471">
    <failure type="java.lang.AssertionError" message="expected [Karyawan ini sudah pernah diganti. Mohon ajukan karyawan yang lain.] but found [Alert is Not Displayed]">
      <![CDATA[java.lang.AssertionError: expected [Karyawan ini sudah pernah diganti. Mohon ajukan karyawan yang lain.] but found [Alert is Not Displayed]
at definitions.RequestStaff.PendingSPVDefine.Nikterdaftar(PendingSPVDefine.java:217)
at ✽.User input tujuan, NIK D6180209, posisi, jumlah orang 1, mulai kerja, lokasi kerja, kota kerja, input detail lokasi Jl. Satu Dua, deskripsi pekerjaan test(file:///D:/2022/eclipse-workspace/hris-employee/src/test/resources/features/HRISPendingMNGRNegatifTest.feature:381)
... Removed 6 stack frames]]>
    </failure>
  </testcase> <!-- runScenario -->
  <testcase classname="io.cucumber.testng.AbstractTestNGCucumberTests" name="runScenario" time="66.243"/>
  <testcase classname="io.cucumber.testng.AbstractTestNGCucumberTests" name="runScenario" time="54.24">
    <failure type="java.lang.AssertionError" message="expected [input tidak boleh melebihi 12 dan 2 digit angka] but found [Alert is Not Displayed]">
      <![CDATA[java.lang.AssertionError: expected [input tidak boleh melebihi 12 dan 2 digit angka] but found [Alert is Not Displayed]
at definitions.RequestStaff.PendingSPVDefine.StatusKaryawanMaganginputBulan(PendingSPVDefine.java:864)
at ✽.User melengkapi status karyawan, pilih karyawan Magang, input bulan > 12, bulan > 2 digit angka 134, tahun 1, masa percobaan 4, golongan, gaji 1000, asuransi, tunjangan jabatan 500, tunjangan transportasi 300, tunjangan komunikasi 200, note satu dua(file:///D:/2022/eclipse-workspace/hris-employee/src/test/resources/features/HRISPendingMNGRNegatifTest.feature:383)
... Removed 6 stack frames]]>
    </failure>
  </testcase> <!-- runScenario -->
  <testcase classname="io.cucumber.testng.AbstractTestNGCucumberTests" name="runScenario" time="35.19">
    <failure type="java.lang.AssertionError" message="expected [Karyawan ini sudah pernah diganti. Mohon ajukan karyawan yang lain.] but found [Alert is Not Displayed]">
      <![CDATA[java.lang.AssertionError: expected [Karyawan ini sudah pernah diganti. Mohon ajukan karyawan yang lain.] but found [Alert is Not Displayed]
at definitions.RequestStaff.PendingSPVDefine.Nikterdaftar(PendingSPVDefine.java:217)
at ✽.User input tujuan, NIK D6180209, posisi, jumlah orang 1, mulai kerja, lokasi kerja, kota kerja, input detail lokasi Jl. Satu Dua, deskripsi pekerjaan test(file:///D:/2022/eclipse-workspace/hris-employee/src/test/resources/features/HRISPendingMNGR.feature:529)
... Removed 6 stack frames]]>
    </failure>
  </testcase> <!-- runScenario -->
  <testcase classname="io.cucumber.testng.AbstractTestNGCucumberTests" name="runScenario" time="69.052"/>
  <testcase classname="io.cucumber.testng.AbstractTestNGCucumberTests" name="runScenario" time="62.412"/>
  <testcase classname="io.cucumber.testng.AbstractTestNGCucumberTests" name="runScenario" time="39.851">
    <failure type="java.lang.AssertionError" message="expected [Karyawan ini sudah pernah diganti. Mohon ajukan karyawan yang lain.] but found [Alert is Not Displayed]">
      <![CDATA[java.lang.AssertionError: expected [Karyawan ini sudah pernah diganti. Mohon ajukan karyawan yang lain.] but found [Alert is Not Displayed]
at definitions.RequestStaff.PendingSPVDefine.Nikterdaftar(PendingSPVDefine.java:217)
at ✽.User input tujuan, NIK D6180209, posisi, jumlah orang 1, mulai kerja, lokasi kerja, kota kerja, input detail lokasi Jl. Satu Dua, deskripsi pekerjaan test(file:///D:/2022/eclipse-workspace/hris-employee/src/test/resources/features/HRISPendingMNGRNegatifTest.feature:398)
... Removed 6 stack frames]]>
    </failure>
  </testcase> <!-- runScenario -->
  <testcase classname="io.cucumber.testng.AbstractTestNGCucumberTests" name="runScenario" time="41.022">
    <failure type="java.lang.AssertionError" message="expected [Karyawan ini sudah pernah diganti. Mohon ajukan karyawan yang lain.] but found [Alert is Not Displayed]">
      <![CDATA[java.lang.AssertionError: expected [Karyawan ini sudah pernah diganti. Mohon ajukan karyawan yang lain.] but found [Alert is Not Displayed]
at definitions.RequestStaff.PendingSPVDefine.Nikterdaftar(PendingSPVDefine.java:217)
at ✽.User input tujuan, NIK D6180209, posisi, jumlah orang 1, mulai kerja, lokasi kerja, kota kerja, input detail lokasi Jl. Satu Dua, deskripsi pekerjaan test(file:///D:/2022/eclipse-workspace/hris-employee/src/test/resources/features/HRISPendingMNGR.feature:548)
... Removed 6 stack frames]]>
    </failure>
  </testcase> <!-- runScenario -->
  <testcase classname="io.cucumber.testng.AbstractTestNGCucumberTests" name="runScenario" time="47.925">
    <failure type="java.lang.AssertionError" message="expected [Karyawan ini sudah pernah diganti. Mohon ajukan karyawan yang lain.] but found [Alert is Not Displayed]">
      <![CDATA[java.lang.AssertionError: expected [Karyawan ini sudah pernah diganti. Mohon ajukan karyawan yang lain.] but found [Alert is Not Displayed]
at definitions.RequestStaff.PendingSPVDefine.Nikterdaftar(PendingSPVDefine.java:217)
at ✽.User input tujuan, NIK D6180209, posisi, jumlah orang 1, mulai kerja, lokasi kerja, kota kerja, input detail lokasi Jl. Satu Dua, deskripsi pekerjaan test(file:///D:/2022/eclipse-workspace/hris-employee/src/test/resources/features/HRISPendingMNGRNegatifTest.feature:398)
... Removed 6 stack frames]]>
    </failure>
  </testcase> <!-- runScenario -->
  <testcase classname="io.cucumber.testng.AbstractTestNGCucumberTests" name="runScenario" time="48.299"/>
  <testcase classname="io.cucumber.testng.AbstractTestNGCucumberTests" name="runScenario" time="32.63">
    <failure type="java.lang.AssertionError" message="expected [Karyawan ini sudah pernah diganti. Mohon ajukan karyawan yang lain.] but found [Alert is Not Displayed]">
      <![CDATA[java.lang.AssertionError: expected [Karyawan ini sudah pernah diganti. Mohon ajukan karyawan yang lain.] but found [Alert is Not Displayed]
at definitions.RequestStaff.PendingSPVDefine.Nikterdaftar(PendingSPVDefine.java:217)
at ✽.User input tujuan, NIK D6180209, posisi, jumlah orang 1, mulai kerja, lokasi kerja, kota kerja, input detail lokasi Jl. Satu Dua, deskripsi pekerjaan test(file:///D:/2022/eclipse-workspace/hris-employee/src/test/resources/features/HRISPendingMNGRNegatifTest.feature:417)
... Removed 6 stack frames]]>
    </failure>
  </testcase> <!-- runScenario -->
  <testcase classname="io.cucumber.testng.AbstractTestNGCucumberTests" name="runScenario" time="47.292"/>
  <testcase classname="io.cucumber.testng.AbstractTestNGCucumberTests" name="runScenario" time="48.381"/>
  <testcase classname="io.cucumber.testng.AbstractTestNGCucumberTests" name="runScenario" time="27.933">
    <failure type="java.lang.AssertionError" message="expected [Karyawan ini sudah pernah diganti. Mohon ajukan karyawan yang lain.] but found [Alert is Not Displayed]">
      <![CDATA[java.lang.AssertionError: expected [Karyawan ini sudah pernah diganti. Mohon ajukan karyawan yang lain.] but found [Alert is Not Displayed]
at definitions.RequestStaff.PendingSPVDefine.Nikterdaftar(PendingSPVDefine.java:217)
at ✽.User input tujuan, NIK D6180209, posisi, jumlah orang 1, mulai kerja, lokasi kerja, kota kerja, input detail lokasi Jl. Satu Dua, deskripsi pekerjaan test(file:///D:/2022/eclipse-workspace/hris-employee/src/test/resources/features/HRISPendingMNGRNegatifTest.feature:438)
... Removed 6 stack frames]]>
    </failure>
  </testcase> <!-- runScenario -->
  <testcase classname="io.cucumber.testng.AbstractTestNGCucumberTests" name="runScenario" time="29.882">
    <failure type="java.lang.AssertionError" message="expected [Karyawan ini sudah pernah diganti. Mohon ajukan karyawan yang lain.] but found [Alert is Not Displayed]">
      <![CDATA[java.lang.AssertionError: expected [Karyawan ini sudah pernah diganti. Mohon ajukan karyawan yang lain.] but found [Alert is Not Displayed]
at definitions.RequestStaff.PendingSPVDefine.Nikterdaftar(PendingSPVDefine.java:217)
at ✽.User input tujuan, NIK D6180209, posisi, jumlah orang 1, mulai kerja, lokasi kerja, kota kerja, input detail lokasi Jl. Satu Dua, deskripsi pekerjaan test(file:///D:/2022/eclipse-workspace/hris-employee/src/test/resources/features/HRISPendingMNGRNegatifTest.feature:438)
... Removed 6 stack frames]]>
    </failure>
  </testcase> <!-- runScenario -->
  <testcase classname="io.cucumber.testng.AbstractTestNGCucumberTests" name="runScenario" time="48.473"/>
  <testcase classname="io.cucumber.testng.AbstractTestNGCucumberTests" name="runScenario" time="48.502"/>
  <testcase classname="io.cucumber.testng.AbstractTestNGCucumberTests" name="runScenario" time="49.861"/>
  <testcase classname="io.cucumber.testng.AbstractTestNGCucumberTests" name="runScenario" time="31.816">
    <failure type="java.lang.AssertionError" message="expected [Karyawan ini sudah pernah diganti. Mohon ajukan karyawan yang lain.] but found [Alert is Not Displayed]">
      <![CDATA[java.lang.AssertionError: expected [Karyawan ini sudah pernah diganti. Mohon ajukan karyawan yang lain.] but found [Alert is Not Displayed]
at definitions.RequestStaff.PendingSPVDefine.Nikterdaftar(PendingSPVDefine.java:217)
at ✽.User input tujuan, NIK D6180209, posisi, jumlah orang 1, mulai kerja, lokasi kerja, kota kerja, input detail lokasi Jl. Satu Dua, deskripsi pekerjaan test(file:///D:/2022/eclipse-workspace/hris-employee/src/test/resources/features/HRISPendingMNGRNegatifTest.feature:474)
... Removed 6 stack frames]]>
    </failure>
  </testcase> <!-- runScenario -->
  <testcase classname="io.cucumber.testng.AbstractTestNGCucumberTests" name="runScenario" time="38.454">
    <failure type="java.lang.AssertionError" message="expected [Karyawan ini sudah pernah diganti. Mohon ajukan karyawan yang lain.] but found [Alert is Not Displayed]">
      <![CDATA[java.lang.AssertionError: expected [Karyawan ini sudah pernah diganti. Mohon ajukan karyawan yang lain.] but found [Alert is Not Displayed]
at definitions.RequestStaff.PendingSPVDefine.Nikterdaftar(PendingSPVDefine.java:217)
at ✽.User input tujuan, NIK D6180209, posisi, jumlah orang 1, mulai kerja, lokasi kerja, kota kerja, input detail lokasi Jl. Satu Dua, deskripsi pekerjaan test(file:///D:/2022/eclipse-workspace/hris-employee/src/test/resources/features/HRISPendingMNGRNegatifTest.feature:474)
... Removed 6 stack frames]]>
    </failure>
  </testcase> <!-- runScenario -->
  <testcase classname="io.cucumber.testng.AbstractTestNGCucumberTests" name="runScenario" time="37.132">
    <failure type="java.lang.AssertionError" message="expected [Karyawan ini sudah pernah diganti. Mohon ajukan karyawan yang lain.] but found [Alert is Not Displayed]">
      <![CDATA[java.lang.AssertionError: expected [Karyawan ini sudah pernah diganti. Mohon ajukan karyawan yang lain.] but found [Alert is Not Displayed]
at definitions.RequestStaff.PendingSPVDefine.Nikterdaftar(PendingSPVDefine.java:217)
at ✽.User input tujuan, NIK D6180209, posisi, jumlah orang 1, mulai kerja, lokasi kerja, kota kerja, input detail lokasi Jl. Satu Dua, deskripsi pekerjaan test(file:///D:/2022/eclipse-workspace/hris-employee/src/test/resources/features/HRISPendingMNGRNegatifTest.feature:474)
... Removed 6 stack frames]]>
    </failure>
  </testcase> <!-- runScenario -->
  <testcase classname="io.cucumber.testng.AbstractTestNGCucumberTests" name="runScenario" time="40.561">
    <failure type="java.lang.AssertionError" message="expected [Karyawan ini sudah pernah diganti. Mohon ajukan karyawan yang lain.] but found [Alert is Not Displayed]">
      <![CDATA[java.lang.AssertionError: expected [Karyawan ini sudah pernah diganti. Mohon ajukan karyawan yang lain.] but found [Alert is Not Displayed]
at definitions.RequestStaff.PendingSPVDefine.Nikterdaftar(PendingSPVDefine.java:217)
at ✽.User input tujuan, NIK D6180209, posisi, jumlah orang 1, mulai kerja, lokasi kerja, kota kerja, input detail lokasi Jl. Satu Dua, deskripsi pekerjaan test(file:///D:/2022/eclipse-workspace/hris-employee/src/test/resources/features/HRISPendingMNGRNegatifTest.feature:495)
... Removed 6 stack frames]]>
    </failure>
  </testcase> <!-- runScenario -->
  <testcase classname="io.cucumber.testng.AbstractTestNGCucumberTests" name="runScenario" time="57.261">
    <failure type="java.lang.AssertionError" message="expected [Karyawan ini sudah pernah diganti. Mohon ajukan karyawan yang lain.] but found [Alert is Not Displayed]">
      <![CDATA[java.lang.AssertionError: expected [Karyawan ini sudah pernah diganti. Mohon ajukan karyawan yang lain.] but found [Alert is Not Displayed]
at definitions.RequestStaff.PendingSPVDefine.Nikterdaftar(PendingSPVDefine.java:217)
at ✽.User input tujuan, NIK D6180209, posisi, jumlah orang 1, mulai kerja, lokasi kerja, kota kerja, input detail lokasi Jl. Satu Dua, deskripsi pekerjaan test(file:///D:/2022/eclipse-workspace/hris-employee/src/test/resources/features/HRISPendingMNGRNegatifTest.feature:495)
... Removed 6 stack frames]]>
    </failure>
  </testcase> <!-- runScenario -->
  <testcase classname="io.cucumber.testng.AbstractTestNGCucumberTests" name="runScenario" time="50.027">
    <failure type="java.lang.AssertionError" message="expected [Karyawan ini sudah pernah diganti. Mohon ajukan karyawan yang lain.] but found [Alert is Not Displayed]">
      <![CDATA[java.lang.AssertionError: expected [Karyawan ini sudah pernah diganti. Mohon ajukan karyawan yang lain.] but found [Alert is Not Displayed]
at definitions.RequestStaff.PendingSPVDefine.Nikterdaftar(PendingSPVDefine.java:217)
at ✽.User input tujuan, NIK D6180209, posisi, jumlah orang 1, mulai kerja, lokasi kerja, kota kerja, input detail lokasi Jl. Satu Dua, deskripsi pekerjaan test(file:///D:/2022/eclipse-workspace/hris-employee/src/test/resources/features/HRISPendingMNGRNegatifTest.feature:512)
... Removed 6 stack frames]]>
    </failure>
  </testcase> <!-- runScenario -->
  <testcase classname="io.cucumber.testng.AbstractTestNGCucumberTests" name="runScenario" time="50.659">
    <failure type="java.lang.AssertionError" message="expected [Karyawan ini sudah pernah diganti. Mohon ajukan karyawan yang lain.] but found [Alert is Not Displayed]">
      <![CDATA[java.lang.AssertionError: expected [Karyawan ini sudah pernah diganti. Mohon ajukan karyawan yang lain.] but found [Alert is Not Displayed]
at definitions.RequestStaff.PendingSPVDefine.Nikterdaftar(PendingSPVDefine.java:217)
at ✽.User input tujuan, NIK D6180209, posisi, jumlah orang 1, mulai kerja, lokasi kerja, kota kerja, input detail lokasi Jl. Satu Dua, deskripsi pekerjaan test(file:///D:/2022/eclipse-workspace/hris-employee/src/test/resources/features/HRISPendingMNGRNegatifTest.feature:512)
... Removed 6 stack frames]]>
    </failure>
  </testcase> <!-- runScenario -->
  <testcase classname="io.cucumber.testng.AbstractTestNGCucumberTests" name="runScenario" time="43.49">
    <failure type="java.lang.AssertionError" message="expected [Karyawan ini sudah pernah diganti. Mohon ajukan karyawan yang lain.] but found [Alert is Not Displayed]">
      <![CDATA[java.lang.AssertionError: expected [Karyawan ini sudah pernah diganti. Mohon ajukan karyawan yang lain.] but found [Alert is Not Displayed]
at definitions.RequestStaff.PendingSPVDefine.Nikterdaftar(PendingSPVDefine.java:217)
at ✽.User input tujuan, NIK D6180209, posisi, jumlah orang 1, mulai kerja, lokasi kerja, kota kerja, input detail lokasi Jl. Satu Dua, deskripsi pekerjaan test(file:///D:/2022/eclipse-workspace/hris-employee/src/test/resources/features/HRISPendingMNGRNegatifTest.feature:512)
... Removed 6 stack frames]]>
    </failure>
  </testcase> <!-- runScenario -->
  <testcase classname="io.cucumber.testng.AbstractTestNGCucumberTests" name="runScenario" time="43.86">
    <failure type="java.lang.AssertionError" message="expected [Karyawan ini sudah pernah diganti. Mohon ajukan karyawan yang lain.] but found [Alert is Not Displayed]">
      <![CDATA[java.lang.AssertionError: expected [Karyawan ini sudah pernah diganti. Mohon ajukan karyawan yang lain.] but found [Alert is Not Displayed]
at definitions.RequestStaff.PendingSPVDefine.Nikterdaftar(PendingSPVDefine.java:217)
at ✽.User input tujuan, NIK D6180209, posisi, jumlah orang 1, mulai kerja, lokasi kerja, kota kerja, input detail lokasi Jl. Satu Dua, deskripsi pekerjaan test(file:///D:/2022/eclipse-workspace/hris-employee/src/test/resources/features/HRISPendingMNGRNegatifTest.feature:531)
... Removed 6 stack frames]]>
    </failure>
  </testcase> <!-- runScenario -->
  <testcase classname="io.cucumber.testng.AbstractTestNGCucumberTests" name="runScenario" time="44.896">
    <failure type="java.lang.AssertionError" message="expected [Karyawan ini sudah pernah diganti. Mohon ajukan karyawan yang lain.] but found [Alert is Not Displayed]">
      <![CDATA[java.lang.AssertionError: expected [Karyawan ini sudah pernah diganti. Mohon ajukan karyawan yang lain.] but found [Alert is Not Displayed]
at definitions.RequestStaff.PendingSPVDefine.Nikterdaftar(PendingSPVDefine.java:217)
at ✽.User input tujuan, NIK D6180209, posisi, jumlah orang 1, mulai kerja, lokasi kerja, kota kerja, input detail lokasi Jl. Satu Dua, deskripsi pekerjaan test(file:///D:/2022/eclipse-workspace/hris-employee/src/test/resources/features/HRISPendingMNGRNegatifTest.feature:531)
... Removed 6 stack frames]]>
    </failure>
  </testcase> <!-- runScenario -->
  <testcase classname="io.cucumber.testng.AbstractTestNGCucumberTests" name="runScenario" time="39.922">
    <failure type="java.lang.AssertionError" message="expected [Karyawan ini sudah pernah diganti. Mohon ajukan karyawan yang lain.] but found [Alert is Not Displayed]">
      <![CDATA[java.lang.AssertionError: expected [Karyawan ini sudah pernah diganti. Mohon ajukan karyawan yang lain.] but found [Alert is Not Displayed]
at definitions.RequestStaff.PendingSPVDefine.Nikterdaftar(PendingSPVDefine.java:217)
at ✽.User input tujuan, NIK D6180209, posisi, jumlah orang 1, mulai kerja, lokasi kerja, kota kerja, input detail lokasi Jl. Satu Dua, deskripsi pekerjaan test(file:///D:/2022/eclipse-workspace/hris-employee/src/test/resources/features/HRISPendingMNGRNegatifTest.feature:531)
... Removed 6 stack frames]]>
    </failure>
  </testcase> <!-- runScenario -->
  <testcase classname="io.cucumber.testng.AbstractTestNGCucumberTests" name="runScenario" time="37.868">
    <failure type="java.lang.AssertionError" message="expected [Karyawan ini sudah pernah diganti. Mohon ajukan karyawan yang lain.] but found [Alert is Not Displayed]">
      <![CDATA[java.lang.AssertionError: expected [Karyawan ini sudah pernah diganti. Mohon ajukan karyawan yang lain.] but found [Alert is Not Displayed]
at definitions.RequestStaff.PendingSPVDefine.Nikterdaftar(PendingSPVDefine.java:217)
at ✽.User input tujuan, NIK D6180209, posisi, jumlah orang 1, mulai kerja, lokasi kerja, kota kerja, input detail lokasi Jl. Satu Dua, deskripsi pekerjaan test(file:///D:/2022/eclipse-workspace/hris-employee/src/test/resources/features/HRISPendingMNGRNegatifTest.feature:552)
... Removed 6 stack frames]]>
    </failure>
  </testcase> <!-- runScenario -->
  <testcase classname="io.cucumber.testng.AbstractTestNGCucumberTests" name="runScenario" time="44.524">
    <failure type="java.lang.AssertionError" message="expected [Karyawan ini sudah pernah diganti. Mohon ajukan karyawan yang lain.] but found [Alert is Not Displayed]">
      <![CDATA[java.lang.AssertionError: expected [Karyawan ini sudah pernah diganti. Mohon ajukan karyawan yang lain.] but found [Alert is Not Displayed]
at definitions.RequestStaff.PendingSPVDefine.Nikterdaftar(PendingSPVDefine.java:217)
at ✽.User input tujuan, NIK D6180209, posisi, jumlah orang 1, mulai kerja, lokasi kerja, kota kerja, input detail lokasi Jl. Satu Dua, deskripsi pekerjaan test(file:///D:/2022/eclipse-workspace/hris-employee/src/test/resources/features/HRISPendingMNGRNegatifTest.feature:552)
... Removed 6 stack frames]]>
    </failure>
  </testcase> <!-- runScenario -->
  <testcase classname="io.cucumber.testng.AbstractTestNGCucumberTests" name="runScenario" time="39.835"/>
  <testcase classname="io.cucumber.testng.AbstractTestNGCucumberTests" name="runScenario" time="47.062"/>
  <testcase classname="io.cucumber.testng.AbstractTestNGCucumberTests" name="runScenario" time="34.238"/>
  <testcase classname="io.cucumber.testng.AbstractTestNGCucumberTests" name="runScenario" time="40.515">
    <failure type="java.lang.AssertionError" message="expected [Karyawan ini sudah pernah diganti. Mohon ajukan karyawan yang lain.] but found [Alert is Not Displayed]">
      <![CDATA[java.lang.AssertionError: expected [Karyawan ini sudah pernah diganti. Mohon ajukan karyawan yang lain.] but found [Alert is Not Displayed]
at definitions.RequestStaff.PendingSPVDefine.Nikterdaftar(PendingSPVDefine.java:217)
at ✽.User input tujuan, NIK D6180209, posisi, jumlah orang 1, mulai kerja, lokasi kerja, kota kerja, input detail lokasi Jl. Satu Dua, deskripsi pekerjaan test(file:///D:/2022/eclipse-workspace/hris-employee/src/test/resources/features/HRISPendingMNGRNegatifTest.feature:584)
... Removed 6 stack frames]]>
    </failure>
  </testcase> <!-- runScenario -->
  <testcase classname="io.cucumber.testng.AbstractTestNGCucumberTests" name="runScenario" time="37.013"/>
  <testcase classname="io.cucumber.testng.AbstractTestNGCucumberTests" name="runScenario" time="34.027"/>
  <testcase classname="io.cucumber.testng.AbstractTestNGCucumberTests" name="runScenario" time="36.08"/>
  <testcase classname="io.cucumber.testng.AbstractTestNGCucumberTests" name="runScenario" time="56.274">
    <failure type="java.lang.AssertionError" message="expected [true] but found [false]">
      <![CDATA[java.lang.AssertionError: expected [true] but found [false]
at definitions.RequestStaff.PendingSPVDefine.validasiData_nonMandatory(PendingSPVDefine.java:1628)
at ✽.User validasi data input non mandatory(file:///D:/2022/eclipse-workspace/hris-employee/src/test/resources/features/HRISPendingMNGRNegatifTest.feature:621)
... Removed 4 stack frames]]>
    </failure>
  </testcase> <!-- runScenario -->
  <testcase classname="io.cucumber.testng.AbstractTestNGCucumberTests" name="runScenario" time="32.075"/>
  <testcase classname="io.cucumber.testng.AbstractTestNGCucumberTests" name="runScenario" time="33.047"/>
  <testcase classname="io.cucumber.testng.AbstractTestNGCucumberTests" name="runScenario" time="32.391"/>
  <testcase classname="io.cucumber.testng.AbstractTestNGCucumberTests" name="runScenario" time="34.417"/>
  <testcase classname="io.cucumber.testng.AbstractTestNGCucumberTests" name="runScenario" time="30.136"/>
  <testcase classname="io.cucumber.testng.AbstractTestNGCucumberTests" name="runScenario" time="34.533"/>
  <testcase classname="io.cucumber.testng.AbstractTestNGCucumberTests" name="runScenario" time="32.496"/>
  <testcase classname="io.cucumber.testng.AbstractTestNGCucumberTests" name="runScenario" time="34.154"/>
  <testcase classname="io.cucumber.testng.AbstractTestNGCucumberTests" name="runScenario" time="33.734"/>
  <testcase classname="io.cucumber.testng.AbstractTestNGCucumberTests" name="runScenario" time="33.779"/>
  <testcase classname="io.cucumber.testng.AbstractTestNGCucumberTests" name="runScenario" time="53.967"/>
</testsuite> <!-- Manager Menu Pending -->
