<?xml version="1.0" encoding="UTF-8"?>
<!-- Generated by org.testng.reporters.JUnitXMLReporter -->
<testsuite ignored="0" hostname="DESKTOP-KMN6TAK" failures="43" tests="84" name="SPV Menu Pending" time="2104.334" errors="0" timestamp="2022-07-14T14:14:58 ICT">
  <testcase classname="io.cucumber.testng.AbstractTestNGCucumberTests" name="runScenario" time="21.047">
    <failure type="java.lang.AssertionError" message="expected [true] but found [false]">
      <![CDATA[java.lang.AssertionError: expected [true] but found [false]
at definitions.RequestStaff.PendingSPVDefine.cekFilterDate(PendingSPVDefine.java:1820)
at ✽.User validasi fitur filter 09-07-2022 date 11-07-2022(file:///D:/2022/eclipse-workspace/hris-employee/src/test/resources/features/HRISPendingSPVNegatifTest.feature:12)
... Removed 4 stack frames]]>
    </failure>
  </testcase> <!-- runScenario -->
  <testcase classname="io.cucumber.testng.AbstractTestNGCucumberTests" name="runScenario" time="26.3"/>
  <testcase classname="io.cucumber.testng.AbstractTestNGCucumberTests" name="runScenario" time="18.176">
    <failure type="java.lang.AssertionError" message="expected [true] but found [false]">
      <![CDATA[java.lang.AssertionError: expected [true] but found [false]
at definitions.RequestStaff.PendingSPVDefine.cekFilterDate(PendingSPVDefine.java:1820)
at ✽.User validasi fitur filter 09-07-2022 date 09-07-2022(file:///D:/2022/eclipse-workspace/hris-employee/src/test/resources/features/HRISPendingSPVNegatifTest.feature:12)
... Removed 4 stack frames]]>
    </failure>
  </testcase> <!-- runScenario -->
  <testcase classname="io.cucumber.testng.AbstractTestNGCucumberTests" name="runScenario" time="18.143"/>
  <testcase classname="io.cucumber.testng.AbstractTestNGCucumberTests" name="runScenario" time="17.667">
    <failure type="java.lang.AssertionError" message="expected [true] but found [false]">
      <![CDATA[java.lang.AssertionError: expected [true] but found [false]
at definitions.RequestStaff.PendingSPVDefine.cekFilterDate(PendingSPVDefine.java:1820)
at ✽.User validasi fitur filter 11-07-2022 date 09-06-2022(file:///D:/2022/eclipse-workspace/hris-employee/src/test/resources/features/HRISPendingSPVNegatifTest.feature:12)
... Removed 4 stack frames]]>
    </failure>
  </testcase> <!-- runScenario -->
  <testcase classname="io.cucumber.testng.AbstractTestNGCucumberTests" name="runScenario" time="17.181">
    <failure type="java.lang.NumberFormatException" message="For input string: &amp;quot;&amp;quot;">
      <![CDATA[java.lang.NumberFormatException: For input string: ""
at java.base/java.lang.NumberFormatException.forInputString(NumberFormatException.java:65)
at java.base/java.lang.Integer.parseInt(Integer.java:662)
at java.base/java.lang.Integer.parseInt(Integer.java:770)
at definitions.RequestStaff.PendingSPVDefine.cekFilterDate(PendingSPVDefine.java:1807)
at ✽.User validasi fitur filter  date (file:///D:/2022/eclipse-workspace/hris-employee/src/test/resources/features/HRISPendingSPVNegatifTest.feature:12)
]]>
    </failure>
  </testcase> <!-- runScenario -->
  <testcase classname="io.cucumber.testng.AbstractTestNGCucumberTests" name="runScenario" time="23.61">
    <failure type="org.openqa.selenium.NoSuchElementException" message="no such element: Unable to locate element: {&amp;quot;method&amp;quot;:&amp;quot;xpath&amp;quot;,&amp;quot;selector&amp;quot;:&amp;quot;//*[@id=&amp;quot;dataTable&amp;quot;]/tbody/tr[1]/td[2]&amp;quot;}
  (Session info: chrome=103.0.5060.114)
For documentation on this error, please visit: https://selenium.dev/exceptions/#no_such_element
Build info: version: &amp;apos;4.0.0&amp;apos;, revision: &amp;apos;3a21814679&amp;apos;
System info: host: &amp;apos;DESKTOP-KMN6TAK&amp;apos;, ip: &amp;apos;10.0.0.210&amp;apos;, os.name: &amp;apos;Windows 11&amp;apos;, os.arch: &amp;apos;amd64&amp;apos;, os.version: &amp;apos;10.0&amp;apos;, java.version: &amp;apos;11.0.15&amp;apos;
Driver info: org.openqa.selenium.chrome.ChromeDriver
Command: [f81e58c79acaf9676f0461c3a62fbc41, findElement {using=xpath, value=//*[@id=&amp;quot;dataTable&amp;quot;]/tbody/tr[1]/td[2]}]
Capabilities {acceptInsecureCerts: false, browserName: chrome, browserVersion: 103.0.5060.114, chrome: {chromedriverVersion: 102.0.5005.61 (0e59bcc00cc4..., userDataDir: C:\Users\Nexsoft\AppData\Lo...}, goog:chromeOptions: {debuggerAddress: localhost:50257}, javascriptEnabled: true, networkConnectionEnabled: false, pageLoadStrategy: normal, platform: WINDOWS, platformName: WINDOWS, proxy: Proxy(), se:cdp: ws://localhost:50257/devtoo..., se:cdpVersion: 103.0.5060.114, setWindowRect: true, strictFileInteractability: false, timeouts: {implicit: 0, pageLoad: 300000, script: 30000}, unhandledPromptBehavior: dismiss and notify, webauthn:extension:credBlob: true, webauthn:extension:largeBlob: true, webauthn:virtualAuthenticators: true}
Session ID: f81e58c79acaf9676f0461c3a62fbc41">
      <![CDATA[org.openqa.selenium.NoSuchElementException: no such element: Unable to locate element: {"method":"xpath","selector":"//*[@id="dataTable"]/tbody/tr[1]/td[2]"}
  (Session info: chrome=103.0.5060.114)
For documentation on this error, please visit: https://selenium.dev/exceptions/#no_such_element
Build info: version: '4.0.0', revision: '3a21814679'
System info: host: 'DESKTOP-KMN6TAK', ip: '10.0.0.210', os.name: 'Windows 11', os.arch: 'amd64', os.version: '10.0', java.version: '11.0.15'
Driver info: org.openqa.selenium.chrome.ChromeDriver
Command: [f81e58c79acaf9676f0461c3a62fbc41, findElement {using=xpath, value=//*[@id="dataTable"]/tbody/tr[1]/td[2]}]
Capabilities {acceptInsecureCerts: false, browserName: chrome, browserVersion: 103.0.5060.114, chrome: {chromedriverVersion: 102.0.5005.61 (0e59bcc00cc4..., userDataDir: C:\Users\Nexsoft\AppData\Lo...}, goog:chromeOptions: {debuggerAddress: localhost:50257}, javascriptEnabled: true, networkConnectionEnabled: false, pageLoadStrategy: normal, platform: WINDOWS, platformName: WINDOWS, proxy: Proxy(), se:cdp: ws://localhost:50257/devtoo..., se:cdpVersion: 103.0.5060.114, setWindowRect: true, strictFileInteractability: false, timeouts: {implicit: 0, pageLoad: 300000, script: 30000}, unhandledPromptBehavior: dismiss and notify, webauthn:extension:credBlob: true, webauthn:extension:largeBlob: true, webauthn:virtualAuthenticators: true}
Session ID: f81e58c79acaf9676f0461c3a62fbc41
at org.openqa.selenium.remote.codec.w3c.W3CHttpResponseCodec.createException(W3CHttpResponseCodec.java:200)
at org.openqa.selenium.remote.codec.w3c.W3CHttpResponseCodec.decode(W3CHttpResponseCodec.java:133)
at org.openqa.selenium.remote.codec.w3c.W3CHttpResponseCodec.decode(W3CHttpResponseCodec.java:53)
at org.openqa.selenium.remote.HttpCommandExecutor.execute(HttpCommandExecutor.java:184)
at org.openqa.selenium.remote.service.DriverCommandExecutor.invokeExecute(DriverCommandExecutor.java:164)
at org.openqa.selenium.remote.service.DriverCommandExecutor.execute(DriverCommandExecutor.java:139)
at org.openqa.selenium.remote.RemoteWebDriver.execute(RemoteWebDriver.java:559)
at org.openqa.selenium.remote.ElementLocation$ElementFinder$2.findElement(ElementLocation.java:162)
at org.openqa.selenium.remote.ElementLocation.findElement(ElementLocation.java:60)
at org.openqa.selenium.remote.RemoteWebDriver.findElement(RemoteWebDriver.java:383)
at org.openqa.selenium.remote.RemoteWebDriver.findElement(RemoteWebDriver.java:375)
at pom.HRISPendingStaff.getName(HRISPendingStaff.java:670)
at pom.HRISPendingStaff.searchData(HRISPendingStaff.java:237)
at definitions.RequestStaff.PendingSPVDefine.search_data_SPV(PendingSPVDefine.java:137)
at ✽.User menjalankan search berdasarkan data di sub menu pending Supervisor(file:///D:/2022/eclipse-workspace/hris-employee/src/test/resources/features/HRISPendingSPVNegatifTest.feature:26)
... Removed 4 stack frames]]>
    </failure>
  </testcase> <!-- runScenario -->
  <testcase classname="io.cucumber.testng.AbstractTestNGCucumberTests" name="runScenario" time="10.954">
    <failure type="org.openqa.selenium.ElementClickInterceptedException" message="element click intercepted: Element &amp;lt;a href=&amp;quot;https://dev.ptdika.com/employee/requeststaff&amp;quot;&amp;gt;...&amp;lt;/a&amp;gt; is not clickable at point (129, 533). Other element would receive the click: &amp;lt;ul class=&amp;quot;sub-menu&amp;quot; style=&amp;quot;display: block;&amp;quot;&amp;gt;...&amp;lt;/ul&amp;gt;
  (Session info: chrome=103.0.5060.114)
Build info: version: &amp;apos;4.0.0&amp;apos;, revision: &amp;apos;3a21814679&amp;apos;
System info: host: &amp;apos;DESKTOP-KMN6TAK&amp;apos;, ip: &amp;apos;10.0.0.210&amp;apos;, os.name: &amp;apos;Windows 11&amp;apos;, os.arch: &amp;apos;amd64&amp;apos;, os.version: &amp;apos;10.0&amp;apos;, java.version: &amp;apos;11.0.15&amp;apos;
Driver info: org.openqa.selenium.chrome.ChromeDriver
Command: [d0dd001687ffed8d4cb647804bb95fc7, clickElement {id=d6ef76c1-d3d4-404d-a2d8-96e7a84740d7}]
Capabilities {acceptInsecureCerts: false, browserName: chrome, browserVersion: 103.0.5060.114, chrome: {chromedriverVersion: 102.0.5005.61 (0e59bcc00cc4..., userDataDir: C:\Users\Nexsoft\AppData\Lo...}, goog:chromeOptions: {debuggerAddress: localhost:50286}, javascriptEnabled: true, networkConnectionEnabled: false, pageLoadStrategy: normal, platform: WINDOWS, platformName: WINDOWS, proxy: Proxy(), se:cdp: ws://localhost:50286/devtoo..., se:cdpVersion: 103.0.5060.114, setWindowRect: true, strictFileInteractability: false, timeouts: {implicit: 0, pageLoad: 300000, script: 30000}, unhandledPromptBehavior: dismiss and notify, webauthn:extension:credBlob: true, webauthn:extension:largeBlob: true, webauthn:virtualAuthenticators: true}
Element: [[ChromeDriver: chrome on WINDOWS (d0dd001687ffed8d4cb647804bb95fc7)] -&amp;gt; xpath: //a[normalize-space()=&amp;apos;Pending&amp;apos;]]
Session ID: d0dd001687ffed8d4cb647804bb95fc7">
      <![CDATA[org.openqa.selenium.ElementClickInterceptedException: element click intercepted: Element <a href="https://dev.ptdika.com/employee/requeststaff">...</a> is not clickable at point (129, 533). Other element would receive the click: <ul class="sub-menu" style="display: block;">...</ul>
  (Session info: chrome=103.0.5060.114)
Build info: version: '4.0.0', revision: '3a21814679'
System info: host: 'DESKTOP-KMN6TAK', ip: '10.0.0.210', os.name: 'Windows 11', os.arch: 'amd64', os.version: '10.0', java.version: '11.0.15'
Driver info: org.openqa.selenium.chrome.ChromeDriver
Command: [d0dd001687ffed8d4cb647804bb95fc7, clickElement {id=d6ef76c1-d3d4-404d-a2d8-96e7a84740d7}]
Capabilities {acceptInsecureCerts: false, browserName: chrome, browserVersion: 103.0.5060.114, chrome: {chromedriverVersion: 102.0.5005.61 (0e59bcc00cc4..., userDataDir: C:\Users\Nexsoft\AppData\Lo...}, goog:chromeOptions: {debuggerAddress: localhost:50286}, javascriptEnabled: true, networkConnectionEnabled: false, pageLoadStrategy: normal, platform: WINDOWS, platformName: WINDOWS, proxy: Proxy(), se:cdp: ws://localhost:50286/devtoo..., se:cdpVersion: 103.0.5060.114, setWindowRect: true, strictFileInteractability: false, timeouts: {implicit: 0, pageLoad: 300000, script: 30000}, unhandledPromptBehavior: dismiss and notify, webauthn:extension:credBlob: true, webauthn:extension:largeBlob: true, webauthn:virtualAuthenticators: true}
Element: [[ChromeDriver: chrome on WINDOWS (d0dd001687ffed8d4cb647804bb95fc7)] -> xpath: //a[normalize-space()='Pending']]
Session ID: d0dd001687ffed8d4cb647804bb95fc7
at org.openqa.selenium.remote.codec.w3c.W3CHttpResponseCodec.createException(W3CHttpResponseCodec.java:200)
at org.openqa.selenium.remote.codec.w3c.W3CHttpResponseCodec.decode(W3CHttpResponseCodec.java:133)
at org.openqa.selenium.remote.codec.w3c.W3CHttpResponseCodec.decode(W3CHttpResponseCodec.java:53)
at org.openqa.selenium.remote.HttpCommandExecutor.execute(HttpCommandExecutor.java:184)
at org.openqa.selenium.remote.service.DriverCommandExecutor.invokeExecute(DriverCommandExecutor.java:164)
at org.openqa.selenium.remote.service.DriverCommandExecutor.execute(DriverCommandExecutor.java:139)
at org.openqa.selenium.remote.RemoteWebDriver.execute(RemoteWebDriver.java:559)
at org.openqa.selenium.remote.RemoteWebElement.execute(RemoteWebElement.java:251)
at org.openqa.selenium.remote.RemoteWebElement.click(RemoteWebElement.java:77)
at org.openqa.selenium.support.pagefactory.internal.LocatingElementHandler.invoke(LocatingElementHandler.java:52)
at com.sun.proxy.$Proxy28.click(Unknown Source)
at definitions.RequestStaff.PendingSPVDefine.sub_menu_penidng(PendingSPVDefine.java:81)
at ✽.User memilih sub menu Pending(file:///D:/2022/eclipse-workspace/hris-employee/src/test/resources/features/HRISPendingSPVNegatifTest.feature:25)
... Removed 7 stack frames]]>
    </failure>
  </testcase> <!-- runScenario -->
  <testcase classname="io.cucumber.testng.AbstractTestNGCucumberTests" name="runScenario" time="10.335">
    <failure type="org.openqa.selenium.ElementClickInterceptedException" message="element click intercepted: Element &amp;lt;span&amp;gt;...&amp;lt;/span&amp;gt; is not clickable at point (81, 516). Other element would receive the click: &amp;lt;div class=&amp;quot;sidebar-bg&amp;quot;&amp;gt;&amp;lt;/div&amp;gt;
  (Session info: chrome=103.0.5060.114)
Build info: version: &amp;apos;4.0.0&amp;apos;, revision: &amp;apos;3a21814679&amp;apos;
System info: host: &amp;apos;DESKTOP-KMN6TAK&amp;apos;, ip: &amp;apos;10.0.0.210&amp;apos;, os.name: &amp;apos;Windows 11&amp;apos;, os.arch: &amp;apos;amd64&amp;apos;, os.version: &amp;apos;10.0&amp;apos;, java.version: &amp;apos;11.0.15&amp;apos;
Driver info: org.openqa.selenium.chrome.ChromeDriver
Command: [4b35f933451fac54b250759438744047, clickElement {id=7afd5213-e4e4-483b-a4f9-f0d0b099332e}]
Capabilities {acceptInsecureCerts: false, browserName: chrome, browserVersion: 103.0.5060.114, chrome: {chromedriverVersion: 102.0.5005.61 (0e59bcc00cc4..., userDataDir: C:\Users\Nexsoft\AppData\Lo...}, goog:chromeOptions: {debuggerAddress: localhost:50314}, javascriptEnabled: true, networkConnectionEnabled: false, pageLoadStrategy: normal, platform: WINDOWS, platformName: WINDOWS, proxy: Proxy(), se:cdp: ws://localhost:50314/devtoo..., se:cdpVersion: 103.0.5060.114, setWindowRect: true, strictFileInteractability: false, timeouts: {implicit: 0, pageLoad: 300000, script: 30000}, unhandledPromptBehavior: dismiss and notify, webauthn:extension:credBlob: true, webauthn:extension:largeBlob: true, webauthn:virtualAuthenticators: true}
Element: [[ChromeDriver: chrome on WINDOWS (4b35f933451fac54b250759438744047)] -&amp;gt; xpath: //a[@href=&amp;apos;javascript:;&amp;apos;]//span[contains(text(),&amp;apos;Request Staff&amp;apos;)]]
Session ID: 4b35f933451fac54b250759438744047">
      <![CDATA[org.openqa.selenium.ElementClickInterceptedException: element click intercepted: Element <span>...</span> is not clickable at point (81, 516). Other element would receive the click: <div class="sidebar-bg"></div>
  (Session info: chrome=103.0.5060.114)
Build info: version: '4.0.0', revision: '3a21814679'
System info: host: 'DESKTOP-KMN6TAK', ip: '10.0.0.210', os.name: 'Windows 11', os.arch: 'amd64', os.version: '10.0', java.version: '11.0.15'
Driver info: org.openqa.selenium.chrome.ChromeDriver
Command: [4b35f933451fac54b250759438744047, clickElement {id=7afd5213-e4e4-483b-a4f9-f0d0b099332e}]
Capabilities {acceptInsecureCerts: false, browserName: chrome, browserVersion: 103.0.5060.114, chrome: {chromedriverVersion: 102.0.5005.61 (0e59bcc00cc4..., userDataDir: C:\Users\Nexsoft\AppData\Lo...}, goog:chromeOptions: {debuggerAddress: localhost:50314}, javascriptEnabled: true, networkConnectionEnabled: false, pageLoadStrategy: normal, platform: WINDOWS, platformName: WINDOWS, proxy: Proxy(), se:cdp: ws://localhost:50314/devtoo..., se:cdpVersion: 103.0.5060.114, setWindowRect: true, strictFileInteractability: false, timeouts: {implicit: 0, pageLoad: 300000, script: 30000}, unhandledPromptBehavior: dismiss and notify, webauthn:extension:credBlob: true, webauthn:extension:largeBlob: true, webauthn:virtualAuthenticators: true}
Element: [[ChromeDriver: chrome on WINDOWS (4b35f933451fac54b250759438744047)] -> xpath: //a[@href='javascript:;']//span[contains(text(),'Request Staff')]]
Session ID: 4b35f933451fac54b250759438744047
at org.openqa.selenium.remote.codec.w3c.W3CHttpResponseCodec.createException(W3CHttpResponseCodec.java:200)
at org.openqa.selenium.remote.codec.w3c.W3CHttpResponseCodec.decode(W3CHttpResponseCodec.java:133)
at org.openqa.selenium.remote.codec.w3c.W3CHttpResponseCodec.decode(W3CHttpResponseCodec.java:53)
at org.openqa.selenium.remote.HttpCommandExecutor.execute(HttpCommandExecutor.java:184)
at org.openqa.selenium.remote.service.DriverCommandExecutor.invokeExecute(DriverCommandExecutor.java:164)
at org.openqa.selenium.remote.service.DriverCommandExecutor.execute(DriverCommandExecutor.java:139)
at org.openqa.selenium.remote.RemoteWebDriver.execute(RemoteWebDriver.java:559)
at org.openqa.selenium.remote.RemoteWebElement.execute(RemoteWebElement.java:251)
at org.openqa.selenium.remote.RemoteWebElement.click(RemoteWebElement.java:77)
at org.openqa.selenium.support.pagefactory.internal.LocatingElementHandler.invoke(LocatingElementHandler.java:52)
at com.sun.proxy.$Proxy28.click(Unknown Source)
at definitions.RequestStaff.PendingSPVDefine.Menu_Request_Staff(PendingSPVDefine.java:75)
at ✽.User memilih Request Staff(file:///D:/2022/eclipse-workspace/hris-employee/src/test/resources/features/HRISPendingSPVNegatifTest.feature:24)
... Removed 7 stack frames]]>
    </failure>
  </testcase> <!-- runScenario -->
  <testcase classname="io.cucumber.testng.AbstractTestNGCucumberTests" name="runScenario" time="25.399">
    <failure type="org.openqa.selenium.NoSuchElementException" message="no such element: Unable to locate element: {&amp;quot;method&amp;quot;:&amp;quot;xpath&amp;quot;,&amp;quot;selector&amp;quot;:&amp;quot;//*[@id=&amp;quot;dataTable&amp;quot;]/tbody/tr[1]/td[2]&amp;quot;}
  (Session info: chrome=103.0.5060.114)
For documentation on this error, please visit: https://selenium.dev/exceptions/#no_such_element
Build info: version: &amp;apos;4.0.0&amp;apos;, revision: &amp;apos;3a21814679&amp;apos;
System info: host: &amp;apos;DESKTOP-KMN6TAK&amp;apos;, ip: &amp;apos;10.0.0.210&amp;apos;, os.name: &amp;apos;Windows 11&amp;apos;, os.arch: &amp;apos;amd64&amp;apos;, os.version: &amp;apos;10.0&amp;apos;, java.version: &amp;apos;11.0.15&amp;apos;
Driver info: org.openqa.selenium.chrome.ChromeDriver
Command: [89cf6586bb0b8e374a8211f4bf4f9811, findElement {using=xpath, value=//*[@id=&amp;quot;dataTable&amp;quot;]/tbody/tr[1]/td[2]}]
Capabilities {acceptInsecureCerts: false, browserName: chrome, browserVersion: 103.0.5060.114, chrome: {chromedriverVersion: 102.0.5005.61 (0e59bcc00cc4..., userDataDir: C:\Users\Nexsoft\AppData\Lo...}, goog:chromeOptions: {debuggerAddress: localhost:50342}, javascriptEnabled: true, networkConnectionEnabled: false, pageLoadStrategy: normal, platform: WINDOWS, platformName: WINDOWS, proxy: Proxy(), se:cdp: ws://localhost:50342/devtoo..., se:cdpVersion: 103.0.5060.114, setWindowRect: true, strictFileInteractability: false, timeouts: {implicit: 0, pageLoad: 300000, script: 30000}, unhandledPromptBehavior: dismiss and notify, webauthn:extension:credBlob: true, webauthn:extension:largeBlob: true, webauthn:virtualAuthenticators: true}
Session ID: 89cf6586bb0b8e374a8211f4bf4f9811">
      <![CDATA[org.openqa.selenium.NoSuchElementException: no such element: Unable to locate element: {"method":"xpath","selector":"//*[@id="dataTable"]/tbody/tr[1]/td[2]"}
  (Session info: chrome=103.0.5060.114)
For documentation on this error, please visit: https://selenium.dev/exceptions/#no_such_element
Build info: version: '4.0.0', revision: '3a21814679'
System info: host: 'DESKTOP-KMN6TAK', ip: '10.0.0.210', os.name: 'Windows 11', os.arch: 'amd64', os.version: '10.0', java.version: '11.0.15'
Driver info: org.openqa.selenium.chrome.ChromeDriver
Command: [89cf6586bb0b8e374a8211f4bf4f9811, findElement {using=xpath, value=//*[@id="dataTable"]/tbody/tr[1]/td[2]}]
Capabilities {acceptInsecureCerts: false, browserName: chrome, browserVersion: 103.0.5060.114, chrome: {chromedriverVersion: 102.0.5005.61 (0e59bcc00cc4..., userDataDir: C:\Users\Nexsoft\AppData\Lo...}, goog:chromeOptions: {debuggerAddress: localhost:50342}, javascriptEnabled: true, networkConnectionEnabled: false, pageLoadStrategy: normal, platform: WINDOWS, platformName: WINDOWS, proxy: Proxy(), se:cdp: ws://localhost:50342/devtoo..., se:cdpVersion: 103.0.5060.114, setWindowRect: true, strictFileInteractability: false, timeouts: {implicit: 0, pageLoad: 300000, script: 30000}, unhandledPromptBehavior: dismiss and notify, webauthn:extension:credBlob: true, webauthn:extension:largeBlob: true, webauthn:virtualAuthenticators: true}
Session ID: 89cf6586bb0b8e374a8211f4bf4f9811
at org.openqa.selenium.remote.codec.w3c.W3CHttpResponseCodec.createException(W3CHttpResponseCodec.java:200)
at org.openqa.selenium.remote.codec.w3c.W3CHttpResponseCodec.decode(W3CHttpResponseCodec.java:133)
at org.openqa.selenium.remote.codec.w3c.W3CHttpResponseCodec.decode(W3CHttpResponseCodec.java:53)
at org.openqa.selenium.remote.HttpCommandExecutor.execute(HttpCommandExecutor.java:184)
at org.openqa.selenium.remote.service.DriverCommandExecutor.invokeExecute(DriverCommandExecutor.java:164)
at org.openqa.selenium.remote.service.DriverCommandExecutor.execute(DriverCommandExecutor.java:139)
at org.openqa.selenium.remote.RemoteWebDriver.execute(RemoteWebDriver.java:559)
at org.openqa.selenium.remote.ElementLocation$ElementFinder$2.findElement(ElementLocation.java:162)
at org.openqa.selenium.remote.ElementLocation.findElement(ElementLocation.java:60)
at org.openqa.selenium.remote.RemoteWebDriver.findElement(RemoteWebDriver.java:383)
at org.openqa.selenium.remote.RemoteWebDriver.findElement(RemoteWebDriver.java:375)
at pom.HRISPendingStaff.getName(HRISPendingStaff.java:670)
at pom.HRISPendingStaff.searchData(HRISPendingStaff.java:237)
at definitions.RequestStaff.PendingSPVDefine.search_data_SPV(PendingSPVDefine.java:137)
at ✽.User menjalankan search berdasarkan data di sub menu pending Juara Coding Tebet(file:///D:/2022/eclipse-workspace/hris-employee/src/test/resources/features/HRISPendingSPVNegatifTest.feature:26)
... Removed 4 stack frames]]>
    </failure>
  </testcase> <!-- runScenario -->
  <testcase classname="io.cucumber.testng.AbstractTestNGCucumberTests" name="runScenario" time="27.863"/>
  <testcase classname="io.cucumber.testng.AbstractTestNGCucumberTests" name="runScenario" time="17.471">
    <failure type="java.lang.AssertionError" message="expected [NIK yang anda masukkan tidak ada di database] but found [Alert is Not Displayed]">
      <![CDATA[java.lang.AssertionError: expected [NIK yang anda masukkan tidak ada di database] but found [Alert is Not Displayed]
at definitions.RequestStaff.PendingSPVDefine.NIKInvalid_spesialKarakter_dan_kosong(PendingSPVDefine.java:241)
at ✽.User input tujuan, spesial karakter dan kosong NIK !!..%$^!, posisi, jumlah orang 1, mulai kerja, lokasi kerja, kota kerja, input detail lokasi Jl. Satu Dua, deskripsi pekerjaan test(file:///D:/2022/eclipse-workspace/hris-employee/src/test/resources/features/HRISPendingSPVNegatifTest.feature:62)
... Removed 6 stack frames]]>
    </failure>
  </testcase> <!-- runScenario -->
  <testcase classname="io.cucumber.testng.AbstractTestNGCucumberTests" name="runScenario" time="16.486">
    <failure type="java.lang.AssertionError" message="expected [NIK yang anda masukkan tidak ada di database] but found [Alert is Not Displayed]">
      <![CDATA[java.lang.AssertionError: expected [NIK yang anda masukkan tidak ada di database] but found [Alert is Not Displayed]
at definitions.RequestStaff.PendingSPVDefine.NIKInvalid_spesialKarakter_dan_kosong(PendingSPVDefine.java:241)
at ✽.User input tujuan, spesial karakter dan kosong NIK , posisi, jumlah orang 1, mulai kerja, lokasi kerja, kota kerja, input detail lokasi Jl. Satu Dua, deskripsi pekerjaan test(file:///D:/2022/eclipse-workspace/hris-employee/src/test/resources/features/HRISPendingSPVNegatifTest.feature:62)
... Removed 6 stack frames]]>
    </failure>
  </testcase> <!-- runScenario -->
  <testcase classname="io.cucumber.testng.AbstractTestNGCucumberTests" name="runScenario" time="29.04"/>
  <testcase classname="io.cucumber.testng.AbstractTestNGCucumberTests" name="runScenario" time="19.81">
    <failure type="java.lang.AssertionError" message="expected [The jumlah orang field is required.] but found [Alert is Not Displayed]">
      <![CDATA[java.lang.AssertionError: expected [The jumlah orang field is required.] but found [Alert is Not Displayed]
at definitions.RequestStaff.PendingSPVDefine.input_form_Detail_jumlahOrang_0(PendingSPVDefine.java:299)
at ✽.User input tujuan, NIK D6180209, posisi, input jumlah orang dengan angka 0 0, mulai kerja, lokasi kerja, kota kerja, input detail lokasi Jl. Satu Dua, deskripsi pekerjaan test(file:///D:/2022/eclipse-workspace/hris-employee/src/test/resources/features/HRISPendingSPVNegatifTest.feature:96)
... Removed 6 stack frames]]>
    </failure>
  </testcase> <!-- runScenario -->
  <testcase classname="io.cucumber.testng.AbstractTestNGCucumberTests" name="runScenario" time="27.763"/>
  <testcase classname="io.cucumber.testng.AbstractTestNGCucumberTests" name="runScenario" time="30.133"/>
  <testcase classname="io.cucumber.testng.AbstractTestNGCucumberTests" name="runScenario" time="38.166">
    <failure type="org.openqa.selenium.ElementNotInteractableException" message="element not interactable
  (Session info: chrome=103.0.5060.114)
Build info: version: &amp;apos;4.0.0&amp;apos;, revision: &amp;apos;3a21814679&amp;apos;
System info: host: &amp;apos;DESKTOP-KMN6TAK&amp;apos;, ip: &amp;apos;10.0.0.210&amp;apos;, os.name: &amp;apos;Windows 11&amp;apos;, os.arch: &amp;apos;amd64&amp;apos;, os.version: &amp;apos;10.0&amp;apos;, java.version: &amp;apos;11.0.15&amp;apos;
Driver info: org.openqa.selenium.chrome.ChromeDriver
Command: [6c4985fbd51ce2f807e7617c082952d2, sendKeysToElement {id=82bcf94b-4ed3-43c3-ab3f-91490a05a86f, value=[Ljava.lang.CharSequence;@58345110}]
Capabilities {acceptInsecureCerts: false, browserName: chrome, browserVersion: 103.0.5060.114, chrome: {chromedriverVersion: 102.0.5005.61 (0e59bcc00cc4..., userDataDir: C:\Users\Nexsoft\AppData\Lo...}, goog:chromeOptions: {debuggerAddress: localhost:50598}, javascriptEnabled: true, networkConnectionEnabled: false, pageLoadStrategy: normal, platform: WINDOWS, platformName: WINDOWS, proxy: Proxy(), se:cdp: ws://localhost:50598/devtoo..., se:cdpVersion: 103.0.5060.114, setWindowRect: true, strictFileInteractability: false, timeouts: {implicit: 0, pageLoad: 300000, script: 30000}, unhandledPromptBehavior: dismiss and notify, webauthn:extension:credBlob: true, webauthn:extension:largeBlob: true, webauthn:virtualAuthenticators: true}
Element: [[ChromeDriver: chrome on WINDOWS (6c4985fbd51ce2f807e7617c082952d2)] -&amp;gt; xpath: //input[@name=&amp;apos;umur_start&amp;apos;]]
Session ID: 6c4985fbd51ce2f807e7617c082952d2">
      <![CDATA[org.openqa.selenium.ElementNotInteractableException: element not interactable
  (Session info: chrome=103.0.5060.114)
Build info: version: '4.0.0', revision: '3a21814679'
System info: host: 'DESKTOP-KMN6TAK', ip: '10.0.0.210', os.name: 'Windows 11', os.arch: 'amd64', os.version: '10.0', java.version: '11.0.15'
Driver info: org.openqa.selenium.chrome.ChromeDriver
Command: [6c4985fbd51ce2f807e7617c082952d2, sendKeysToElement {id=82bcf94b-4ed3-43c3-ab3f-91490a05a86f, value=[Ljava.lang.CharSequence;@58345110}]
Capabilities {acceptInsecureCerts: false, browserName: chrome, browserVersion: 103.0.5060.114, chrome: {chromedriverVersion: 102.0.5005.61 (0e59bcc00cc4..., userDataDir: C:\Users\Nexsoft\AppData\Lo...}, goog:chromeOptions: {debuggerAddress: localhost:50598}, javascriptEnabled: true, networkConnectionEnabled: false, pageLoadStrategy: normal, platform: WINDOWS, platformName: WINDOWS, proxy: Proxy(), se:cdp: ws://localhost:50598/devtoo..., se:cdpVersion: 103.0.5060.114, setWindowRect: true, strictFileInteractability: false, timeouts: {implicit: 0, pageLoad: 300000, script: 30000}, unhandledPromptBehavior: dismiss and notify, webauthn:extension:credBlob: true, webauthn:extension:largeBlob: true, webauthn:virtualAuthenticators: true}
Element: [[ChromeDriver: chrome on WINDOWS (6c4985fbd51ce2f807e7617c082952d2)] -> xpath: //input[@name='umur_start']]
Session ID: 6c4985fbd51ce2f807e7617c082952d2
at org.openqa.selenium.remote.codec.w3c.W3CHttpResponseCodec.createException(W3CHttpResponseCodec.java:200)
at org.openqa.selenium.remote.codec.w3c.W3CHttpResponseCodec.decode(W3CHttpResponseCodec.java:133)
at org.openqa.selenium.remote.codec.w3c.W3CHttpResponseCodec.decode(W3CHttpResponseCodec.java:53)
at org.openqa.selenium.remote.HttpCommandExecutor.execute(HttpCommandExecutor.java:184)
at org.openqa.selenium.remote.service.DriverCommandExecutor.invokeExecute(DriverCommandExecutor.java:164)
at org.openqa.selenium.remote.service.DriverCommandExecutor.execute(DriverCommandExecutor.java:139)
at org.openqa.selenium.remote.RemoteWebDriver.execute(RemoteWebDriver.java:559)
at org.openqa.selenium.remote.RemoteWebElement.execute(RemoteWebElement.java:251)
at org.openqa.selenium.remote.RemoteWebElement.sendKeys(RemoteWebElement.java:107)
at org.openqa.selenium.support.pagefactory.internal.LocatingElementHandler.invoke(LocatingElementHandler.java:52)
at com.sun.proxy.$Proxy28.sendKeys(Unknown Source)
at definitions.RequestStaff.PendingSPVDefine.input_form_kualifikasi(PendingSPVDefine.java:503)
at ✽.User melakukan tambah field kualifikasi jenis kelamin, umur awal 20, batas umur 26, pendidikan, status perkawinan, kualifikasi lainnya skill(file:///D:/2022/eclipse-workspace/hris-employee/src/test/resources/features/HRISPendingSPVNegatifTest.feature:112)
... Removed 7 stack frames]]>
    </failure>
  </testcase> <!-- runScenario -->
  <testcase classname="io.cucumber.testng.AbstractTestNGCucumberTests" name="runScenario" time="37.14">
    <failure type="org.openqa.selenium.ElementNotInteractableException" message="element not interactable
  (Session info: chrome=103.0.5060.114)
Build info: version: &amp;apos;4.0.0&amp;apos;, revision: &amp;apos;3a21814679&amp;apos;
System info: host: &amp;apos;DESKTOP-KMN6TAK&amp;apos;, ip: &amp;apos;10.0.0.210&amp;apos;, os.name: &amp;apos;Windows 11&amp;apos;, os.arch: &amp;apos;amd64&amp;apos;, os.version: &amp;apos;10.0&amp;apos;, java.version: &amp;apos;11.0.15&amp;apos;
Driver info: org.openqa.selenium.chrome.ChromeDriver
Command: [f58970d73a0195d935d380d6716f55ef, sendKeysToElement {id=46cfd0e7-8a2c-4dc9-af64-904d9a9ff2bb, value=[Ljava.lang.CharSequence;@5b973ef0}]
Capabilities {acceptInsecureCerts: false, browserName: chrome, browserVersion: 103.0.5060.114, chrome: {chromedriverVersion: 102.0.5005.61 (0e59bcc00cc4..., userDataDir: C:\Users\Nexsoft\AppData\Lo...}, goog:chromeOptions: {debuggerAddress: localhost:50626}, javascriptEnabled: true, networkConnectionEnabled: false, pageLoadStrategy: normal, platform: WINDOWS, platformName: WINDOWS, proxy: Proxy(), se:cdp: ws://localhost:50626/devtoo..., se:cdpVersion: 103.0.5060.114, setWindowRect: true, strictFileInteractability: false, timeouts: {implicit: 0, pageLoad: 300000, script: 30000}, unhandledPromptBehavior: dismiss and notify, webauthn:extension:credBlob: true, webauthn:extension:largeBlob: true, webauthn:virtualAuthenticators: true}
Element: [[ChromeDriver: chrome on WINDOWS (f58970d73a0195d935d380d6716f55ef)] -&amp;gt; xpath: //input[@name=&amp;apos;umur_start&amp;apos;]]
Session ID: f58970d73a0195d935d380d6716f55ef">
      <![CDATA[org.openqa.selenium.ElementNotInteractableException: element not interactable
  (Session info: chrome=103.0.5060.114)
Build info: version: '4.0.0', revision: '3a21814679'
System info: host: 'DESKTOP-KMN6TAK', ip: '10.0.0.210', os.name: 'Windows 11', os.arch: 'amd64', os.version: '10.0', java.version: '11.0.15'
Driver info: org.openqa.selenium.chrome.ChromeDriver
Command: [f58970d73a0195d935d380d6716f55ef, sendKeysToElement {id=46cfd0e7-8a2c-4dc9-af64-904d9a9ff2bb, value=[Ljava.lang.CharSequence;@5b973ef0}]
Capabilities {acceptInsecureCerts: false, browserName: chrome, browserVersion: 103.0.5060.114, chrome: {chromedriverVersion: 102.0.5005.61 (0e59bcc00cc4..., userDataDir: C:\Users\Nexsoft\AppData\Lo...}, goog:chromeOptions: {debuggerAddress: localhost:50626}, javascriptEnabled: true, networkConnectionEnabled: false, pageLoadStrategy: normal, platform: WINDOWS, platformName: WINDOWS, proxy: Proxy(), se:cdp: ws://localhost:50626/devtoo..., se:cdpVersion: 103.0.5060.114, setWindowRect: true, strictFileInteractability: false, timeouts: {implicit: 0, pageLoad: 300000, script: 30000}, unhandledPromptBehavior: dismiss and notify, webauthn:extension:credBlob: true, webauthn:extension:largeBlob: true, webauthn:virtualAuthenticators: true}
Element: [[ChromeDriver: chrome on WINDOWS (f58970d73a0195d935d380d6716f55ef)] -> xpath: //input[@name='umur_start']]
Session ID: f58970d73a0195d935d380d6716f55ef
at org.openqa.selenium.remote.codec.w3c.W3CHttpResponseCodec.createException(W3CHttpResponseCodec.java:200)
at org.openqa.selenium.remote.codec.w3c.W3CHttpResponseCodec.decode(W3CHttpResponseCodec.java:133)
at org.openqa.selenium.remote.codec.w3c.W3CHttpResponseCodec.decode(W3CHttpResponseCodec.java:53)
at org.openqa.selenium.remote.HttpCommandExecutor.execute(HttpCommandExecutor.java:184)
at org.openqa.selenium.remote.service.DriverCommandExecutor.invokeExecute(DriverCommandExecutor.java:164)
at org.openqa.selenium.remote.service.DriverCommandExecutor.execute(DriverCommandExecutor.java:139)
at org.openqa.selenium.remote.RemoteWebDriver.execute(RemoteWebDriver.java:559)
at org.openqa.selenium.remote.RemoteWebElement.execute(RemoteWebElement.java:251)
at org.openqa.selenium.remote.RemoteWebElement.sendKeys(RemoteWebElement.java:107)
at org.openqa.selenium.support.pagefactory.internal.LocatingElementHandler.invoke(LocatingElementHandler.java:52)
at com.sun.proxy.$Proxy28.sendKeys(Unknown Source)
at definitions.RequestStaff.PendingSPVDefine.input_form_kualifikasi(PendingSPVDefine.java:503)
at ✽.User melakukan tambah field kualifikasi jenis kelamin, umur awal 20, batas umur 26, pendidikan, status perkawinan, kualifikasi lainnya skill(file:///D:/2022/eclipse-workspace/hris-employee/src/test/resources/features/HRISPendingSPVNegatifTest.feature:131)
... Removed 7 stack frames]]>
    </failure>
  </testcase> <!-- runScenario -->
  <testcase classname="io.cucumber.testng.AbstractTestNGCucumberTests" name="runScenario" time="28.087"/>
  <testcase classname="io.cucumber.testng.AbstractTestNGCucumberTests" name="runScenario" time="32.757"/>
  <testcase classname="io.cucumber.testng.AbstractTestNGCucumberTests" name="runScenario" time="33.575"/>
  <testcase classname="io.cucumber.testng.AbstractTestNGCucumberTests" name="runScenario" time="37.67"/>
  <testcase classname="io.cucumber.testng.AbstractTestNGCucumberTests" name="runScenario" time="22.728">
    <failure type="java.lang.AssertionError" message="expected [Karyawan ini sudah pernah diganti. Mohon ajukan karyawan yang lain.] but found [Alert is Not Displayed]">
      <![CDATA[java.lang.AssertionError: expected [Karyawan ini sudah pernah diganti. Mohon ajukan karyawan yang lain.] but found [Alert is Not Displayed]
at definitions.RequestStaff.PendingSPVDefine.Nikterdaftar(PendingSPVDefine.java:217)
at ✽.User input tujuan, NIK D6180209, posisi, jumlah orang 1, mulai kerja, lokasi kerja, kota kerja, input detail lokasi Jl. Satu Dua, deskripsi pekerjaan test(file:///D:/2022/eclipse-workspace/hris-employee/src/test/resources/features/HRISPendingSPVNegatifTest.feature:216)
... Removed 6 stack frames]]>
    </failure>
  </testcase> <!-- runScenario -->
  <testcase classname="io.cucumber.testng.AbstractTestNGCucumberTests" name="runScenario" time="40.926"/>
  <testcase classname="io.cucumber.testng.AbstractTestNGCucumberTests" name="runScenario" time="20.965">
    <failure type="java.lang.AssertionError" message="expected [Karyawan ini sudah pernah diganti. Mohon ajukan karyawan yang lain.] but found [Alert is Not Displayed]">
      <![CDATA[java.lang.AssertionError: expected [Karyawan ini sudah pernah diganti. Mohon ajukan karyawan yang lain.] but found [Alert is Not Displayed]
at definitions.RequestStaff.PendingSPVDefine.Nikterdaftar(PendingSPVDefine.java:217)
at ✽.User input tujuan, NIK D6180209, posisi, jumlah orang 1, mulai kerja, lokasi kerja, kota kerja, input detail lokasi Jl. Satu Dua, deskripsi pekerjaan test(file:///D:/2022/eclipse-workspace/hris-employee/src/test/resources/features/HRISPendingSPVNegatifTest.feature:234)
... Removed 6 stack frames]]>
    </failure>
  </testcase> <!-- runScenario -->
  <testcase classname="io.cucumber.testng.AbstractTestNGCucumberTests" name="runScenario" time="26.175">
    <failure type="java.lang.AssertionError" message="expected [Karyawan ini sudah pernah diganti. Mohon ajukan karyawan yang lain.] but found [Alert is Not Displayed]">
      <![CDATA[java.lang.AssertionError: expected [Karyawan ini sudah pernah diganti. Mohon ajukan karyawan yang lain.] but found [Alert is Not Displayed]
at definitions.RequestStaff.PendingSPVDefine.Nikterdaftar(PendingSPVDefine.java:217)
at ✽.User input tujuan, NIK D6180209, posisi, jumlah orang 1, mulai kerja, lokasi kerja, kota kerja, input detail lokasi Jl. Satu Dua, deskripsi pekerjaan test(file:///D:/2022/eclipse-workspace/hris-employee/src/test/resources/features/HRISPendingSPVNegatifTest.feature:234)
... Removed 6 stack frames]]>
    </failure>
  </testcase> <!-- runScenario -->
  <testcase classname="io.cucumber.testng.AbstractTestNGCucumberTests" name="runScenario" time="29.459">
    <failure type="java.lang.AssertionError" message="expected [Karyawan ini sudah pernah diganti. Mohon ajukan karyawan yang lain.] but found [Alert is Not Displayed]">
      <![CDATA[java.lang.AssertionError: expected [Karyawan ini sudah pernah diganti. Mohon ajukan karyawan yang lain.] but found [Alert is Not Displayed]
at definitions.RequestStaff.PendingSPVDefine.Nikterdaftar(PendingSPVDefine.java:217)
at ✽.User input tujuan, NIK D6180209, posisi, jumlah orang 1, mulai kerja, lokasi kerja, kota kerja, input detail lokasi Jl. Satu Dua, deskripsi pekerjaan test(file:///D:/2022/eclipse-workspace/hris-employee/src/test/resources/features/HRISPendingSPVNegatifTest.feature:254)
... Removed 6 stack frames]]>
    </failure>
  </testcase> <!-- runScenario -->
  <testcase classname="io.cucumber.testng.AbstractTestNGCucumberTests" name="runScenario" time="23.666">
    <failure type="java.lang.AssertionError" message="expected [Karyawan ini sudah pernah diganti. Mohon ajukan karyawan yang lain.] but found [Alert is Not Displayed]">
      <![CDATA[java.lang.AssertionError: expected [Karyawan ini sudah pernah diganti. Mohon ajukan karyawan yang lain.] but found [Alert is Not Displayed]
at definitions.RequestStaff.PendingSPVDefine.Nikterdaftar(PendingSPVDefine.java:217)
at ✽.User input tujuan, NIK D6180209, posisi, jumlah orang 1, mulai kerja, lokasi kerja, kota kerja, input detail lokasi Jl. Satu Dua, deskripsi pekerjaan test(file:///D:/2022/eclipse-workspace/hris-employee/src/test/resources/features/HRISPendingSPVNegatifTest.feature:270)
... Removed 6 stack frames]]>
    </failure>
  </testcase> <!-- runScenario -->
  <testcase classname="io.cucumber.testng.AbstractTestNGCucumberTests" name="runScenario" time="23.176">
    <failure type="java.lang.AssertionError" message="expected [Karyawan ini sudah pernah diganti. Mohon ajukan karyawan yang lain.] but found [Alert is Not Displayed]">
      <![CDATA[java.lang.AssertionError: expected [Karyawan ini sudah pernah diganti. Mohon ajukan karyawan yang lain.] but found [Alert is Not Displayed]
at definitions.RequestStaff.PendingSPVDefine.Nikterdaftar(PendingSPVDefine.java:217)
at ✽.User input tujuan, NIK D6180209, posisi, jumlah orang 1, mulai kerja, lokasi kerja, kota kerja, input detail lokasi Jl. Satu Dua, deskripsi pekerjaan test(file:///D:/2022/eclipse-workspace/hris-employee/src/test/resources/features/HRISPendingSPVNegatifTest.feature:287)
... Removed 6 stack frames]]>
    </failure>
  </testcase> <!-- runScenario -->
  <testcase classname="io.cucumber.testng.AbstractTestNGCucumberTests" name="runScenario" time="14.794">
    <failure type="org.openqa.selenium.ElementClickInterceptedException" message="element click intercepted: Element &amp;lt;span&amp;gt;...&amp;lt;/span&amp;gt; is not clickable at point (81, 516). Other element would receive the click: &amp;lt;div class=&amp;quot;sidebar-bg&amp;quot;&amp;gt;&amp;lt;/div&amp;gt;
  (Session info: chrome=103.0.5060.114)
Build info: version: &amp;apos;4.0.0&amp;apos;, revision: &amp;apos;3a21814679&amp;apos;
System info: host: &amp;apos;DESKTOP-KMN6TAK&amp;apos;, ip: &amp;apos;10.0.0.210&amp;apos;, os.name: &amp;apos;Windows 11&amp;apos;, os.arch: &amp;apos;amd64&amp;apos;, os.version: &amp;apos;10.0&amp;apos;, java.version: &amp;apos;11.0.15&amp;apos;
Driver info: org.openqa.selenium.chrome.ChromeDriver
Command: [db9cf750834da8e04da90f3432f3b11a, clickElement {id=a70d161a-4131-447d-82e2-f81dc8875fa7}]
Capabilities {acceptInsecureCerts: false, browserName: chrome, browserVersion: 103.0.5060.114, chrome: {chromedriverVersion: 102.0.5005.61 (0e59bcc00cc4..., userDataDir: C:\Users\Nexsoft\AppData\Lo...}, goog:chromeOptions: {debuggerAddress: localhost:51046}, javascriptEnabled: true, networkConnectionEnabled: false, pageLoadStrategy: normal, platform: WINDOWS, platformName: WINDOWS, proxy: Proxy(), se:cdp: ws://localhost:51046/devtoo..., se:cdpVersion: 103.0.5060.114, setWindowRect: true, strictFileInteractability: false, timeouts: {implicit: 0, pageLoad: 300000, script: 30000}, unhandledPromptBehavior: dismiss and notify, webauthn:extension:credBlob: true, webauthn:extension:largeBlob: true, webauthn:virtualAuthenticators: true}
Element: [[ChromeDriver: chrome on WINDOWS (db9cf750834da8e04da90f3432f3b11a)] -&amp;gt; xpath: //a[@href=&amp;apos;javascript:;&amp;apos;]//span[contains(text(),&amp;apos;Request Staff&amp;apos;)]]
Session ID: db9cf750834da8e04da90f3432f3b11a">
      <![CDATA[org.openqa.selenium.ElementClickInterceptedException: element click intercepted: Element <span>...</span> is not clickable at point (81, 516). Other element would receive the click: <div class="sidebar-bg"></div>
  (Session info: chrome=103.0.5060.114)
Build info: version: '4.0.0', revision: '3a21814679'
System info: host: 'DESKTOP-KMN6TAK', ip: '10.0.0.210', os.name: 'Windows 11', os.arch: 'amd64', os.version: '10.0', java.version: '11.0.15'
Driver info: org.openqa.selenium.chrome.ChromeDriver
Command: [db9cf750834da8e04da90f3432f3b11a, clickElement {id=a70d161a-4131-447d-82e2-f81dc8875fa7}]
Capabilities {acceptInsecureCerts: false, browserName: chrome, browserVersion: 103.0.5060.114, chrome: {chromedriverVersion: 102.0.5005.61 (0e59bcc00cc4..., userDataDir: C:\Users\Nexsoft\AppData\Lo...}, goog:chromeOptions: {debuggerAddress: localhost:51046}, javascriptEnabled: true, networkConnectionEnabled: false, pageLoadStrategy: normal, platform: WINDOWS, platformName: WINDOWS, proxy: Proxy(), se:cdp: ws://localhost:51046/devtoo..., se:cdpVersion: 103.0.5060.114, setWindowRect: true, strictFileInteractability: false, timeouts: {implicit: 0, pageLoad: 300000, script: 30000}, unhandledPromptBehavior: dismiss and notify, webauthn:extension:credBlob: true, webauthn:extension:largeBlob: true, webauthn:virtualAuthenticators: true}
Element: [[ChromeDriver: chrome on WINDOWS (db9cf750834da8e04da90f3432f3b11a)] -> xpath: //a[@href='javascript:;']//span[contains(text(),'Request Staff')]]
Session ID: db9cf750834da8e04da90f3432f3b11a
at org.openqa.selenium.remote.codec.w3c.W3CHttpResponseCodec.createException(W3CHttpResponseCodec.java:200)
at org.openqa.selenium.remote.codec.w3c.W3CHttpResponseCodec.decode(W3CHttpResponseCodec.java:133)
at org.openqa.selenium.remote.codec.w3c.W3CHttpResponseCodec.decode(W3CHttpResponseCodec.java:53)
at org.openqa.selenium.remote.HttpCommandExecutor.execute(HttpCommandExecutor.java:184)
at org.openqa.selenium.remote.service.DriverCommandExecutor.invokeExecute(DriverCommandExecutor.java:164)
at org.openqa.selenium.remote.service.DriverCommandExecutor.execute(DriverCommandExecutor.java:139)
at org.openqa.selenium.remote.RemoteWebDriver.execute(RemoteWebDriver.java:559)
at org.openqa.selenium.remote.RemoteWebElement.execute(RemoteWebElement.java:251)
at org.openqa.selenium.remote.RemoteWebElement.click(RemoteWebElement.java:77)
at org.openqa.selenium.support.pagefactory.internal.LocatingElementHandler.invoke(LocatingElementHandler.java:52)
at com.sun.proxy.$Proxy28.click(Unknown Source)
at definitions.RequestStaff.PendingSPVDefine.Menu_Request_Staff(PendingSPVDefine.java:75)
at ✽.User memilih Request Staff(file:///D:/2022/eclipse-workspace/hris-employee/src/test/resources/features/HRISPendingSPVNegatifTest.feature:301)
... Removed 7 stack frames]]>
    </failure>
  </testcase> <!-- runScenario -->
  <testcase classname="io.cucumber.testng.AbstractTestNGCucumberTests" name="runScenario" time="17.453">
    <failure type="org.openqa.selenium.ElementClickInterceptedException" message="element click intercepted: Element &amp;lt;span&amp;gt;...&amp;lt;/span&amp;gt; is not clickable at point (81, 516). Other element would receive the click: &amp;lt;div class=&amp;quot;sidebar-bg&amp;quot;&amp;gt;&amp;lt;/div&amp;gt;
  (Session info: chrome=103.0.5060.114)
Build info: version: &amp;apos;4.0.0&amp;apos;, revision: &amp;apos;3a21814679&amp;apos;
System info: host: &amp;apos;DESKTOP-KMN6TAK&amp;apos;, ip: &amp;apos;10.0.0.210&amp;apos;, os.name: &amp;apos;Windows 11&amp;apos;, os.arch: &amp;apos;amd64&amp;apos;, os.version: &amp;apos;10.0&amp;apos;, java.version: &amp;apos;11.0.15&amp;apos;
Driver info: org.openqa.selenium.chrome.ChromeDriver
Command: [5fb9c63be014b787a8f4d5e915b8b8b5, clickElement {id=2cf7e2fb-851d-4309-9e64-1130ed5dc8c2}]
Capabilities {acceptInsecureCerts: false, browserName: chrome, browserVersion: 103.0.5060.114, chrome: {chromedriverVersion: 102.0.5005.61 (0e59bcc00cc4..., userDataDir: C:\Users\Nexsoft\AppData\Lo...}, goog:chromeOptions: {debuggerAddress: localhost:51076}, javascriptEnabled: true, networkConnectionEnabled: false, pageLoadStrategy: normal, platform: WINDOWS, platformName: WINDOWS, proxy: Proxy(), se:cdp: ws://localhost:51076/devtoo..., se:cdpVersion: 103.0.5060.114, setWindowRect: true, strictFileInteractability: false, timeouts: {implicit: 0, pageLoad: 300000, script: 30000}, unhandledPromptBehavior: dismiss and notify, webauthn:extension:credBlob: true, webauthn:extension:largeBlob: true, webauthn:virtualAuthenticators: true}
Element: [[ChromeDriver: chrome on WINDOWS (5fb9c63be014b787a8f4d5e915b8b8b5)] -&amp;gt; xpath: //a[@href=&amp;apos;javascript:;&amp;apos;]//span[contains(text(),&amp;apos;Request Staff&amp;apos;)]]
Session ID: 5fb9c63be014b787a8f4d5e915b8b8b5">
      <![CDATA[org.openqa.selenium.ElementClickInterceptedException: element click intercepted: Element <span>...</span> is not clickable at point (81, 516). Other element would receive the click: <div class="sidebar-bg"></div>
  (Session info: chrome=103.0.5060.114)
Build info: version: '4.0.0', revision: '3a21814679'
System info: host: 'DESKTOP-KMN6TAK', ip: '10.0.0.210', os.name: 'Windows 11', os.arch: 'amd64', os.version: '10.0', java.version: '11.0.15'
Driver info: org.openqa.selenium.chrome.ChromeDriver
Command: [5fb9c63be014b787a8f4d5e915b8b8b5, clickElement {id=2cf7e2fb-851d-4309-9e64-1130ed5dc8c2}]
Capabilities {acceptInsecureCerts: false, browserName: chrome, browserVersion: 103.0.5060.114, chrome: {chromedriverVersion: 102.0.5005.61 (0e59bcc00cc4..., userDataDir: C:\Users\Nexsoft\AppData\Lo...}, goog:chromeOptions: {debuggerAddress: localhost:51076}, javascriptEnabled: true, networkConnectionEnabled: false, pageLoadStrategy: normal, platform: WINDOWS, platformName: WINDOWS, proxy: Proxy(), se:cdp: ws://localhost:51076/devtoo..., se:cdpVersion: 103.0.5060.114, setWindowRect: true, strictFileInteractability: false, timeouts: {implicit: 0, pageLoad: 300000, script: 30000}, unhandledPromptBehavior: dismiss and notify, webauthn:extension:credBlob: true, webauthn:extension:largeBlob: true, webauthn:virtualAuthenticators: true}
Element: [[ChromeDriver: chrome on WINDOWS (5fb9c63be014b787a8f4d5e915b8b8b5)] -> xpath: //a[@href='javascript:;']//span[contains(text(),'Request Staff')]]
Session ID: 5fb9c63be014b787a8f4d5e915b8b8b5
at org.openqa.selenium.remote.codec.w3c.W3CHttpResponseCodec.createException(W3CHttpResponseCodec.java:200)
at org.openqa.selenium.remote.codec.w3c.W3CHttpResponseCodec.decode(W3CHttpResponseCodec.java:133)
at org.openqa.selenium.remote.codec.w3c.W3CHttpResponseCodec.decode(W3CHttpResponseCodec.java:53)
at org.openqa.selenium.remote.HttpCommandExecutor.execute(HttpCommandExecutor.java:184)
at org.openqa.selenium.remote.service.DriverCommandExecutor.invokeExecute(DriverCommandExecutor.java:164)
at org.openqa.selenium.remote.service.DriverCommandExecutor.execute(DriverCommandExecutor.java:139)
at org.openqa.selenium.remote.RemoteWebDriver.execute(RemoteWebDriver.java:559)
at org.openqa.selenium.remote.RemoteWebElement.execute(RemoteWebElement.java:251)
at org.openqa.selenium.remote.RemoteWebElement.click(RemoteWebElement.java:77)
at org.openqa.selenium.support.pagefactory.internal.LocatingElementHandler.invoke(LocatingElementHandler.java:52)
at com.sun.proxy.$Proxy28.click(Unknown Source)
at definitions.RequestStaff.PendingSPVDefine.Menu_Request_Staff(PendingSPVDefine.java:75)
at ✽.User memilih Request Staff(file:///D:/2022/eclipse-workspace/hris-employee/src/test/resources/features/HRISPendingSPVNegatifTest.feature:321)
... Removed 7 stack frames]]>
    </failure>
  </testcase> <!-- runScenario -->
  <testcase classname="io.cucumber.testng.AbstractTestNGCucumberTests" name="runScenario" time="34.898">
    <failure type="java.lang.AssertionError" message="expected [input tidak boleh melebihi 12 dan 2 digit angka] but found [Alert is Not Displayed]">
      <![CDATA[java.lang.AssertionError: expected [input tidak boleh melebihi 12 dan 2 digit angka] but found [Alert is Not Displayed]
at definitions.RequestStaff.PendingSPVDefine.StatusKaryawanPKWTinputBulan(PendingSPVDefine.java:767)
at ✽.User melengkapi status karyawan, memilih status karyawan PKWT, input bulan > 12, bulan > 2 digit angka 134, tahun 1, masa percobaan 4, golongan, gaji 1000, asuransi, tunjangan jabatan 500, tunjangan transportasi 300, tunjangan komunikasi 200, note satu dua(file:///D:/2022/eclipse-workspace/hris-employee/src/test/resources/features/HRISPendingSPVNegatifTest.feature:326)
... Removed 6 stack frames]]>
    </failure>
  </testcase> <!-- runScenario -->
  <testcase classname="io.cucumber.testng.AbstractTestNGCucumberTests" name="runScenario" time="36.544"/>
  <testcase classname="io.cucumber.testng.AbstractTestNGCucumberTests" name="runScenario" time="32.423"/>
  <testcase classname="io.cucumber.testng.AbstractTestNGCucumberTests" name="runScenario" time="17.124">
    <failure type="java.lang.AssertionError" message="expected [Karyawan ini sudah pernah diganti. Mohon ajukan karyawan yang lain.] but found [Alert is Not Displayed]">
      <![CDATA[java.lang.AssertionError: expected [Karyawan ini sudah pernah diganti. Mohon ajukan karyawan yang lain.] but found [Alert is Not Displayed]
at definitions.RequestStaff.PendingSPVDefine.Nikterdaftar(PendingSPVDefine.java:217)
at ✽.User input tujuan, NIK D6180209, posisi, jumlah orang 1, mulai kerja, lokasi kerja, kota kerja, input detail lokasi Jl. Satu Dua, deskripsi pekerjaan test(file:///D:/2022/eclipse-workspace/hris-employee/src/test/resources/features/HRISPendingSPVNegatifTest.feature:341)
... Removed 6 stack frames]]>
    </failure>
  </testcase> <!-- runScenario -->
  <testcase classname="io.cucumber.testng.AbstractTestNGCucumberTests" name="runScenario" time="18.306">
    <failure type="java.lang.AssertionError" message="expected [Karyawan ini sudah pernah diganti. Mohon ajukan karyawan yang lain.] but found [Alert is Not Displayed]">
      <![CDATA[java.lang.AssertionError: expected [Karyawan ini sudah pernah diganti. Mohon ajukan karyawan yang lain.] but found [Alert is Not Displayed]
at definitions.RequestStaff.PendingSPVDefine.Nikterdaftar(PendingSPVDefine.java:217)
at ✽.User input tujuan, NIK D6180209, posisi, jumlah orang 1, mulai kerja, lokasi kerja, kota kerja, input detail lokasi Jl. Satu Dua, deskripsi pekerjaan test(file:///D:/2022/eclipse-workspace/hris-employee/src/test/resources/features/HRISPendingSPVNegatifTest.feature:360)
... Removed 6 stack frames]]>
    </failure>
  </testcase> <!-- runScenario -->
  <testcase classname="io.cucumber.testng.AbstractTestNGCucumberTests" name="runScenario" time="38.345"/>
  <testcase classname="io.cucumber.testng.AbstractTestNGCucumberTests" name="runScenario" time="31.331"/>
  <testcase classname="io.cucumber.testng.AbstractTestNGCucumberTests" name="runScenario" time="27.677">
    <failure type="java.lang.AssertionError" message="expected [input tidak boleh melebihi 12 dan 2 digit angka] but found [Alert is Not Displayed]">
      <![CDATA[java.lang.AssertionError: expected [input tidak boleh melebihi 12 dan 2 digit angka] but found [Alert is Not Displayed]
at definitions.RequestStaff.PendingSPVDefine.StatusKaryawanMaganginputBulan(PendingSPVDefine.java:864)
at ✽.User melengkapi status karyawan, pilih karyawan Magang, input bulan > 12, bulan > 2 digit angka 13, tahun 1, masa percobaan 4, golongan, gaji 1000, asuransi, tunjangan jabatan 500, tunjangan transportasi 300, tunjangan komunikasi 200, note satu dua(file:///D:/2022/eclipse-workspace/hris-employee/src/test/resources/features/HRISPendingSPVNegatifTest.feature:383)
... Removed 6 stack frames]]>
    </failure>
  </testcase> <!-- runScenario -->
  <testcase classname="io.cucumber.testng.AbstractTestNGCucumberTests" name="runScenario" time="16.816">
    <failure type="java.lang.AssertionError" message="expected [Karyawan ini sudah pernah diganti. Mohon ajukan karyawan yang lain.] but found [Alert is Not Displayed]">
      <![CDATA[java.lang.AssertionError: expected [Karyawan ini sudah pernah diganti. Mohon ajukan karyawan yang lain.] but found [Alert is Not Displayed]
at definitions.RequestStaff.PendingSPVDefine.Nikterdaftar(PendingSPVDefine.java:217)
at ✽.User input tujuan, NIK D6180209, posisi, jumlah orang 1, mulai kerja, lokasi kerja, kota kerja, input detail lokasi Jl. Satu Dua, deskripsi pekerjaan test(file:///D:/2022/eclipse-workspace/hris-employee/src/test/resources/features/HRISPendingSPVNegatifTest.feature:381)
... Removed 6 stack frames]]>
    </failure>
  </testcase> <!-- runScenario -->
  <testcase classname="io.cucumber.testng.AbstractTestNGCucumberTests" name="runScenario" time="17.401">
    <failure type="java.lang.AssertionError" message="expected [Karyawan ini sudah pernah diganti. Mohon ajukan karyawan yang lain.] but found [Alert is Not Displayed]">
      <![CDATA[java.lang.AssertionError: expected [Karyawan ini sudah pernah diganti. Mohon ajukan karyawan yang lain.] but found [Alert is Not Displayed]
at definitions.RequestStaff.PendingSPVDefine.Nikterdaftar(PendingSPVDefine.java:217)
at ✽.User input tujuan, NIK D6180209, posisi, jumlah orang 1, mulai kerja, lokasi kerja, kota kerja, input detail lokasi Jl. Satu Dua, deskripsi pekerjaan test(file:///D:/2022/eclipse-workspace/hris-employee/src/test/resources/features/HRISPendingSPVNegatifTest.feature:398)
... Removed 6 stack frames]]>
    </failure>
  </testcase> <!-- runScenario -->
  <testcase classname="io.cucumber.testng.AbstractTestNGCucumberTests" name="runScenario" time="28.403">
    <failure type="java.lang.AssertionError" message="expected [Karyawan ini sudah pernah diganti. Mohon ajukan karyawan yang lain.] but found [Alert is Not Displayed]">
      <![CDATA[java.lang.AssertionError: expected [Karyawan ini sudah pernah diganti. Mohon ajukan karyawan yang lain.] but found [Alert is Not Displayed]
at definitions.RequestStaff.PendingSPVDefine.Nikterdaftar(PendingSPVDefine.java:217)
at ✽.User input tujuan, NIK D6180209, posisi, jumlah orang 1, mulai kerja, lokasi kerja, kota kerja, input detail lokasi Jl. Satu Dua, deskripsi pekerjaan test(file:///D:/2022/eclipse-workspace/hris-employee/src/test/resources/features/HRISPendingSPVNegatifTest.feature:398)
... Removed 6 stack frames]]>
    </failure>
  </testcase> <!-- runScenario -->
  <testcase classname="io.cucumber.testng.AbstractTestNGCucumberTests" name="runScenario" time="18.211">
    <failure type="java.lang.AssertionError" message="expected [Karyawan ini sudah pernah diganti. Mohon ajukan karyawan yang lain.] but found [Alert is Not Displayed]">
      <![CDATA[java.lang.AssertionError: expected [Karyawan ini sudah pernah diganti. Mohon ajukan karyawan yang lain.] but found [Alert is Not Displayed]
at definitions.RequestStaff.PendingSPVDefine.Nikterdaftar(PendingSPVDefine.java:217)
at ✽.User input tujuan, NIK D6180209, posisi, jumlah orang 1, mulai kerja, lokasi kerja, kota kerja, input detail lokasi Jl. Satu Dua, deskripsi pekerjaan test(file:///D:/2022/eclipse-workspace/hris-employee/src/test/resources/features/HRISPendingSPVNegatifTest.feature:398)
... Removed 6 stack frames]]>
    </failure>
  </testcase> <!-- runScenario -->
  <testcase classname="io.cucumber.testng.AbstractTestNGCucumberTests" name="runScenario" time="20.975">
    <failure type="java.lang.AssertionError" message="expected [Karyawan ini sudah pernah diganti. Mohon ajukan karyawan yang lain.] but found [Alert is Not Displayed]">
      <![CDATA[java.lang.AssertionError: expected [Karyawan ini sudah pernah diganti. Mohon ajukan karyawan yang lain.] but found [Alert is Not Displayed]
at definitions.RequestStaff.PendingSPVDefine.Nikterdaftar(PendingSPVDefine.java:217)
at ✽.User input tujuan, NIK D6180209, posisi, jumlah orang 1, mulai kerja, lokasi kerja, kota kerja, input detail lokasi Jl. Satu Dua, deskripsi pekerjaan test(file:///D:/2022/eclipse-workspace/hris-employee/src/test/resources/features/HRISPendingSPVNegatifTest.feature:417)
... Removed 6 stack frames]]>
    </failure>
  </testcase> <!-- runScenario -->
  <testcase classname="io.cucumber.testng.AbstractTestNGCucumberTests" name="runScenario" time="32.756"/>
  <testcase classname="io.cucumber.testng.AbstractTestNGCucumberTests" name="runScenario" time="17.35">
    <failure type="java.lang.AssertionError" message="expected [Karyawan ini sudah pernah diganti. Mohon ajukan karyawan yang lain.] but found [Alert is Not Displayed]">
      <![CDATA[java.lang.AssertionError: expected [Karyawan ini sudah pernah diganti. Mohon ajukan karyawan yang lain.] but found [Alert is Not Displayed]
at definitions.RequestStaff.PendingSPVDefine.Nikterdaftar(PendingSPVDefine.java:217)
at ✽.User input tujuan, NIK D6180209, posisi, jumlah orang 1, mulai kerja, lokasi kerja, kota kerja, input detail lokasi Jl. Satu Dua, deskripsi pekerjaan test(file:///D:/2022/eclipse-workspace/hris-employee/src/test/resources/features/HRISPendingSPVNegatifTest.feature:417)
... Removed 6 stack frames]]>
    </failure>
  </testcase> <!-- runScenario -->
  <testcase classname="io.cucumber.testng.AbstractTestNGCucumberTests" name="runScenario" time="29.918">
    <failure type="java.lang.AssertionError" message="expected [input tidak boleh melebihi 12 dan 2 digit angka] but found [Alert is Not Displayed]">
      <![CDATA[java.lang.AssertionError: expected [input tidak boleh melebihi 12 dan 2 digit angka] but found [Alert is Not Displayed]
at definitions.RequestStaff.PendingSPVDefine.KaryawanMagangHarianinputBulan(PendingSPVDefine.java:961)
at ✽.User melengkapi status karyawan, memilih status karyawan Magang Harian, input bulan > 12, bulan > 2 digit angka 13, tahun 1, masa percobaan 4, golongan, gaji 1000, asuransi, tunjangan jabatan 500, tunjangan transportasi 300, tunjangan komunikasi 200, note satu dua(file:///D:/2022/eclipse-workspace/hris-employee/src/test/resources/features/HRISPendingSPVNegatifTest.feature:440)
... Removed 6 stack frames]]>
    </failure>
  </testcase> <!-- runScenario -->
  <testcase classname="io.cucumber.testng.AbstractTestNGCucumberTests" name="runScenario" time="28.887">
    <failure type="java.lang.AssertionError" message="expected [input tidak boleh melebihi 12 dan 2 digit angka] but found [Alert is Not Displayed]">
      <![CDATA[java.lang.AssertionError: expected [input tidak boleh melebihi 12 dan 2 digit angka] but found [Alert is Not Displayed]
at definitions.RequestStaff.PendingSPVDefine.KaryawanMagangHarianinputBulan(PendingSPVDefine.java:961)
at ✽.User melengkapi status karyawan, memilih status karyawan Magang Harian, input bulan > 12, bulan > 2 digit angka 134, tahun 1, masa percobaan 4, golongan, gaji 1000, asuransi, tunjangan jabatan 500, tunjangan transportasi 300, tunjangan komunikasi 200, note satu dua(file:///D:/2022/eclipse-workspace/hris-employee/src/test/resources/features/HRISPendingSPVNegatifTest.feature:440)
... Removed 6 stack frames]]>
    </failure>
  </testcase> <!-- runScenario -->
  <testcase classname="io.cucumber.testng.AbstractTestNGCucumberTests" name="runScenario" time="39.79"/>
  <testcase classname="io.cucumber.testng.AbstractTestNGCucumberTests" name="runScenario" time="34.238"/>
  <testcase classname="io.cucumber.testng.AbstractTestNGCucumberTests" name="runScenario" time="31.627"/>
  <testcase classname="io.cucumber.testng.AbstractTestNGCucumberTests" name="runScenario" time="32.927"/>
  <testcase classname="io.cucumber.testng.AbstractTestNGCucumberTests" name="runScenario" time="31.193"/>
  <testcase classname="io.cucumber.testng.AbstractTestNGCucumberTests" name="runScenario" time="31.604"/>
  <testcase classname="io.cucumber.testng.AbstractTestNGCucumberTests" name="runScenario" time="28.059">
    <failure type="java.lang.AssertionError" message="expected [input tidak boleh melebihi 12 dan 2 digit angka] but found [Alert is Not Displayed]">
      <![CDATA[java.lang.AssertionError: expected [input tidak boleh melebihi 12 dan 2 digit angka] but found [Alert is Not Displayed]
at definitions.RequestStaff.PendingSPVDefine.KaryawanMitrainputBulan(PendingSPVDefine.java:1058)
at ✽.User melengkapi status karyawan, pilih karyawan Mitra, input bulan > 12, bulan > 2 digit angka 13, tahun 1, masa percobaan 4, golongan, gaji 1000, asuransi, tunjangan jabatan 500, tunjangan transportasi 300, tunjangan komunikasi 200, note satu dua(file:///D:/2022/eclipse-workspace/hris-employee/src/test/resources/features/HRISPendingSPVNegatifTest.feature:497)
... Removed 6 stack frames]]>
    </failure>
  </testcase> <!-- runScenario -->
  <testcase classname="io.cucumber.testng.AbstractTestNGCucumberTests" name="runScenario" time="28.932">
    <failure type="java.lang.AssertionError" message="expected [input tidak boleh melebihi 12 dan 2 digit angka] but found [Alert is Not Displayed]">
      <![CDATA[java.lang.AssertionError: expected [input tidak boleh melebihi 12 dan 2 digit angka] but found [Alert is Not Displayed]
at definitions.RequestStaff.PendingSPVDefine.KaryawanMitrainputBulan(PendingSPVDefine.java:1058)
at ✽.User melengkapi status karyawan, pilih karyawan Mitra, input bulan > 12, bulan > 2 digit angka 134, tahun 1, masa percobaan 4, golongan, gaji 1000, asuransi, tunjangan jabatan 500, tunjangan transportasi 300, tunjangan komunikasi 200, note satu dua(file:///D:/2022/eclipse-workspace/hris-employee/src/test/resources/features/HRISPendingSPVNegatifTest.feature:497)
... Removed 6 stack frames]]>
    </failure>
  </testcase> <!-- runScenario -->
  <testcase classname="io.cucumber.testng.AbstractTestNGCucumberTests" name="runScenario" time="21.409">
    <failure type="java.lang.AssertionError" message="expected [Karyawan ini sudah pernah diganti. Mohon ajukan karyawan yang lain.] but found [Alert is Not Displayed]">
      <![CDATA[java.lang.AssertionError: expected [Karyawan ini sudah pernah diganti. Mohon ajukan karyawan yang lain.] but found [Alert is Not Displayed]
at definitions.RequestStaff.PendingSPVDefine.Nikterdaftar(PendingSPVDefine.java:217)
at ✽.User input tujuan, NIK D6180209, posisi, jumlah orang 1, mulai kerja, lokasi kerja, kota kerja, input detail lokasi Jl. Satu Dua, deskripsi pekerjaan test(file:///D:/2022/eclipse-workspace/hris-employee/src/test/resources/features/HRISPendingSPVNegatifTest.feature:512)
... Removed 6 stack frames]]>
    </failure>
  </testcase> <!-- runScenario -->
  <testcase classname="io.cucumber.testng.AbstractTestNGCucumberTests" name="runScenario" time="20.573">
    <failure type="java.lang.AssertionError" message="expected [Karyawan ini sudah pernah diganti. Mohon ajukan karyawan yang lain.] but found [Alert is Not Displayed]">
      <![CDATA[java.lang.AssertionError: expected [Karyawan ini sudah pernah diganti. Mohon ajukan karyawan yang lain.] but found [Alert is Not Displayed]
at definitions.RequestStaff.PendingSPVDefine.Nikterdaftar(PendingSPVDefine.java:217)
at ✽.User input tujuan, NIK D6180209, posisi, jumlah orang 1, mulai kerja, lokasi kerja, kota kerja, input detail lokasi Jl. Satu Dua, deskripsi pekerjaan test(file:///D:/2022/eclipse-workspace/hris-employee/src/test/resources/features/HRISPendingSPVNegatifTest.feature:512)
... Removed 6 stack frames]]>
    </failure>
  </testcase> <!-- runScenario -->
  <testcase classname="io.cucumber.testng.AbstractTestNGCucumberTests" name="runScenario" time="50.44"/>
  <testcase classname="io.cucumber.testng.AbstractTestNGCucumberTests" name="runScenario" time="17.133">
    <failure type="java.lang.AssertionError" message="expected [Karyawan ini sudah pernah diganti. Mohon ajukan karyawan yang lain.] but found [Alert is Not Displayed]">
      <![CDATA[java.lang.AssertionError: expected [Karyawan ini sudah pernah diganti. Mohon ajukan karyawan yang lain.] but found [Alert is Not Displayed]
at definitions.RequestStaff.PendingSPVDefine.Nikterdaftar(PendingSPVDefine.java:217)
at ✽.User input tujuan, NIK D6180209, posisi, jumlah orang 1, mulai kerja, lokasi kerja, kota kerja, input detail lokasi Jl. Satu Dua, deskripsi pekerjaan test(file:///D:/2022/eclipse-workspace/hris-employee/src/test/resources/features/HRISPendingSPVNegatifTest.feature:531)
... Removed 6 stack frames]]>
    </failure>
  </testcase> <!-- runScenario -->
  <testcase classname="io.cucumber.testng.AbstractTestNGCucumberTests" name="runScenario" time="94.092">
    <failure type="org.openqa.selenium.NoSuchElementException" message="no such element: Unable to locate element: {&amp;quot;method&amp;quot;:&amp;quot;xpath&amp;quot;,&amp;quot;selector&amp;quot;:&amp;quot;//span[normalize-space()=&amp;apos;The tahun field is required.&amp;apos;]&amp;quot;}
  (Session info: chrome=103.0.5060.114)
For documentation on this error, please visit: https://selenium.dev/exceptions/#no_such_element
Build info: version: &amp;apos;4.0.0&amp;apos;, revision: &amp;apos;3a21814679&amp;apos;
System info: host: &amp;apos;DESKTOP-KMN6TAK&amp;apos;, ip: &amp;apos;10.0.0.210&amp;apos;, os.name: &amp;apos;Windows 11&amp;apos;, os.arch: &amp;apos;amd64&amp;apos;, os.version: &amp;apos;10.0&amp;apos;, java.version: &amp;apos;11.0.15&amp;apos;
Driver info: org.openqa.selenium.chrome.ChromeDriver
Command: [88959c7104a4d604c71da45926d69174, findElement {using=xpath, value=//span[normalize-space()=&amp;apos;The tahun field is required.&amp;apos;]}]
Capabilities {acceptInsecureCerts: false, browserName: chrome, browserVersion: 103.0.5060.114, chrome: {chromedriverVersion: 102.0.5005.61 (0e59bcc00cc4..., userDataDir: C:\Users\Nexsoft\AppData\Lo...}, goog:chromeOptions: {debuggerAddress: localhost:52069}, javascriptEnabled: true, networkConnectionEnabled: false, pageLoadStrategy: normal, platform: WINDOWS, platformName: WINDOWS, proxy: Proxy(), se:cdp: ws://localhost:52069/devtoo..., se:cdpVersion: 103.0.5060.114, setWindowRect: true, strictFileInteractability: false, timeouts: {implicit: 0, pageLoad: 300000, script: 30000}, unhandledPromptBehavior: dismiss and notify, webauthn:extension:credBlob: true, webauthn:extension:largeBlob: true, webauthn:virtualAuthenticators: true}
Session ID: 88959c7104a4d604c71da45926d69174">
      <![CDATA[org.openqa.selenium.NoSuchElementException: no such element: Unable to locate element: {"method":"xpath","selector":"//span[normalize-space()='The tahun field is required.']"}
  (Session info: chrome=103.0.5060.114)
For documentation on this error, please visit: https://selenium.dev/exceptions/#no_such_element
Build info: version: '4.0.0', revision: '3a21814679'
System info: host: 'DESKTOP-KMN6TAK', ip: '10.0.0.210', os.name: 'Windows 11', os.arch: 'amd64', os.version: '10.0', java.version: '11.0.15'
Driver info: org.openqa.selenium.chrome.ChromeDriver
Command: [88959c7104a4d604c71da45926d69174, findElement {using=xpath, value=//span[normalize-space()='The tahun field is required.']}]
Capabilities {acceptInsecureCerts: false, browserName: chrome, browserVersion: 103.0.5060.114, chrome: {chromedriverVersion: 102.0.5005.61 (0e59bcc00cc4..., userDataDir: C:\Users\Nexsoft\AppData\Lo...}, goog:chromeOptions: {debuggerAddress: localhost:52069}, javascriptEnabled: true, networkConnectionEnabled: false, pageLoadStrategy: normal, platform: WINDOWS, platformName: WINDOWS, proxy: Proxy(), se:cdp: ws://localhost:52069/devtoo..., se:cdpVersion: 103.0.5060.114, setWindowRect: true, strictFileInteractability: false, timeouts: {implicit: 0, pageLoad: 300000, script: 30000}, unhandledPromptBehavior: dismiss and notify, webauthn:extension:credBlob: true, webauthn:extension:largeBlob: true, webauthn:virtualAuthenticators: true}
Session ID: 88959c7104a4d604c71da45926d69174
at org.openqa.selenium.remote.codec.w3c.W3CHttpResponseCodec.createException(W3CHttpResponseCodec.java:200)
at org.openqa.selenium.remote.codec.w3c.W3CHttpResponseCodec.decode(W3CHttpResponseCodec.java:133)
at org.openqa.selenium.remote.codec.w3c.W3CHttpResponseCodec.decode(W3CHttpResponseCodec.java:53)
at org.openqa.selenium.remote.HttpCommandExecutor.execute(HttpCommandExecutor.java:184)
at org.openqa.selenium.remote.service.DriverCommandExecutor.invokeExecute(DriverCommandExecutor.java:164)
at org.openqa.selenium.remote.service.DriverCommandExecutor.execute(DriverCommandExecutor.java:139)
at org.openqa.selenium.remote.RemoteWebDriver.execute(RemoteWebDriver.java:559)
at org.openqa.selenium.remote.ElementLocation$ElementFinder$2.findElement(ElementLocation.java:162)
at org.openqa.selenium.remote.ElementLocation.findElement(ElementLocation.java:60)
at org.openqa.selenium.remote.RemoteWebDriver.findElement(RemoteWebDriver.java:383)
at org.openqa.selenium.remote.RemoteWebDriver.findElement(RemoteWebDriver.java:375)
at org.openqa.selenium.support.pagefactory.DefaultElementLocator.findElement(DefaultElementLocator.java:70)
at org.openqa.selenium.support.pagefactory.internal.LocatingElementHandler.invoke(LocatingElementHandler.java:39)
at com.sun.proxy.$Proxy28.getText(Unknown Source)
at pom.HRISPendingStaff.getErorMitraTahun(HRISPendingStaff.java:546)
at definitions.RequestStaff.PendingSPVDefine.validasiData_inputMitraCekTahun(PendingSPVDefine.java:1618)
at ✽.User validasi data input tahun Mitra(file:///D:/2022/eclipse-workspace/hris-employee/src/test/resources/features/HRISPendingSPVNegatifTest.feature:536)
... Removed 4 stack frames]]>
    </failure>
  </testcase> <!-- runScenario -->
  <testcase classname="io.cucumber.testng.AbstractTestNGCucumberTests" name="runScenario" time="31.245"/>
  <testcase classname="io.cucumber.testng.AbstractTestNGCucumberTests" name="runScenario" time="32.876">
    <failure type="java.lang.AssertionError" message="expected [true] but found [false]">
      <![CDATA[java.lang.AssertionError: expected [true] but found [false]
at definitions.RequestStaff.PendingSPVDefine.validasiData_nonMandatory(PendingSPVDefine.java:1628)
at ✽.User validasi data input non mandatory(file:///D:/2022/eclipse-workspace/hris-employee/src/test/resources/features/HRISPendingSPVNegatifTest.feature:556)
... Removed 4 stack frames]]>
    </failure>
  </testcase> <!-- runScenario -->
  <testcase classname="io.cucumber.testng.AbstractTestNGCucumberTests" name="runScenario" time="35.954">
    <failure type="java.lang.AssertionError" message="expected [true] but found [false]">
      <![CDATA[java.lang.AssertionError: expected [true] but found [false]
at definitions.RequestStaff.PendingSPVDefine.validasiData_nonMandatory(PendingSPVDefine.java:1628)
at ✽.User validasi data input non mandatory(file:///D:/2022/eclipse-workspace/hris-employee/src/test/resources/features/HRISPendingSPVNegatifTest.feature:556)
... Removed 4 stack frames]]>
    </failure>
  </testcase> <!-- runScenario -->
  <testcase classname="io.cucumber.testng.AbstractTestNGCucumberTests" name="runScenario" time="15.685"/>
  <testcase classname="io.cucumber.testng.AbstractTestNGCucumberTests" name="runScenario" time="14.411"/>
  <testcase classname="io.cucumber.testng.AbstractTestNGCucumberTests" name="runScenario" time="16.844"/>
  <testcase classname="io.cucumber.testng.AbstractTestNGCucumberTests" name="runScenario" time="17.751">
    <failure type="java.lang.AssertionError" message="expected [Karyawan ini sudah pernah diganti. Mohon ajukan karyawan yang lain.] but found [Alert is Not Displayed]">
      <![CDATA[java.lang.AssertionError: expected [Karyawan ini sudah pernah diganti. Mohon ajukan karyawan yang lain.] but found [Alert is Not Displayed]
at definitions.RequestStaff.PendingSPVDefine.Nikterdaftar(PendingSPVDefine.java:217)
at ✽.User input tujuan, NIK D6180209, posisi, jumlah orang 1, mulai kerja, lokasi kerja, kota kerja, input detail lokasi Jl. Satu Dua, deskripsi pekerjaan test(file:///D:/2022/eclipse-workspace/hris-employee/src/test/resources/features/HRISPendingSPVNegatifTest.feature:584)
... Removed 6 stack frames]]>
    </failure>
  </testcase> <!-- runScenario -->
  <testcase classname="io.cucumber.testng.AbstractTestNGCucumberTests" name="runScenario" time="16.046"/>
  <testcase classname="io.cucumber.testng.AbstractTestNGCucumberTests" name="runScenario" time="19.216"/>
  <testcase classname="io.cucumber.testng.AbstractTestNGCucumberTests" name="runScenario" time="17.081"/>
  <testcase classname="io.cucumber.testng.AbstractTestNGCucumberTests" name="runScenario" time="23.094">
    <failure type="java.lang.AssertionError" message="expected [Karyawan ini sudah pernah diganti. Mohon ajukan karyawan yang lain.] but found [Alert is Not Displayed]">
      <![CDATA[java.lang.AssertionError: expected [Karyawan ini sudah pernah diganti. Mohon ajukan karyawan yang lain.] but found [Alert is Not Displayed]
at definitions.RequestStaff.PendingSPVDefine.Nikterdaftar(PendingSPVDefine.java:217)
at ✽.User input tujuan, NIK D6180209, posisi, jumlah orang 1, mulai kerja, lokasi kerja, kota kerja, input detail lokasi Jl. Satu Dua, deskripsi pekerjaan test(file:///D:/2022/eclipse-workspace/hris-employee/src/test/resources/features/HRISPendingSPVNegatifTest.feature:617)
... Removed 6 stack frames]]>
    </failure>
  </testcase> <!-- runScenario -->
  <testcase classname="io.cucumber.testng.AbstractTestNGCucumberTests" name="runScenario" time="19.449"/>
  <testcase classname="io.cucumber.testng.AbstractTestNGCucumberTests" name="runScenario" time="16.436"/>
  <testcase classname="io.cucumber.testng.AbstractTestNGCucumberTests" name="runScenario" time="16.067"/>
  <testcase classname="io.cucumber.testng.AbstractTestNGCucumberTests" name="runScenario" time="17.233"/>
  <testcase classname="io.cucumber.testng.AbstractTestNGCucumberTests" name="runScenario" time="23.949"/>
  <testcase classname="io.cucumber.testng.AbstractTestNGCucumberTests" name="runScenario" time="19.644"/>
  <testcase classname="io.cucumber.testng.AbstractTestNGCucumberTests" name="runScenario" time="16.147"/>
  <testcase classname="io.cucumber.testng.AbstractTestNGCucumberTests" name="runScenario" time="16.282"/>
  <testcase classname="io.cucumber.testng.AbstractTestNGCucumberTests" name="runScenario" time="16.891"/>
  <testcase classname="io.cucumber.testng.AbstractTestNGCucumberTests" name="runScenario" time="16.822"/>
  <testcase classname="io.cucumber.testng.AbstractTestNGCucumberTests" name="runScenario" time="35.245"/>
</testsuite> <!-- SPV Menu Pending -->
