<html>
<head>
<title>TestNG:  SPV Menu Tracking</title>
<link href="../testng.css" rel="stylesheet" type="text/css" />
<link href="../my-testng.css" rel="stylesheet" type="text/css" />

<style type="text/css">
.log { display: none;} 
.stack-trace { display: none;} 
</style>
<script type="text/javascript">
<!--
function flip(e) {
  current = e.style.display;
  if (current == 'block') {
    e.style.display = 'none';
    return 0;
  }
  else {
    e.style.display = 'block';
    return 1;
  }
}

function toggleBox(szDivId, elem, msg1, msg2)
{
  var res = -1;  if (document.getElementById) {
    res = flip(document.getElementById(szDivId));
  }
  else if (document.all) {
    // this is the way old msie versions work
    res = flip(document.all[szDivId]);
  }
  if(elem) {
    if(res == 0) elem.innerHTML = msg1; else elem.innerHTML = msg2;
  }

}

function toggleAllBoxes() {
  if (document.getElementsByTagName) {
    d = document.getElementsByTagName('div');
    for (i = 0; i < d.length; i++) {
      if (d[i].className == 'log') {
        flip(d[i]);
      }
    }
  }
}

// -->
</script>

</head>
<body>
<h2 align='center'>SPV Menu Tracking</h2><table border='1' align="center">
<tr>
<td>Tests passed/Failed/Skipped:</td><td>1/12/0</td>
</tr><tr>
<td>Started on:</td><td>Thu Jul 14 14:14:59 ICT 2022</td>
</tr>
<tr><td>Total time:</td><td>468 seconds (468216 ms)</td>
</tr><tr>
<td>Included groups:</td><td></td>
</tr><tr>
<td>Excluded groups:</td><td></td>
</tr>
</table><p/>
<small><i>(Hover the method name to see the test class name)</i></small><p/>
<table width='100%' border='1' class='invocation-failed'>
<tr><td colspan='4' align='center'><b>FAILED TESTS</b></td></tr>
<tr><td><b>Test method</b></td>
<td><b>Attribute(s)</b></td>
<td width="30%"><b>Exception</b></td>
<td width="10%"><b>Time (seconds)</b></td>
<td><b>Instance</b></td>
</tr>
<tr>
<td title='runner.HRISTrackingSpvRunner.runScenario()'><b>runScenario</b><br>Test class: runner.HRISTrackingSpvRunner<br>Test method: Runs Cucumber Scenarios<br>Parameters: "Pending spv cek fungsi filter", "Request Staff Sub Menu Tracking"<br/>
<a href="#Output-694367969" onClick='toggleBox("Output-694367969", this, "Show output", "Hide output");'>Show output</a>

<a href="#Output-694367969" onClick="toggleAllBoxes();">Show all outputs</a>
<div class='log' id="Output-694367969">
<img src='file://D:\2022\eclipse-workspace\hris-employee\src\test\resources\SS\20220714_141851.PNG'height="350" width="792"/><br/>
</div>
</td>
<td><div><pre>java.lang.AssertionError: expected [true] but found [false]
	at definitions.RequestStaff.PendingSPVDefine.filter_date_by(PendingSPVDefine.java:1800)
	at ?.Validasi filter 11-07-2022 date 11-07-2022(file:///D:/2022/eclipse-workspace/hris-employee/src/test/resources/features/HRISTrackingSPV.feature:46)
... Removed 4 stack frames</pre></div><a href='#' onClick='toggleBox("stack-trace694367969", this, "Click to show all stack frames", "Click to hide stack frames")'>Click to show all stack frames</a>
<div class='stack-trace' id='stack-trace694367969'><pre>java.lang.AssertionError: expected [true] but found [false]
	at org.testng.Assert.fail(Assert.java:110)
	at org.testng.Assert.failNotEquals(Assert.java:1413)
	at org.testng.Assert.assertTrue(Assert.java:56)
	at org.testng.Assert.assertTrue(Assert.java:66)
	at definitions.RequestStaff.PendingSPVDefine.filter_date_by(PendingSPVDefine.java:1800)
	at ?.Validasi filter 11-07-2022 date 11-07-2022(file:///D:/2022/eclipse-workspace/hris-employee/src/test/resources/features/HRISTrackingSPV.feature:46)
</pre></div></td>
<td>20</td>
<td>runner.HRISTrackingSpvRunner@15a34df2</td></tr>
<tr>
<td title='runner.HRISTrackingSpvRunner.runScenario()'><b>runScenario</b><br>Test class: runner.HRISTrackingSpvRunner<br>Test method: Runs Cucumber Scenarios<br>Parameters: "Request Staff pending spv search data negatif test", "Request Staff Sub Menu Tracking"<br/>
<a href="#Output-51069033" onClick='toggleBox("Output-51069033", this, "Show output", "Hide output");'>Show output</a>

<a href="#Output-51069033" onClick="toggleAllBoxes();">Show all outputs</a>
<div class='log' id="Output-51069033">
<img src='file://D:\2022\eclipse-workspace\hris-employee\src\test\resources\SS\20220714_142112.PNG'height="350" width="792"/><br/>
</div>
</td>
<td><div><pre>org.openqa.selenium.NoSuchElementException: no such element: Unable to locate element: {&quot;method&quot;:&quot;xpath&quot;,&quot;selector&quot;:&quot;//*[@id=&quot;dataTable&quot;]/tbody/tr[1]/td[2]&quot;}
  (Session info: chrome=103.0.5060.114)
For documentation on this error, please visit: https://selenium.dev/exceptions/#no_such_element
Build info: version: &apos;4.0.0&apos;, revision: &apos;3a21814679&apos;
System info: host: &apos;DESKTOP-KMN6TAK&apos;, ip: &apos;10.0.0.210&apos;, os.name: &apos;Windows 11&apos;, os.arch: &apos;amd64&apos;, os.version: &apos;10.0&apos;, java.version: &apos;11.0.15&apos;
Driver info: org.openqa.selenium.chrome.ChromeDriver
Command: [de6e2d06e9d21f2ac62ae7c21e82ac1a, findElement {using=xpath, value=//*[@id=&quot;dataTable&quot;]/tbody/tr[1]/td[2]}]
Capabilities {acceptInsecureCerts: false, browserName: chrome, browserVersion: 103.0.5060.114, chrome: {chromedriverVersion: 102.0.5005.61 (0e59bcc00cc4..., userDataDir: C:\Users\Nexsoft\AppData\Lo...}, goog:chromeOptions: {debuggerAddress: localhost:53246}, javascriptEnabled: true, networkConnectionEnabled: false, pageLoadStrategy: normal, platform: WINDOWS, platformName: WINDOWS, proxy: Proxy(), se:cdp: ws://localhost:53246/devtoo..., se:cdpVersion: 103.0.5060.114, setWindowRect: true, strictFileInteractability: false, timeouts: {implicit: 0, pageLoad: 300000, script: 30000}, unhandledPromptBehavior: dismiss and notify, webauthn:extension:credBlob: true, webauthn:extension:largeBlob: true, webauthn:virtualAuthenticators: true}
Session ID: de6e2d06e9d21f2ac62ae7c21e82ac1a
	at org.openqa.selenium.remote.codec.w3c.W3CHttpResponseCodec.createException(W3CHttpResponseCodec.java:200)
	at org.openqa.selenium.remote.codec.w3c.W3CHttpResponseCodec.decode(W3CHttpResponseCodec.java:133)
	at org.openqa.selenium.remote.codec.w3c.W3CHttpResponseCodec.decode(W3CHttpResponseCodec.java:53)
	at org.openqa.selenium.remote.HttpCommandExecutor.execute(HttpCommandExecutor.java:184)
	at org.openqa.selenium.remote.service.DriverCommandExecutor.invokeExecute(DriverCommandExecutor.java:164)
	at org.openqa.selenium.remote.service.DriverCommandExecutor.execute(DriverCommandExecutor.java:139)
	at org.openqa.selenium.remote.RemoteWebDriver.execute(RemoteWebDriver.java:559)
	at org.openqa.selenium.remote.ElementLocation$ElementFinder$2.findElement(ElementLocation.java:162)
	at org.openqa.selenium.remote.ElementLocation.findElement(ElementLocation.java:60)
	at org.openqa.selenium.remote.RemoteWebDriver.findElement(RemoteWebDriver.java:383)
	at org.openqa.selenium.remote.RemoteWebDriver.findElement(RemoteWebDriver.java:375)
	at pom.HRISTrackingStaff.getName(HRISTrackingStaff.java:279)
	at pom.HRISTrackingStaff.searchDataTracking(HRISTrackingStaff.java:105)
	at definitions.RequestStaff.PendingSPVDefine.cekSearchGagal(PendingSPVDefine.java:1738)
	at ?.User menjalankan search data berdasarkan search 006/PM/HRD/VII/2022(file:///D:/2022/eclipse-workspace/hris-employee/src/test/resources/features/HRISTrackingSPV.feature:60)
... Removed 4 stack frames</pre></div><a href='#' onClick='toggleBox("stack-trace51069033", this, "Click to show all stack frames", "Click to hide stack frames")'>Click to show all stack frames</a>
<div class='stack-trace' id='stack-trace51069033'><pre>org.openqa.selenium.NoSuchElementException: no such element: Unable to locate element: {&quot;method&quot;:&quot;xpath&quot;,&quot;selector&quot;:&quot;//*[@id=&quot;dataTable&quot;]/tbody/tr[1]/td[2]&quot;}
  (Session info: chrome=103.0.5060.114)
For documentation on this error, please visit: https://selenium.dev/exceptions/#no_such_element
Build info: version: &apos;4.0.0&apos;, revision: &apos;3a21814679&apos;
System info: host: &apos;DESKTOP-KMN6TAK&apos;, ip: &apos;10.0.0.210&apos;, os.name: &apos;Windows 11&apos;, os.arch: &apos;amd64&apos;, os.version: &apos;10.0&apos;, java.version: &apos;11.0.15&apos;
Driver info: org.openqa.selenium.chrome.ChromeDriver
Command: [de6e2d06e9d21f2ac62ae7c21e82ac1a, findElement {using=xpath, value=//*[@id=&quot;dataTable&quot;]/tbody/tr[1]/td[2]}]
Capabilities {acceptInsecureCerts: false, browserName: chrome, browserVersion: 103.0.5060.114, chrome: {chromedriverVersion: 102.0.5005.61 (0e59bcc00cc4..., userDataDir: C:\Users\Nexsoft\AppData\Lo...}, goog:chromeOptions: {debuggerAddress: localhost:53246}, javascriptEnabled: true, networkConnectionEnabled: false, pageLoadStrategy: normal, platform: WINDOWS, platformName: WINDOWS, proxy: Proxy(), se:cdp: ws://localhost:53246/devtoo..., se:cdpVersion: 103.0.5060.114, setWindowRect: true, strictFileInteractability: false, timeouts: {implicit: 0, pageLoad: 300000, script: 30000}, unhandledPromptBehavior: dismiss and notify, webauthn:extension:credBlob: true, webauthn:extension:largeBlob: true, webauthn:virtualAuthenticators: true}
Session ID: de6e2d06e9d21f2ac62ae7c21e82ac1a
	at java.base/jdk.internal.reflect.NativeConstructorAccessorImpl.newInstance0(Native Method)
	at java.base/jdk.internal.reflect.NativeConstructorAccessorImpl.newInstance(NativeConstructorAccessorImpl.java:62)
	at java.base/jdk.internal.reflect.DelegatingConstructorAccessorImpl.newInstance(DelegatingConstructorAccessorImpl.java:45)
	at java.base/java.lang.reflect.Constructor.newInstance(Constructor.java:490)
	at org.openqa.selenium.remote.codec.w3c.W3CHttpResponseCodec.createException(W3CHttpResponseCodec.java:200)
	at org.openqa.selenium.remote.codec.w3c.W3CHttpResponseCodec.decode(W3CHttpResponseCodec.java:133)
	at org.openqa.selenium.remote.codec.w3c.W3CHttpResponseCodec.decode(W3CHttpResponseCodec.java:53)
	at org.openqa.selenium.remote.HttpCommandExecutor.execute(HttpCommandExecutor.java:184)
	at org.openqa.selenium.remote.service.DriverCommandExecutor.invokeExecute(DriverCommandExecutor.java:164)
	at org.openqa.selenium.remote.service.DriverCommandExecutor.execute(DriverCommandExecutor.java:139)
	at org.openqa.selenium.remote.RemoteWebDriver.execute(RemoteWebDriver.java:559)
	at org.openqa.selenium.remote.ElementLocation$ElementFinder$2.findElement(ElementLocation.java:162)
	at org.openqa.selenium.remote.ElementLocation.findElement(ElementLocation.java:60)
	at org.openqa.selenium.remote.RemoteWebDriver.findElement(RemoteWebDriver.java:383)
	at org.openqa.selenium.remote.RemoteWebDriver.findElement(RemoteWebDriver.java:375)
	at pom.HRISTrackingStaff.getName(HRISTrackingStaff.java:279)
	at pom.HRISTrackingStaff.searchDataTracking(HRISTrackingStaff.java:105)
	at definitions.RequestStaff.PendingSPVDefine.cekSearchGagal(PendingSPVDefine.java:1738)
	at ?.User menjalankan search data berdasarkan search 006/PM/HRD/VII/2022(file:///D:/2022/eclipse-workspace/hris-employee/src/test/resources/features/HRISTrackingSPV.feature:60)
</pre></div></td>
<td>33</td>
<td>runner.HRISTrackingSpvRunner@15a34df2</td></tr>
<tr>
<td title='runner.HRISTrackingSpvRunner.runScenario()'><b>runScenario</b><br>Test class: runner.HRISTrackingSpvRunner<br>Test method: Runs Cucumber Scenarios<br>Parameters: "Request Staff Tracking spv show data", "Request Staff Sub Menu Tracking"<br/>
<a href="#Output-62056" onClick='toggleBox("Output-62056", this, "Show output", "Hide output");'>Show output</a>

<a href="#Output-62056" onClick="toggleAllBoxes();">Show all outputs</a>
<div class='log' id="Output-62056">
<img src='file://D:\2022\eclipse-workspace\hris-employee\src\test\resources\SS\20220714_141747.PNG'height="350" width="792"/><br/>
</div>
</td>
<td><div><pre>org.openqa.selenium.NoSuchElementException: no such element: Unable to locate element: {&quot;method&quot;:&quot;xpath&quot;,&quot;selector&quot;:&quot;//td[normalize-space()=&apos;50&apos;]&quot;}
  (Session info: chrome=103.0.5060.114)
For documentation on this error, please visit: https://selenium.dev/exceptions/#no_such_element
Build info: version: &apos;4.0.0&apos;, revision: &apos;3a21814679&apos;
System info: host: &apos;DESKTOP-KMN6TAK&apos;, ip: &apos;10.0.0.210&apos;, os.name: &apos;Windows 11&apos;, os.arch: &apos;amd64&apos;, os.version: &apos;10.0&apos;, java.version: &apos;11.0.15&apos;
Driver info: org.openqa.selenium.chrome.ChromeDriver
Command: [01c7f98f840e40a53fb3a245262b48c4, findElement {using=xpath, value=//td[normalize-space()=&apos;50&apos;]}]
Capabilities {acceptInsecureCerts: false, browserName: chrome, browserVersion: 103.0.5060.114, chrome: {chromedriverVersion: 102.0.5005.61 (0e59bcc00cc4..., userDataDir: C:\Users\Nexsoft\AppData\Lo...}, goog:chromeOptions: {debuggerAddress: localhost:52990}, javascriptEnabled: true, networkConnectionEnabled: false, pageLoadStrategy: normal, platform: WINDOWS, platformName: WINDOWS, proxy: Proxy(), se:cdp: ws://localhost:52990/devtoo..., se:cdpVersion: 103.0.5060.114, setWindowRect: true, strictFileInteractability: false, timeouts: {implicit: 0, pageLoad: 300000, script: 30000}, unhandledPromptBehavior: dismiss and notify, webauthn:extension:credBlob: true, webauthn:extension:largeBlob: true, webauthn:virtualAuthenticators: true}
Session ID: 01c7f98f840e40a53fb3a245262b48c4
	at org.openqa.selenium.remote.codec.w3c.W3CHttpResponseCodec.createException(W3CHttpResponseCodec.java:200)
	at org.openqa.selenium.remote.codec.w3c.W3CHttpResponseCodec.decode(W3CHttpResponseCodec.java:133)
	at org.openqa.selenium.remote.codec.w3c.W3CHttpResponseCodec.decode(W3CHttpResponseCodec.java:53)
	at org.openqa.selenium.remote.HttpCommandExecutor.execute(HttpCommandExecutor.java:184)
	at org.openqa.selenium.remote.service.DriverCommandExecutor.invokeExecute(DriverCommandExecutor.java:164)
	at org.openqa.selenium.remote.service.DriverCommandExecutor.execute(DriverCommandExecutor.java:139)
	at org.openqa.selenium.remote.RemoteWebDriver.execute(RemoteWebDriver.java:559)
	at org.openqa.selenium.remote.ElementLocation$ElementFinder$2.findElement(ElementLocation.java:162)
	at org.openqa.selenium.remote.ElementLocation.findElement(ElementLocation.java:60)
	at org.openqa.selenium.remote.RemoteWebDriver.findElement(RemoteWebDriver.java:383)
	at org.openqa.selenium.remote.RemoteWebDriver.findElement(RemoteWebDriver.java:375)
	at org.openqa.selenium.support.pagefactory.DefaultElementLocator.findElement(DefaultElementLocator.java:70)
	at org.openqa.selenium.support.pagefactory.internal.LocatingElementHandler.invoke(LocatingElementHandler.java:39)
	at com.sun.proxy.$Proxy28.getText(Unknown Source)
	at pom.HRISPendingStaff.getShowData(HRISPendingStaff.java:370)
	at definitions.RequestStaff.PendingSPVDefine.validasiShowData(PendingSPVDefine.java:1478)
	at ?.User validasi show data sesuai(file:///D:/2022/eclipse-workspace/hris-employee/src/test/resources/features/HRISTrackingSPV.feature:23)
... Removed 4 stack frames</pre></div><a href='#' onClick='toggleBox("stack-trace62056", this, "Click to show all stack frames", "Click to hide stack frames")'>Click to show all stack frames</a>
<div class='stack-trace' id='stack-trace62056'><pre>org.openqa.selenium.NoSuchElementException: no such element: Unable to locate element: {&quot;method&quot;:&quot;xpath&quot;,&quot;selector&quot;:&quot;//td[normalize-space()=&apos;50&apos;]&quot;}
  (Session info: chrome=103.0.5060.114)
For documentation on this error, please visit: https://selenium.dev/exceptions/#no_such_element
Build info: version: &apos;4.0.0&apos;, revision: &apos;3a21814679&apos;
System info: host: &apos;DESKTOP-KMN6TAK&apos;, ip: &apos;10.0.0.210&apos;, os.name: &apos;Windows 11&apos;, os.arch: &apos;amd64&apos;, os.version: &apos;10.0&apos;, java.version: &apos;11.0.15&apos;
Driver info: org.openqa.selenium.chrome.ChromeDriver
Command: [01c7f98f840e40a53fb3a245262b48c4, findElement {using=xpath, value=//td[normalize-space()=&apos;50&apos;]}]
Capabilities {acceptInsecureCerts: false, browserName: chrome, browserVersion: 103.0.5060.114, chrome: {chromedriverVersion: 102.0.5005.61 (0e59bcc00cc4..., userDataDir: C:\Users\Nexsoft\AppData\Lo...}, goog:chromeOptions: {debuggerAddress: localhost:52990}, javascriptEnabled: true, networkConnectionEnabled: false, pageLoadStrategy: normal, platform: WINDOWS, platformName: WINDOWS, proxy: Proxy(), se:cdp: ws://localhost:52990/devtoo..., se:cdpVersion: 103.0.5060.114, setWindowRect: true, strictFileInteractability: false, timeouts: {implicit: 0, pageLoad: 300000, script: 30000}, unhandledPromptBehavior: dismiss and notify, webauthn:extension:credBlob: true, webauthn:extension:largeBlob: true, webauthn:virtualAuthenticators: true}
Session ID: 01c7f98f840e40a53fb3a245262b48c4
	at java.base/jdk.internal.reflect.NativeConstructorAccessorImpl.newInstance0(Native Method)
	at java.base/jdk.internal.reflect.NativeConstructorAccessorImpl.newInstance(NativeConstructorAccessorImpl.java:62)
	at java.base/jdk.internal.reflect.DelegatingConstructorAccessorImpl.newInstance(DelegatingConstructorAccessorImpl.java:45)
	at java.base/java.lang.reflect.Constructor.newInstance(Constructor.java:490)
	at org.openqa.selenium.remote.codec.w3c.W3CHttpResponseCodec.createException(W3CHttpResponseCodec.java:200)
	at org.openqa.selenium.remote.codec.w3c.W3CHttpResponseCodec.decode(W3CHttpResponseCodec.java:133)
	at org.openqa.selenium.remote.codec.w3c.W3CHttpResponseCodec.decode(W3CHttpResponseCodec.java:53)
	at org.openqa.selenium.remote.HttpCommandExecutor.execute(HttpCommandExecutor.java:184)
	at org.openqa.selenium.remote.service.DriverCommandExecutor.invokeExecute(DriverCommandExecutor.java:164)
	at org.openqa.selenium.remote.service.DriverCommandExecutor.execute(DriverCommandExecutor.java:139)
	at org.openqa.selenium.remote.RemoteWebDriver.execute(RemoteWebDriver.java:559)
	at org.openqa.selenium.remote.ElementLocation$ElementFinder$2.findElement(ElementLocation.java:162)
	at org.openqa.selenium.remote.ElementLocation.findElement(ElementLocation.java:60)
	at org.openqa.selenium.remote.RemoteWebDriver.findElement(RemoteWebDriver.java:383)
	at org.openqa.selenium.remote.RemoteWebDriver.findElement(RemoteWebDriver.java:375)
	at org.openqa.selenium.support.pagefactory.DefaultElementLocator.findElement(DefaultElementLocator.java:70)
	at org.openqa.selenium.support.pagefactory.internal.LocatingElementHandler.invoke(LocatingElementHandler.java:39)
	at com.sun.proxy.$Proxy28.getText(Unknown Source)
	at pom.HRISPendingStaff.getShowData(HRISPendingStaff.java:370)
	at definitions.RequestStaff.PendingSPVDefine.validasiShowData(PendingSPVDefine.java:1478)
	at ?.User validasi show data sesuai(file:///D:/2022/eclipse-workspace/hris-employee/src/test/resources/features/HRISTrackingSPV.feature:23)
</pre></div></td>
<td>28</td>
<td>runner.HRISTrackingSpvRunner@15a34df2</td></tr>
<tr>
<td title='runner.HRISTrackingSpvRunner.runScenario()'><b>runScenario</b><br>Test class: runner.HRISTrackingSpvRunner<br>Test method: Runs Cucumber Scenarios<br>Parameters: "Request Staff pending spv search data negatif test", "Request Staff Sub Menu Tracking"<br/>
<a href="#Output-2013136820" onClick='toggleBox("Output-2013136820", this, "Show output", "Hide output");'>Show output</a>

<a href="#Output-2013136820" onClick="toggleAllBoxes();">Show all outputs</a>
<div class='log' id="Output-2013136820">
<img src='file://D:\2022\eclipse-workspace\hris-employee\src\test\resources\SS\20220714_142143.PNG'height="350" width="792"/><br/>
</div>
</td>
<td><div><pre>org.openqa.selenium.NoSuchElementException: no such element: Unable to locate element: {&quot;method&quot;:&quot;xpath&quot;,&quot;selector&quot;:&quot;//*[@id=&quot;dataTable&quot;]/tbody/tr[1]/td[2]&quot;}
  (Session info: chrome=103.0.5060.114)
For documentation on this error, please visit: https://selenium.dev/exceptions/#no_such_element
Build info: version: &apos;4.0.0&apos;, revision: &apos;3a21814679&apos;
System info: host: &apos;DESKTOP-KMN6TAK&apos;, ip: &apos;10.0.0.210&apos;, os.name: &apos;Windows 11&apos;, os.arch: &apos;amd64&apos;, os.version: &apos;10.0&apos;, java.version: &apos;11.0.15&apos;
Driver info: org.openqa.selenium.chrome.ChromeDriver
Command: [7af9fb99317b9bc05d0aeff3699633a6, findElement {using=xpath, value=//*[@id=&quot;dataTable&quot;]/tbody/tr[1]/td[2]}]
Capabilities {acceptInsecureCerts: false, browserName: chrome, browserVersion: 103.0.5060.114, chrome: {chromedriverVersion: 102.0.5005.61 (0e59bcc00cc4..., userDataDir: C:\Users\Nexsoft\AppData\Lo...}, goog:chromeOptions: {debuggerAddress: localhost:53282}, javascriptEnabled: true, networkConnectionEnabled: false, pageLoadStrategy: normal, platform: WINDOWS, platformName: WINDOWS, proxy: Proxy(), se:cdp: ws://localhost:53282/devtoo..., se:cdpVersion: 103.0.5060.114, setWindowRect: true, strictFileInteractability: false, timeouts: {implicit: 0, pageLoad: 300000, script: 30000}, unhandledPromptBehavior: dismiss and notify, webauthn:extension:credBlob: true, webauthn:extension:largeBlob: true, webauthn:virtualAuthenticators: true}
Session ID: 7af9fb99317b9bc05d0aeff3699633a6
	at org.openqa.selenium.remote.codec.w3c.W3CHttpResponseCodec.createException(W3CHttpResponseCodec.java:200)
	at org.openqa.selenium.remote.codec.w3c.W3CHttpResponseCodec.decode(W3CHttpResponseCodec.java:133)
	at org.openqa.selenium.remote.codec.w3c.W3CHttpResponseCodec.decode(W3CHttpResponseCodec.java:53)
	at org.openqa.selenium.remote.HttpCommandExecutor.execute(HttpCommandExecutor.java:184)
	at org.openqa.selenium.remote.service.DriverCommandExecutor.invokeExecute(DriverCommandExecutor.java:164)
	at org.openqa.selenium.remote.service.DriverCommandExecutor.execute(DriverCommandExecutor.java:139)
	at org.openqa.selenium.remote.RemoteWebDriver.execute(RemoteWebDriver.java:559)
	at org.openqa.selenium.remote.ElementLocation$ElementFinder$2.findElement(ElementLocation.java:162)
	at org.openqa.selenium.remote.ElementLocation.findElement(ElementLocation.java:60)
	at org.openqa.selenium.remote.RemoteWebDriver.findElement(RemoteWebDriver.java:383)
	at org.openqa.selenium.remote.RemoteWebDriver.findElement(RemoteWebDriver.java:375)
	at pom.HRISTrackingStaff.getName(HRISTrackingStaff.java:279)
	at pom.HRISTrackingStaff.searchDataTracking(HRISTrackingStaff.java:105)
	at definitions.RequestStaff.PendingSPVDefine.cekSearchGagal(PendingSPVDefine.java:1738)
	at ?.User menjalankan search data berdasarkan search Karyawan baru(file:///D:/2022/eclipse-workspace/hris-employee/src/test/resources/features/HRISTrackingSPV.feature:60)
... Removed 4 stack frames</pre></div><a href='#' onClick='toggleBox("stack-trace2013136820", this, "Click to show all stack frames", "Click to hide stack frames")'>Click to show all stack frames</a>
<div class='stack-trace' id='stack-trace2013136820'><pre>org.openqa.selenium.NoSuchElementException: no such element: Unable to locate element: {&quot;method&quot;:&quot;xpath&quot;,&quot;selector&quot;:&quot;//*[@id=&quot;dataTable&quot;]/tbody/tr[1]/td[2]&quot;}
  (Session info: chrome=103.0.5060.114)
For documentation on this error, please visit: https://selenium.dev/exceptions/#no_such_element
Build info: version: &apos;4.0.0&apos;, revision: &apos;3a21814679&apos;
System info: host: &apos;DESKTOP-KMN6TAK&apos;, ip: &apos;10.0.0.210&apos;, os.name: &apos;Windows 11&apos;, os.arch: &apos;amd64&apos;, os.version: &apos;10.0&apos;, java.version: &apos;11.0.15&apos;
Driver info: org.openqa.selenium.chrome.ChromeDriver
Command: [7af9fb99317b9bc05d0aeff3699633a6, findElement {using=xpath, value=//*[@id=&quot;dataTable&quot;]/tbody/tr[1]/td[2]}]
Capabilities {acceptInsecureCerts: false, browserName: chrome, browserVersion: 103.0.5060.114, chrome: {chromedriverVersion: 102.0.5005.61 (0e59bcc00cc4..., userDataDir: C:\Users\Nexsoft\AppData\Lo...}, goog:chromeOptions: {debuggerAddress: localhost:53282}, javascriptEnabled: true, networkConnectionEnabled: false, pageLoadStrategy: normal, platform: WINDOWS, platformName: WINDOWS, proxy: Proxy(), se:cdp: ws://localhost:53282/devtoo..., se:cdpVersion: 103.0.5060.114, setWindowRect: true, strictFileInteractability: false, timeouts: {implicit: 0, pageLoad: 300000, script: 30000}, unhandledPromptBehavior: dismiss and notify, webauthn:extension:credBlob: true, webauthn:extension:largeBlob: true, webauthn:virtualAuthenticators: true}
Session ID: 7af9fb99317b9bc05d0aeff3699633a6
	at java.base/jdk.internal.reflect.NativeConstructorAccessorImpl.newInstance0(Native Method)
	at java.base/jdk.internal.reflect.NativeConstructorAccessorImpl.newInstance(NativeConstructorAccessorImpl.java:62)
	at java.base/jdk.internal.reflect.DelegatingConstructorAccessorImpl.newInstance(DelegatingConstructorAccessorImpl.java:45)
	at java.base/java.lang.reflect.Constructor.newInstance(Constructor.java:490)
	at org.openqa.selenium.remote.codec.w3c.W3CHttpResponseCodec.createException(W3CHttpResponseCodec.java:200)
	at org.openqa.selenium.remote.codec.w3c.W3CHttpResponseCodec.decode(W3CHttpResponseCodec.java:133)
	at org.openqa.selenium.remote.codec.w3c.W3CHttpResponseCodec.decode(W3CHttpResponseCodec.java:53)
	at org.openqa.selenium.remote.HttpCommandExecutor.execute(HttpCommandExecutor.java:184)
	at org.openqa.selenium.remote.service.DriverCommandExecutor.invokeExecute(DriverCommandExecutor.java:164)
	at org.openqa.selenium.remote.service.DriverCommandExecutor.execute(DriverCommandExecutor.java:139)
	at org.openqa.selenium.remote.RemoteWebDriver.execute(RemoteWebDriver.java:559)
	at org.openqa.selenium.remote.ElementLocation$ElementFinder$2.findElement(ElementLocation.java:162)
	at org.openqa.selenium.remote.ElementLocation.findElement(ElementLocation.java:60)
	at org.openqa.selenium.remote.RemoteWebDriver.findElement(RemoteWebDriver.java:383)
	at org.openqa.selenium.remote.RemoteWebDriver.findElement(RemoteWebDriver.java:375)
	at pom.HRISTrackingStaff.getName(HRISTrackingStaff.java:279)
	at pom.HRISTrackingStaff.searchDataTracking(HRISTrackingStaff.java:105)
	at definitions.RequestStaff.PendingSPVDefine.cekSearchGagal(PendingSPVDefine.java:1738)
	at ?.User menjalankan search data berdasarkan search Karyawan baru(file:///D:/2022/eclipse-workspace/hris-employee/src/test/resources/features/HRISTrackingSPV.feature:60)
</pre></div></td>
<td>31</td>
<td>runner.HRISTrackingSpvRunner@15a34df2</td></tr>
<tr>
<td title='runner.HRISTrackingSpvRunner.runScenario()'><b>runScenario</b><br>Test class: runner.HRISTrackingSpvRunner<br>Test method: Runs Cucumber Scenarios<br>Parameters: "Pending spv cek fungsi filter", "Request Staff Sub Menu Tracking"<br/>
<a href="#Output-2133994142" onClick='toggleBox("Output-2133994142", this, "Show output", "Hide output");'>Show output</a>

<a href="#Output-2133994142" onClick="toggleAllBoxes();">Show all outputs</a>
<div class='log' id="Output-2133994142">
<img src='file://D:\2022\eclipse-workspace\hris-employee\src\test\resources\SS\20220714_141930.PNG'height="350" width="792"/><br/>
</div>
</td>
<td><div><pre>java.lang.NumberFormatException: For input string: &quot;&quot;
	at java.base/java.lang.NumberFormatException.forInputString(NumberFormatException.java:65)
	at java.base/java.lang.Integer.parseInt(Integer.java:662)
	at java.base/java.lang.Integer.parseInt(Integer.java:770)
	at definitions.RequestStaff.PendingSPVDefine.filter_date_by(PendingSPVDefine.java:1787)
	at ?.Validasi filter  date (file:///D:/2022/eclipse-workspace/hris-employee/src/test/resources/features/HRISTrackingSPV.feature:46)
</pre></div><a href='#' onClick='toggleBox("stack-trace2133994142", this, "Click to show all stack frames", "Click to hide stack frames")'>Click to show all stack frames</a>
<div class='stack-trace' id='stack-trace2133994142'><pre>java.lang.NumberFormatException: For input string: &quot;&quot;
	at java.base/java.lang.NumberFormatException.forInputString(NumberFormatException.java:65)
	at java.base/java.lang.Integer.parseInt(Integer.java:662)
	at java.base/java.lang.Integer.parseInt(Integer.java:770)
	at definitions.RequestStaff.PendingSPVDefine.filter_date_by(PendingSPVDefine.java:1787)
	at ?.Validasi filter  date (file:///D:/2022/eclipse-workspace/hris-employee/src/test/resources/features/HRISTrackingSPV.feature:46)
</pre></div></td>
<td>17</td>
<td>runner.HRISTrackingSpvRunner@15a34df2</td></tr>
<tr>
<td title='runner.HRISTrackingSpvRunner.runScenario()'><b>runScenario</b><br>Test class: runner.HRISTrackingSpvRunner<br>Test method: Runs Cucumber Scenarios<br>Parameters: "Request Staff pending spv search data negatif test", "Request Staff Sub Menu Tracking"<br/>
<a href="#Output-10222517" onClick='toggleBox("Output-10222517", this, "Show output", "Hide output");'>Show output</a>

<a href="#Output-10222517" onClick="toggleAllBoxes();">Show all outputs</a>
<div class='log' id="Output-10222517">
<img src='file://D:\2022\eclipse-workspace\hris-employee\src\test\resources\SS\20220714_142003.PNG'height="350" width="792"/><br/>
</div>
</td>
<td><div><pre>org.openqa.selenium.NoSuchElementException: no such element: Unable to locate element: {&quot;method&quot;:&quot;xpath&quot;,&quot;selector&quot;:&quot;//*[@id=&quot;dataTable&quot;]/tbody/tr[1]/td[2]&quot;}
  (Session info: chrome=103.0.5060.114)
For documentation on this error, please visit: https://selenium.dev/exceptions/#no_such_element
Build info: version: &apos;4.0.0&apos;, revision: &apos;3a21814679&apos;
System info: host: &apos;DESKTOP-KMN6TAK&apos;, ip: &apos;10.0.0.210&apos;, os.name: &apos;Windows 11&apos;, os.arch: &apos;amd64&apos;, os.version: &apos;10.0&apos;, java.version: &apos;11.0.15&apos;
Driver info: org.openqa.selenium.chrome.ChromeDriver
Command: [8b56cf374b2960bca16a1ca3d29e32a0, findElement {using=xpath, value=//*[@id=&quot;dataTable&quot;]/tbody/tr[1]/td[2]}]
Capabilities {acceptInsecureCerts: false, browserName: chrome, browserVersion: 103.0.5060.114, chrome: {chromedriverVersion: 102.0.5005.61 (0e59bcc00cc4..., userDataDir: C:\Users\Nexsoft\AppData\Lo...}, goog:chromeOptions: {debuggerAddress: localhost:53176}, javascriptEnabled: true, networkConnectionEnabled: false, pageLoadStrategy: normal, platform: WINDOWS, platformName: WINDOWS, proxy: Proxy(), se:cdp: ws://localhost:53176/devtoo..., se:cdpVersion: 103.0.5060.114, setWindowRect: true, strictFileInteractability: false, timeouts: {implicit: 0, pageLoad: 300000, script: 30000}, unhandledPromptBehavior: dismiss and notify, webauthn:extension:credBlob: true, webauthn:extension:largeBlob: true, webauthn:virtualAuthenticators: true}
Session ID: 8b56cf374b2960bca16a1ca3d29e32a0
	at org.openqa.selenium.remote.codec.w3c.W3CHttpResponseCodec.createException(W3CHttpResponseCodec.java:200)
	at org.openqa.selenium.remote.codec.w3c.W3CHttpResponseCodec.decode(W3CHttpResponseCodec.java:133)
	at org.openqa.selenium.remote.codec.w3c.W3CHttpResponseCodec.decode(W3CHttpResponseCodec.java:53)
	at org.openqa.selenium.remote.HttpCommandExecutor.execute(HttpCommandExecutor.java:184)
	at org.openqa.selenium.remote.service.DriverCommandExecutor.invokeExecute(DriverCommandExecutor.java:164)
	at org.openqa.selenium.remote.service.DriverCommandExecutor.execute(DriverCommandExecutor.java:139)
	at org.openqa.selenium.remote.RemoteWebDriver.execute(RemoteWebDriver.java:559)
	at org.openqa.selenium.remote.ElementLocation$ElementFinder$2.findElement(ElementLocation.java:162)
	at org.openqa.selenium.remote.ElementLocation.findElement(ElementLocation.java:60)
	at org.openqa.selenium.remote.RemoteWebDriver.findElement(RemoteWebDriver.java:383)
	at org.openqa.selenium.remote.RemoteWebDriver.findElement(RemoteWebDriver.java:375)
	at pom.HRISTrackingStaff.getName(HRISTrackingStaff.java:279)
	at pom.HRISTrackingStaff.searchDataTracking(HRISTrackingStaff.java:105)
	at definitions.RequestStaff.PendingSPVDefine.cekSearchGagal(PendingSPVDefine.java:1738)
	at ?.User menjalankan search data berdasarkan search ADHITYA BAYU W(file:///D:/2022/eclipse-workspace/hris-employee/src/test/resources/features/HRISTrackingSPV.feature:60)
... Removed 4 stack frames</pre></div><a href='#' onClick='toggleBox("stack-trace10222517", this, "Click to show all stack frames", "Click to hide stack frames")'>Click to show all stack frames</a>
<div class='stack-trace' id='stack-trace10222517'><pre>org.openqa.selenium.NoSuchElementException: no such element: Unable to locate element: {&quot;method&quot;:&quot;xpath&quot;,&quot;selector&quot;:&quot;//*[@id=&quot;dataTable&quot;]/tbody/tr[1]/td[2]&quot;}
  (Session info: chrome=103.0.5060.114)
For documentation on this error, please visit: https://selenium.dev/exceptions/#no_such_element
Build info: version: &apos;4.0.0&apos;, revision: &apos;3a21814679&apos;
System info: host: &apos;DESKTOP-KMN6TAK&apos;, ip: &apos;10.0.0.210&apos;, os.name: &apos;Windows 11&apos;, os.arch: &apos;amd64&apos;, os.version: &apos;10.0&apos;, java.version: &apos;11.0.15&apos;
Driver info: org.openqa.selenium.chrome.ChromeDriver
Command: [8b56cf374b2960bca16a1ca3d29e32a0, findElement {using=xpath, value=//*[@id=&quot;dataTable&quot;]/tbody/tr[1]/td[2]}]
Capabilities {acceptInsecureCerts: false, browserName: chrome, browserVersion: 103.0.5060.114, chrome: {chromedriverVersion: 102.0.5005.61 (0e59bcc00cc4..., userDataDir: C:\Users\Nexsoft\AppData\Lo...}, goog:chromeOptions: {debuggerAddress: localhost:53176}, javascriptEnabled: true, networkConnectionEnabled: false, pageLoadStrategy: normal, platform: WINDOWS, platformName: WINDOWS, proxy: Proxy(), se:cdp: ws://localhost:53176/devtoo..., se:cdpVersion: 103.0.5060.114, setWindowRect: true, strictFileInteractability: false, timeouts: {implicit: 0, pageLoad: 300000, script: 30000}, unhandledPromptBehavior: dismiss and notify, webauthn:extension:credBlob: true, webauthn:extension:largeBlob: true, webauthn:virtualAuthenticators: true}
Session ID: 8b56cf374b2960bca16a1ca3d29e32a0
	at java.base/jdk.internal.reflect.NativeConstructorAccessorImpl.newInstance0(Native Method)
	at java.base/jdk.internal.reflect.NativeConstructorAccessorImpl.newInstance(NativeConstructorAccessorImpl.java:62)
	at java.base/jdk.internal.reflect.DelegatingConstructorAccessorImpl.newInstance(DelegatingConstructorAccessorImpl.java:45)
	at java.base/java.lang.reflect.Constructor.newInstance(Constructor.java:490)
	at org.openqa.selenium.remote.codec.w3c.W3CHttpResponseCodec.createException(W3CHttpResponseCodec.java:200)
	at org.openqa.selenium.remote.codec.w3c.W3CHttpResponseCodec.decode(W3CHttpResponseCodec.java:133)
	at org.openqa.selenium.remote.codec.w3c.W3CHttpResponseCodec.decode(W3CHttpResponseCodec.java:53)
	at org.openqa.selenium.remote.HttpCommandExecutor.execute(HttpCommandExecutor.java:184)
	at org.openqa.selenium.remote.service.DriverCommandExecutor.invokeExecute(DriverCommandExecutor.java:164)
	at org.openqa.selenium.remote.service.DriverCommandExecutor.execute(DriverCommandExecutor.java:139)
	at org.openqa.selenium.remote.RemoteWebDriver.execute(RemoteWebDriver.java:559)
	at org.openqa.selenium.remote.ElementLocation$ElementFinder$2.findElement(ElementLocation.java:162)
	at org.openqa.selenium.remote.ElementLocation.findElement(ElementLocation.java:60)
	at org.openqa.selenium.remote.RemoteWebDriver.findElement(RemoteWebDriver.java:383)
	at org.openqa.selenium.remote.RemoteWebDriver.findElement(RemoteWebDriver.java:375)
	at pom.HRISTrackingStaff.getName(HRISTrackingStaff.java:279)
	at pom.HRISTrackingStaff.searchDataTracking(HRISTrackingStaff.java:105)
	at definitions.RequestStaff.PendingSPVDefine.cekSearchGagal(PendingSPVDefine.java:1738)
	at ?.User menjalankan search data berdasarkan search ADHITYA BAYU W(file:///D:/2022/eclipse-workspace/hris-employee/src/test/resources/features/HRISTrackingSPV.feature:60)
</pre></div></td>
<td>32</td>
<td>runner.HRISTrackingSpvRunner@15a34df2</td></tr>
<tr>
<td title='runner.HRISTrackingSpvRunner.runScenario()'><b>runScenario</b><br>Test class: runner.HRISTrackingSpvRunner<br>Test method: Runs Cucumber Scenarios<br>Parameters: "Pending spv cek fungsi filter", "Request Staff Sub Menu Tracking"<br/>
<a href="#Output-1756021147" onClick='toggleBox("Output-1756021147", this, "Show output", "Hide output");'>Show output</a>

<a href="#Output-1756021147" onClick="toggleAllBoxes();">Show all outputs</a>
<div class='log' id="Output-1756021147">
<img src='file://D:\2022\eclipse-workspace\hris-employee\src\test\resources\SS\20220714_141913.PNG'height="350" width="792"/><br/>
</div>
</td>
<td><div><pre>java.lang.AssertionError: expected [true] but found [false]
	at definitions.RequestStaff.PendingSPVDefine.filter_date_by(PendingSPVDefine.java:1800)
	at ?.Validasi filter 12-07-2022 date 11-06-2022(file:///D:/2022/eclipse-workspace/hris-employee/src/test/resources/features/HRISTrackingSPV.feature:46)
... Removed 4 stack frames</pre></div><a href='#' onClick='toggleBox("stack-trace1756021147", this, "Click to show all stack frames", "Click to hide stack frames")'>Click to show all stack frames</a>
<div class='stack-trace' id='stack-trace1756021147'><pre>java.lang.AssertionError: expected [true] but found [false]
	at org.testng.Assert.fail(Assert.java:110)
	at org.testng.Assert.failNotEquals(Assert.java:1413)
	at org.testng.Assert.assertTrue(Assert.java:56)
	at org.testng.Assert.assertTrue(Assert.java:66)
	at definitions.RequestStaff.PendingSPVDefine.filter_date_by(PendingSPVDefine.java:1800)
	at ?.Validasi filter 12-07-2022 date 11-06-2022(file:///D:/2022/eclipse-workspace/hris-employee/src/test/resources/features/HRISTrackingSPV.feature:46)
</pre></div></td>
<td>21</td>
<td>runner.HRISTrackingSpvRunner@15a34df2</td></tr>
<tr>
<td title='runner.HRISTrackingSpvRunner.runScenario()'><b>runScenario</b><br>Test class: runner.HRISTrackingSpvRunner<br>Test method: Runs Cucumber Scenarios<br>Parameters: "Request Staff pending spv search data negatif test", "Request Staff Sub Menu Tracking"<br/>
<a href="#Output-731608110" onClick='toggleBox("Output-731608110", this, "Show output", "Hide output");'>Show output</a>

<a href="#Output-731608110" onClick="toggleAllBoxes();">Show all outputs</a>
<div class='log' id="Output-731608110">
<img src='file://D:\2022\eclipse-workspace\hris-employee\src\test\resources\SS\20220714_142038.PNG'height="350" width="792"/><br/>
</div>
</td>
<td><div><pre>org.openqa.selenium.NoSuchElementException: no such element: Unable to locate element: {&quot;method&quot;:&quot;xpath&quot;,&quot;selector&quot;:&quot;//*[@id=&quot;dataTable&quot;]/tbody/tr[1]/td[2]&quot;}
  (Session info: chrome=103.0.5060.114)
For documentation on this error, please visit: https://selenium.dev/exceptions/#no_such_element
Build info: version: &apos;4.0.0&apos;, revision: &apos;3a21814679&apos;
System info: host: &apos;DESKTOP-KMN6TAK&apos;, ip: &apos;10.0.0.210&apos;, os.name: &apos;Windows 11&apos;, os.arch: &apos;amd64&apos;, os.version: &apos;10.0&apos;, java.version: &apos;11.0.15&apos;
Driver info: org.openqa.selenium.chrome.ChromeDriver
Command: [a7aa57c2fa768fdf39c7ae350fd931de, findElement {using=xpath, value=//*[@id=&quot;dataTable&quot;]/tbody/tr[1]/td[2]}]
Capabilities {acceptInsecureCerts: false, browserName: chrome, browserVersion: 103.0.5060.114, chrome: {chromedriverVersion: 102.0.5005.61 (0e59bcc00cc4..., userDataDir: C:\Users\Nexsoft\AppData\Lo...}, goog:chromeOptions: {debuggerAddress: localhost:53209}, javascriptEnabled: true, networkConnectionEnabled: false, pageLoadStrategy: normal, platform: WINDOWS, platformName: WINDOWS, proxy: Proxy(), se:cdp: ws://localhost:53209/devtoo..., se:cdpVersion: 103.0.5060.114, setWindowRect: true, strictFileInteractability: false, timeouts: {implicit: 0, pageLoad: 300000, script: 30000}, unhandledPromptBehavior: dismiss and notify, webauthn:extension:credBlob: true, webauthn:extension:largeBlob: true, webauthn:virtualAuthenticators: true}
Session ID: a7aa57c2fa768fdf39c7ae350fd931de
	at org.openqa.selenium.remote.codec.w3c.W3CHttpResponseCodec.createException(W3CHttpResponseCodec.java:200)
	at org.openqa.selenium.remote.codec.w3c.W3CHttpResponseCodec.decode(W3CHttpResponseCodec.java:133)
	at org.openqa.selenium.remote.codec.w3c.W3CHttpResponseCodec.decode(W3CHttpResponseCodec.java:53)
	at org.openqa.selenium.remote.HttpCommandExecutor.execute(HttpCommandExecutor.java:184)
	at org.openqa.selenium.remote.service.DriverCommandExecutor.invokeExecute(DriverCommandExecutor.java:164)
	at org.openqa.selenium.remote.service.DriverCommandExecutor.execute(DriverCommandExecutor.java:139)
	at org.openqa.selenium.remote.RemoteWebDriver.execute(RemoteWebDriver.java:559)
	at org.openqa.selenium.remote.ElementLocation$ElementFinder$2.findElement(ElementLocation.java:162)
	at org.openqa.selenium.remote.ElementLocation.findElement(ElementLocation.java:60)
	at org.openqa.selenium.remote.RemoteWebDriver.findElement(RemoteWebDriver.java:383)
	at org.openqa.selenium.remote.RemoteWebDriver.findElement(RemoteWebDriver.java:375)
	at pom.HRISTrackingStaff.getName(HRISTrackingStaff.java:279)
	at pom.HRISTrackingStaff.searchDataTracking(HRISTrackingStaff.java:105)
	at definitions.RequestStaff.PendingSPVDefine.cekSearchGagal(PendingSPVDefine.java:1738)
	at ?.User menjalankan search data berdasarkan search Supervisor(file:///D:/2022/eclipse-workspace/hris-employee/src/test/resources/features/HRISTrackingSPV.feature:60)
... Removed 4 stack frames</pre></div><a href='#' onClick='toggleBox("stack-trace731608110", this, "Click to show all stack frames", "Click to hide stack frames")'>Click to show all stack frames</a>
<div class='stack-trace' id='stack-trace731608110'><pre>org.openqa.selenium.NoSuchElementException: no such element: Unable to locate element: {&quot;method&quot;:&quot;xpath&quot;,&quot;selector&quot;:&quot;//*[@id=&quot;dataTable&quot;]/tbody/tr[1]/td[2]&quot;}
  (Session info: chrome=103.0.5060.114)
For documentation on this error, please visit: https://selenium.dev/exceptions/#no_such_element
Build info: version: &apos;4.0.0&apos;, revision: &apos;3a21814679&apos;
System info: host: &apos;DESKTOP-KMN6TAK&apos;, ip: &apos;10.0.0.210&apos;, os.name: &apos;Windows 11&apos;, os.arch: &apos;amd64&apos;, os.version: &apos;10.0&apos;, java.version: &apos;11.0.15&apos;
Driver info: org.openqa.selenium.chrome.ChromeDriver
Command: [a7aa57c2fa768fdf39c7ae350fd931de, findElement {using=xpath, value=//*[@id=&quot;dataTable&quot;]/tbody/tr[1]/td[2]}]
Capabilities {acceptInsecureCerts: false, browserName: chrome, browserVersion: 103.0.5060.114, chrome: {chromedriverVersion: 102.0.5005.61 (0e59bcc00cc4..., userDataDir: C:\Users\Nexsoft\AppData\Lo...}, goog:chromeOptions: {debuggerAddress: localhost:53209}, javascriptEnabled: true, networkConnectionEnabled: false, pageLoadStrategy: normal, platform: WINDOWS, platformName: WINDOWS, proxy: Proxy(), se:cdp: ws://localhost:53209/devtoo..., se:cdpVersion: 103.0.5060.114, setWindowRect: true, strictFileInteractability: false, timeouts: {implicit: 0, pageLoad: 300000, script: 30000}, unhandledPromptBehavior: dismiss and notify, webauthn:extension:credBlob: true, webauthn:extension:largeBlob: true, webauthn:virtualAuthenticators: true}
Session ID: a7aa57c2fa768fdf39c7ae350fd931de
	at java.base/jdk.internal.reflect.NativeConstructorAccessorImpl.newInstance0(Native Method)
	at java.base/jdk.internal.reflect.NativeConstructorAccessorImpl.newInstance(NativeConstructorAccessorImpl.java:62)
	at java.base/jdk.internal.reflect.DelegatingConstructorAccessorImpl.newInstance(DelegatingConstructorAccessorImpl.java:45)
	at java.base/java.lang.reflect.Constructor.newInstance(Constructor.java:490)
	at org.openqa.selenium.remote.codec.w3c.W3CHttpResponseCodec.createException(W3CHttpResponseCodec.java:200)
	at org.openqa.selenium.remote.codec.w3c.W3CHttpResponseCodec.decode(W3CHttpResponseCodec.java:133)
	at org.openqa.selenium.remote.codec.w3c.W3CHttpResponseCodec.decode(W3CHttpResponseCodec.java:53)
	at org.openqa.selenium.remote.HttpCommandExecutor.execute(HttpCommandExecutor.java:184)
	at org.openqa.selenium.remote.service.DriverCommandExecutor.invokeExecute(DriverCommandExecutor.java:164)
	at org.openqa.selenium.remote.service.DriverCommandExecutor.execute(DriverCommandExecutor.java:139)
	at org.openqa.selenium.remote.RemoteWebDriver.execute(RemoteWebDriver.java:559)
	at org.openqa.selenium.remote.ElementLocation$ElementFinder$2.findElement(ElementLocation.java:162)
	at org.openqa.selenium.remote.ElementLocation.findElement(ElementLocation.java:60)
	at org.openqa.selenium.remote.RemoteWebDriver.findElement(RemoteWebDriver.java:383)
	at org.openqa.selenium.remote.RemoteWebDriver.findElement(RemoteWebDriver.java:375)
	at pom.HRISTrackingStaff.getName(HRISTrackingStaff.java:279)
	at pom.HRISTrackingStaff.searchDataTracking(HRISTrackingStaff.java:105)
	at definitions.RequestStaff.PendingSPVDefine.cekSearchGagal(PendingSPVDefine.java:1738)
	at ?.User menjalankan search data berdasarkan search Supervisor(file:///D:/2022/eclipse-workspace/hris-employee/src/test/resources/features/HRISTrackingSPV.feature:60)
</pre></div></td>
<td>34</td>
<td>runner.HRISTrackingSpvRunner@15a34df2</td></tr>
<tr>
<td title='runner.HRISTrackingSpvRunner.runScenario()'><b>runScenario</b><br>Test class: runner.HRISTrackingSpvRunner<br>Test method: Runs Cucumber Scenarios<br>Parameters: "Request Staff pending spv search data negatif test", "Request Staff Sub Menu Tracking"<br/>
<a href="#Output-1199331973" onClick='toggleBox("Output-1199331973", this, "Show output", "Hide output");'>Show output</a>

<a href="#Output-1199331973" onClick="toggleAllBoxes();">Show all outputs</a>
<div class='log' id="Output-1199331973">
<img src='file://D:\2022\eclipse-workspace\hris-employee\src\test\resources\SS\20220714_142247.PNG'height="350" width="792"/><br/>
</div>
</td>
<td><div><pre>org.openqa.selenium.NoSuchElementException: no such element: Unable to locate element: {&quot;method&quot;:&quot;xpath&quot;,&quot;selector&quot;:&quot;//*[@id=&quot;dataTable&quot;]/tbody/tr[1]/td[2]&quot;}
  (Session info: chrome=103.0.5060.114)
For documentation on this error, please visit: https://selenium.dev/exceptions/#no_such_element
Build info: version: &apos;4.0.0&apos;, revision: &apos;3a21814679&apos;
System info: host: &apos;DESKTOP-KMN6TAK&apos;, ip: &apos;10.0.0.210&apos;, os.name: &apos;Windows 11&apos;, os.arch: &apos;amd64&apos;, os.version: &apos;10.0&apos;, java.version: &apos;11.0.15&apos;
Driver info: org.openqa.selenium.chrome.ChromeDriver
Command: [027ab65291611f21842fcfe865d97b2e, findElement {using=xpath, value=//*[@id=&quot;dataTable&quot;]/tbody/tr[1]/td[2]}]
Capabilities {acceptInsecureCerts: false, browserName: chrome, browserVersion: 103.0.5060.114, chrome: {chromedriverVersion: 102.0.5005.61 (0e59bcc00cc4..., userDataDir: C:\Users\Nexsoft\AppData\Lo...}, goog:chromeOptions: {debuggerAddress: localhost:53364}, javascriptEnabled: true, networkConnectionEnabled: false, pageLoadStrategy: normal, platform: WINDOWS, platformName: WINDOWS, proxy: Proxy(), se:cdp: ws://localhost:53364/devtoo..., se:cdpVersion: 103.0.5060.114, setWindowRect: true, strictFileInteractability: false, timeouts: {implicit: 0, pageLoad: 300000, script: 30000}, unhandledPromptBehavior: dismiss and notify, webauthn:extension:credBlob: true, webauthn:extension:largeBlob: true, webauthn:virtualAuthenticators: true}
Session ID: 027ab65291611f21842fcfe865d97b2e
	at org.openqa.selenium.remote.codec.w3c.W3CHttpResponseCodec.createException(W3CHttpResponseCodec.java:200)
	at org.openqa.selenium.remote.codec.w3c.W3CHttpResponseCodec.decode(W3CHttpResponseCodec.java:133)
	at org.openqa.selenium.remote.codec.w3c.W3CHttpResponseCodec.decode(W3CHttpResponseCodec.java:53)
	at org.openqa.selenium.remote.HttpCommandExecutor.execute(HttpCommandExecutor.java:184)
	at org.openqa.selenium.remote.service.DriverCommandExecutor.invokeExecute(DriverCommandExecutor.java:164)
	at org.openqa.selenium.remote.service.DriverCommandExecutor.execute(DriverCommandExecutor.java:139)
	at org.openqa.selenium.remote.RemoteWebDriver.execute(RemoteWebDriver.java:559)
	at org.openqa.selenium.remote.ElementLocation$ElementFinder$2.findElement(ElementLocation.java:162)
	at org.openqa.selenium.remote.ElementLocation.findElement(ElementLocation.java:60)
	at org.openqa.selenium.remote.RemoteWebDriver.findElement(RemoteWebDriver.java:383)
	at org.openqa.selenium.remote.RemoteWebDriver.findElement(RemoteWebDriver.java:375)
	at pom.HRISTrackingStaff.getName(HRISTrackingStaff.java:279)
	at pom.HRISTrackingStaff.searchDataTracking(HRISTrackingStaff.java:105)
	at definitions.RequestStaff.PendingSPVDefine.cekSearchGagal(PendingSPVDefine.java:1738)
	at ?.User menjalankan search data berdasarkan search Juara Coding Tebet(file:///D:/2022/eclipse-workspace/hris-employee/src/test/resources/features/HRISTrackingSPV.feature:60)
... Removed 4 stack frames</pre></div><a href='#' onClick='toggleBox("stack-trace1199331973", this, "Click to show all stack frames", "Click to hide stack frames")'>Click to show all stack frames</a>
<div class='stack-trace' id='stack-trace1199331973'><pre>org.openqa.selenium.NoSuchElementException: no such element: Unable to locate element: {&quot;method&quot;:&quot;xpath&quot;,&quot;selector&quot;:&quot;//*[@id=&quot;dataTable&quot;]/tbody/tr[1]/td[2]&quot;}
  (Session info: chrome=103.0.5060.114)
For documentation on this error, please visit: https://selenium.dev/exceptions/#no_such_element
Build info: version: &apos;4.0.0&apos;, revision: &apos;3a21814679&apos;
System info: host: &apos;DESKTOP-KMN6TAK&apos;, ip: &apos;10.0.0.210&apos;, os.name: &apos;Windows 11&apos;, os.arch: &apos;amd64&apos;, os.version: &apos;10.0&apos;, java.version: &apos;11.0.15&apos;
Driver info: org.openqa.selenium.chrome.ChromeDriver
Command: [027ab65291611f21842fcfe865d97b2e, findElement {using=xpath, value=//*[@id=&quot;dataTable&quot;]/tbody/tr[1]/td[2]}]
Capabilities {acceptInsecureCerts: false, browserName: chrome, browserVersion: 103.0.5060.114, chrome: {chromedriverVersion: 102.0.5005.61 (0e59bcc00cc4..., userDataDir: C:\Users\Nexsoft\AppData\Lo...}, goog:chromeOptions: {debuggerAddress: localhost:53364}, javascriptEnabled: true, networkConnectionEnabled: false, pageLoadStrategy: normal, platform: WINDOWS, platformName: WINDOWS, proxy: Proxy(), se:cdp: ws://localhost:53364/devtoo..., se:cdpVersion: 103.0.5060.114, setWindowRect: true, strictFileInteractability: false, timeouts: {implicit: 0, pageLoad: 300000, script: 30000}, unhandledPromptBehavior: dismiss and notify, webauthn:extension:credBlob: true, webauthn:extension:largeBlob: true, webauthn:virtualAuthenticators: true}
Session ID: 027ab65291611f21842fcfe865d97b2e
	at java.base/jdk.internal.reflect.NativeConstructorAccessorImpl.newInstance0(Native Method)
	at java.base/jdk.internal.reflect.NativeConstructorAccessorImpl.newInstance(NativeConstructorAccessorImpl.java:62)
	at java.base/jdk.internal.reflect.DelegatingConstructorAccessorImpl.newInstance(DelegatingConstructorAccessorImpl.java:45)
	at java.base/java.lang.reflect.Constructor.newInstance(Constructor.java:490)
	at org.openqa.selenium.remote.codec.w3c.W3CHttpResponseCodec.createException(W3CHttpResponseCodec.java:200)
	at org.openqa.selenium.remote.codec.w3c.W3CHttpResponseCodec.decode(W3CHttpResponseCodec.java:133)
	at org.openqa.selenium.remote.codec.w3c.W3CHttpResponseCodec.decode(W3CHttpResponseCodec.java:53)
	at org.openqa.selenium.remote.HttpCommandExecutor.execute(HttpCommandExecutor.java:184)
	at org.openqa.selenium.remote.service.DriverCommandExecutor.invokeExecute(DriverCommandExecutor.java:164)
	at org.openqa.selenium.remote.service.DriverCommandExecutor.execute(DriverCommandExecutor.java:139)
	at org.openqa.selenium.remote.RemoteWebDriver.execute(RemoteWebDriver.java:559)
	at org.openqa.selenium.remote.ElementLocation$ElementFinder$2.findElement(ElementLocation.java:162)
	at org.openqa.selenium.remote.ElementLocation.findElement(ElementLocation.java:60)
	at org.openqa.selenium.remote.RemoteWebDriver.findElement(RemoteWebDriver.java:383)
	at org.openqa.selenium.remote.RemoteWebDriver.findElement(RemoteWebDriver.java:375)
	at pom.HRISTrackingStaff.getName(HRISTrackingStaff.java:279)
	at pom.HRISTrackingStaff.searchDataTracking(HRISTrackingStaff.java:105)
	at definitions.RequestStaff.PendingSPVDefine.cekSearchGagal(PendingSPVDefine.java:1738)
	at ?.User menjalankan search data berdasarkan search Juara Coding Tebet(file:///D:/2022/eclipse-workspace/hris-employee/src/test/resources/features/HRISTrackingSPV.feature:60)
</pre></div></td>
<td>32</td>
<td>runner.HRISTrackingSpvRunner@15a34df2</td></tr>
<tr>
<td title='runner.HRISTrackingSpvRunner.runScenario()'><b>runScenario</b><br>Test class: runner.HRISTrackingSpvRunner<br>Test method: Runs Cucumber Scenarios<br>Parameters: "Request Staff pending spv search data negatif test", "Request Staff Sub Menu Tracking"<br/>
<a href="#Output-1007985641" onClick='toggleBox("Output-1007985641", this, "Show output", "Hide output");'>Show output</a>

<a href="#Output-1007985641" onClick="toggleAllBoxes();">Show all outputs</a>
<div class='log' id="Output-1007985641">
<img src='file://D:\2022\eclipse-workspace\hris-employee\src\test\resources\SS\20220714_142215.PNG'height="350" width="792"/><br/>
</div>
</td>
<td><div><pre>org.openqa.selenium.NoSuchElementException: no such element: Unable to locate element: {&quot;method&quot;:&quot;xpath&quot;,&quot;selector&quot;:&quot;//*[@id=&quot;dataTable&quot;]/tbody/tr[1]/td[2]&quot;}
  (Session info: chrome=103.0.5060.114)
For documentation on this error, please visit: https://selenium.dev/exceptions/#no_such_element
Build info: version: &apos;4.0.0&apos;, revision: &apos;3a21814679&apos;
System info: host: &apos;DESKTOP-KMN6TAK&apos;, ip: &apos;10.0.0.210&apos;, os.name: &apos;Windows 11&apos;, os.arch: &apos;amd64&apos;, os.version: &apos;10.0&apos;, java.version: &apos;11.0.15&apos;
Driver info: org.openqa.selenium.chrome.ChromeDriver
Command: [09427fd452a142b91cfde3a6e35ac949, findElement {using=xpath, value=//*[@id=&quot;dataTable&quot;]/tbody/tr[1]/td[2]}]
Capabilities {acceptInsecureCerts: false, browserName: chrome, browserVersion: 103.0.5060.114, chrome: {chromedriverVersion: 102.0.5005.61 (0e59bcc00cc4..., userDataDir: C:\Users\Nexsoft\AppData\Lo...}, goog:chromeOptions: {debuggerAddress: localhost:53330}, javascriptEnabled: true, networkConnectionEnabled: false, pageLoadStrategy: normal, platform: WINDOWS, platformName: WINDOWS, proxy: Proxy(), se:cdp: ws://localhost:53330/devtoo..., se:cdpVersion: 103.0.5060.114, setWindowRect: true, strictFileInteractability: false, timeouts: {implicit: 0, pageLoad: 300000, script: 30000}, unhandledPromptBehavior: dismiss and notify, webauthn:extension:credBlob: true, webauthn:extension:largeBlob: true, webauthn:virtualAuthenticators: true}
Session ID: 09427fd452a142b91cfde3a6e35ac949
	at org.openqa.selenium.remote.codec.w3c.W3CHttpResponseCodec.createException(W3CHttpResponseCodec.java:200)
	at org.openqa.selenium.remote.codec.w3c.W3CHttpResponseCodec.decode(W3CHttpResponseCodec.java:133)
	at org.openqa.selenium.remote.codec.w3c.W3CHttpResponseCodec.decode(W3CHttpResponseCodec.java:53)
	at org.openqa.selenium.remote.HttpCommandExecutor.execute(HttpCommandExecutor.java:184)
	at org.openqa.selenium.remote.service.DriverCommandExecutor.invokeExecute(DriverCommandExecutor.java:164)
	at org.openqa.selenium.remote.service.DriverCommandExecutor.execute(DriverCommandExecutor.java:139)
	at org.openqa.selenium.remote.RemoteWebDriver.execute(RemoteWebDriver.java:559)
	at org.openqa.selenium.remote.ElementLocation$ElementFinder$2.findElement(ElementLocation.java:162)
	at org.openqa.selenium.remote.ElementLocation.findElement(ElementLocation.java:60)
	at org.openqa.selenium.remote.RemoteWebDriver.findElement(RemoteWebDriver.java:383)
	at org.openqa.selenium.remote.RemoteWebDriver.findElement(RemoteWebDriver.java:375)
	at pom.HRISTrackingStaff.getName(HRISTrackingStaff.java:279)
	at pom.HRISTrackingStaff.searchDataTracking(HRISTrackingStaff.java:105)
	at definitions.RequestStaff.PendingSPVDefine.cekSearchGagal(PendingSPVDefine.java:1738)
	at ?.User menjalankan search data berdasarkan search 50(file:///D:/2022/eclipse-workspace/hris-employee/src/test/resources/features/HRISTrackingSPV.feature:60)
... Removed 4 stack frames</pre></div><a href='#' onClick='toggleBox("stack-trace1007985641", this, "Click to show all stack frames", "Click to hide stack frames")'>Click to show all stack frames</a>
<div class='stack-trace' id='stack-trace1007985641'><pre>org.openqa.selenium.NoSuchElementException: no such element: Unable to locate element: {&quot;method&quot;:&quot;xpath&quot;,&quot;selector&quot;:&quot;//*[@id=&quot;dataTable&quot;]/tbody/tr[1]/td[2]&quot;}
  (Session info: chrome=103.0.5060.114)
For documentation on this error, please visit: https://selenium.dev/exceptions/#no_such_element
Build info: version: &apos;4.0.0&apos;, revision: &apos;3a21814679&apos;
System info: host: &apos;DESKTOP-KMN6TAK&apos;, ip: &apos;10.0.0.210&apos;, os.name: &apos;Windows 11&apos;, os.arch: &apos;amd64&apos;, os.version: &apos;10.0&apos;, java.version: &apos;11.0.15&apos;
Driver info: org.openqa.selenium.chrome.ChromeDriver
Command: [09427fd452a142b91cfde3a6e35ac949, findElement {using=xpath, value=//*[@id=&quot;dataTable&quot;]/tbody/tr[1]/td[2]}]
Capabilities {acceptInsecureCerts: false, browserName: chrome, browserVersion: 103.0.5060.114, chrome: {chromedriverVersion: 102.0.5005.61 (0e59bcc00cc4..., userDataDir: C:\Users\Nexsoft\AppData\Lo...}, goog:chromeOptions: {debuggerAddress: localhost:53330}, javascriptEnabled: true, networkConnectionEnabled: false, pageLoadStrategy: normal, platform: WINDOWS, platformName: WINDOWS, proxy: Proxy(), se:cdp: ws://localhost:53330/devtoo..., se:cdpVersion: 103.0.5060.114, setWindowRect: true, strictFileInteractability: false, timeouts: {implicit: 0, pageLoad: 300000, script: 30000}, unhandledPromptBehavior: dismiss and notify, webauthn:extension:credBlob: true, webauthn:extension:largeBlob: true, webauthn:virtualAuthenticators: true}
Session ID: 09427fd452a142b91cfde3a6e35ac949
	at java.base/jdk.internal.reflect.NativeConstructorAccessorImpl.newInstance0(Native Method)
	at java.base/jdk.internal.reflect.NativeConstructorAccessorImpl.newInstance(NativeConstructorAccessorImpl.java:62)
	at java.base/jdk.internal.reflect.DelegatingConstructorAccessorImpl.newInstance(DelegatingConstructorAccessorImpl.java:45)
	at java.base/java.lang.reflect.Constructor.newInstance(Constructor.java:490)
	at org.openqa.selenium.remote.codec.w3c.W3CHttpResponseCodec.createException(W3CHttpResponseCodec.java:200)
	at org.openqa.selenium.remote.codec.w3c.W3CHttpResponseCodec.decode(W3CHttpResponseCodec.java:133)
	at org.openqa.selenium.remote.codec.w3c.W3CHttpResponseCodec.decode(W3CHttpResponseCodec.java:53)
	at org.openqa.selenium.remote.HttpCommandExecutor.execute(HttpCommandExecutor.java:184)
	at org.openqa.selenium.remote.service.DriverCommandExecutor.invokeExecute(DriverCommandExecutor.java:164)
	at org.openqa.selenium.remote.service.DriverCommandExecutor.execute(DriverCommandExecutor.java:139)
	at org.openqa.selenium.remote.RemoteWebDriver.execute(RemoteWebDriver.java:559)
	at org.openqa.selenium.remote.ElementLocation$ElementFinder$2.findElement(ElementLocation.java:162)
	at org.openqa.selenium.remote.ElementLocation.findElement(ElementLocation.java:60)
	at org.openqa.selenium.remote.RemoteWebDriver.findElement(RemoteWebDriver.java:383)
	at org.openqa.selenium.remote.RemoteWebDriver.findElement(RemoteWebDriver.java:375)
	at pom.HRISTrackingStaff.getName(HRISTrackingStaff.java:279)
	at pom.HRISTrackingStaff.searchDataTracking(HRISTrackingStaff.java:105)
	at definitions.RequestStaff.PendingSPVDefine.cekSearchGagal(PendingSPVDefine.java:1738)
	at ?.User menjalankan search data berdasarkan search 50(file:///D:/2022/eclipse-workspace/hris-employee/src/test/resources/features/HRISTrackingSPV.feature:60)
</pre></div></td>
<td>31</td>
<td>runner.HRISTrackingSpvRunner@15a34df2</td></tr>
<tr>
<td title='runner.HRISTrackingSpvRunner.runScenario()'><b>runScenario</b><br>Test class: runner.HRISTrackingSpvRunner<br>Test method: Runs Cucumber Scenarios<br>Parameters: "Tracking spv cek detail data btn eye", "Request Staff Sub Menu Tracking"<br/>
<a href="#Output-884266794" onClick='toggleBox("Output-884266794", this, "Show output", "Hide output");'>Show output</a>

<a href="#Output-884266794" onClick="toggleAllBoxes();">Show all outputs</a>
<div class='log' id="Output-884266794">
<img src='file://D:\2022\eclipse-workspace\hris-employee\src\test\resources\SS\20220714_141812.PNG'height="350" width="792"/><br/>
</div>
</td>
<td><div><pre>org.openqa.selenium.NoSuchElementException: no such element: Unable to locate element: {&quot;method&quot;:&quot;xpath&quot;,&quot;selector&quot;:&quot;//*[@id=&quot;dataTable&quot;]/tbody/tr/td[1]&quot;}
  (Session info: chrome=103.0.5060.114)
For documentation on this error, please visit: https://selenium.dev/exceptions/#no_such_element
Build info: version: &apos;4.0.0&apos;, revision: &apos;3a21814679&apos;
System info: host: &apos;DESKTOP-KMN6TAK&apos;, ip: &apos;10.0.0.210&apos;, os.name: &apos;Windows 11&apos;, os.arch: &apos;amd64&apos;, os.version: &apos;10.0&apos;, java.version: &apos;11.0.15&apos;
Driver info: org.openqa.selenium.chrome.ChromeDriver
Command: [512af5a2168b5fce010f145b8b236652, findElement {using=xpath, value=//*[@id=&quot;dataTable&quot;]/tbody/tr/td[1]}]
Capabilities {acceptInsecureCerts: false, browserName: chrome, browserVersion: 103.0.5060.114, chrome: {chromedriverVersion: 102.0.5005.61 (0e59bcc00cc4..., userDataDir: C:\Users\Nexsoft\AppData\Lo...}, goog:chromeOptions: {debuggerAddress: localhost:53024}, javascriptEnabled: true, networkConnectionEnabled: false, pageLoadStrategy: normal, platform: WINDOWS, platformName: WINDOWS, proxy: Proxy(), se:cdp: ws://localhost:53024/devtoo..., se:cdpVersion: 103.0.5060.114, setWindowRect: true, strictFileInteractability: false, timeouts: {implicit: 0, pageLoad: 300000, script: 30000}, unhandledPromptBehavior: dismiss and notify, webauthn:extension:credBlob: true, webauthn:extension:largeBlob: true, webauthn:virtualAuthenticators: true}
Session ID: 512af5a2168b5fce010f145b8b236652
	at org.openqa.selenium.remote.codec.w3c.W3CHttpResponseCodec.createException(W3CHttpResponseCodec.java:200)
	at org.openqa.selenium.remote.codec.w3c.W3CHttpResponseCodec.decode(W3CHttpResponseCodec.java:133)
	at org.openqa.selenium.remote.codec.w3c.W3CHttpResponseCodec.decode(W3CHttpResponseCodec.java:53)
	at org.openqa.selenium.remote.HttpCommandExecutor.execute(HttpCommandExecutor.java:184)
	at org.openqa.selenium.remote.service.DriverCommandExecutor.invokeExecute(DriverCommandExecutor.java:164)
	at org.openqa.selenium.remote.service.DriverCommandExecutor.execute(DriverCommandExecutor.java:139)
	at org.openqa.selenium.remote.RemoteWebDriver.execute(RemoteWebDriver.java:559)
	at org.openqa.selenium.remote.ElementLocation$ElementFinder$2.findElement(ElementLocation.java:162)
	at org.openqa.selenium.remote.ElementLocation.findElement(ElementLocation.java:60)
	at org.openqa.selenium.remote.RemoteWebDriver.findElement(RemoteWebDriver.java:383)
	at org.openqa.selenium.remote.RemoteWebDriver.findElement(RemoteWebDriver.java:375)
	at definitions.RequestStaff.PendingSPVDefine.cekDetailData(PendingSPVDefine.java:162)
	at ?.User menekan button plus dan eye(file:///D:/2022/eclipse-workspace/hris-employee/src/test/resources/features/HRISTrackingSPV.feature:33)
... Removed 4 stack frames</pre></div><a href='#' onClick='toggleBox("stack-trace884266794", this, "Click to show all stack frames", "Click to hide stack frames")'>Click to show all stack frames</a>
<div class='stack-trace' id='stack-trace884266794'><pre>org.openqa.selenium.NoSuchElementException: no such element: Unable to locate element: {&quot;method&quot;:&quot;xpath&quot;,&quot;selector&quot;:&quot;//*[@id=&quot;dataTable&quot;]/tbody/tr/td[1]&quot;}
  (Session info: chrome=103.0.5060.114)
For documentation on this error, please visit: https://selenium.dev/exceptions/#no_such_element
Build info: version: &apos;4.0.0&apos;, revision: &apos;3a21814679&apos;
System info: host: &apos;DESKTOP-KMN6TAK&apos;, ip: &apos;10.0.0.210&apos;, os.name: &apos;Windows 11&apos;, os.arch: &apos;amd64&apos;, os.version: &apos;10.0&apos;, java.version: &apos;11.0.15&apos;
Driver info: org.openqa.selenium.chrome.ChromeDriver
Command: [512af5a2168b5fce010f145b8b236652, findElement {using=xpath, value=//*[@id=&quot;dataTable&quot;]/tbody/tr/td[1]}]
Capabilities {acceptInsecureCerts: false, browserName: chrome, browserVersion: 103.0.5060.114, chrome: {chromedriverVersion: 102.0.5005.61 (0e59bcc00cc4..., userDataDir: C:\Users\Nexsoft\AppData\Lo...}, goog:chromeOptions: {debuggerAddress: localhost:53024}, javascriptEnabled: true, networkConnectionEnabled: false, pageLoadStrategy: normal, platform: WINDOWS, platformName: WINDOWS, proxy: Proxy(), se:cdp: ws://localhost:53024/devtoo..., se:cdpVersion: 103.0.5060.114, setWindowRect: true, strictFileInteractability: false, timeouts: {implicit: 0, pageLoad: 300000, script: 30000}, unhandledPromptBehavior: dismiss and notify, webauthn:extension:credBlob: true, webauthn:extension:largeBlob: true, webauthn:virtualAuthenticators: true}
Session ID: 512af5a2168b5fce010f145b8b236652
	at java.base/jdk.internal.reflect.NativeConstructorAccessorImpl.newInstance0(Native Method)
	at java.base/jdk.internal.reflect.NativeConstructorAccessorImpl.newInstance(NativeConstructorAccessorImpl.java:62)
	at java.base/jdk.internal.reflect.DelegatingConstructorAccessorImpl.newInstance(DelegatingConstructorAccessorImpl.java:45)
	at java.base/java.lang.reflect.Constructor.newInstance(Constructor.java:490)
	at org.openqa.selenium.remote.codec.w3c.W3CHttpResponseCodec.createException(W3CHttpResponseCodec.java:200)
	at org.openqa.selenium.remote.codec.w3c.W3CHttpResponseCodec.decode(W3CHttpResponseCodec.java:133)
	at org.openqa.selenium.remote.codec.w3c.W3CHttpResponseCodec.decode(W3CHttpResponseCodec.java:53)
	at org.openqa.selenium.remote.HttpCommandExecutor.execute(HttpCommandExecutor.java:184)
	at org.openqa.selenium.remote.service.DriverCommandExecutor.invokeExecute(DriverCommandExecutor.java:164)
	at org.openqa.selenium.remote.service.DriverCommandExecutor.execute(DriverCommandExecutor.java:139)
	at org.openqa.selenium.remote.RemoteWebDriver.execute(RemoteWebDriver.java:559)
	at org.openqa.selenium.remote.ElementLocation$ElementFinder$2.findElement(ElementLocation.java:162)
	at org.openqa.selenium.remote.ElementLocation.findElement(ElementLocation.java:60)
	at org.openqa.selenium.remote.RemoteWebDriver.findElement(RemoteWebDriver.java:383)
	at org.openqa.selenium.remote.RemoteWebDriver.findElement(RemoteWebDriver.java:375)
	at definitions.RequestStaff.PendingSPVDefine.cekDetailData(PendingSPVDefine.java:162)
	at ?.User menekan button plus dan eye(file:///D:/2022/eclipse-workspace/hris-employee/src/test/resources/features/HRISTrackingSPV.feature:33)
</pre></div></td>
<td>25</td>
<td>runner.HRISTrackingSpvRunner@15a34df2</td></tr>
<tr>
<td title='runner.HRISTrackingSpvRunner.runScenario()'><b>runScenario</b><br>Test class: runner.HRISTrackingSpvRunner<br>Test method: Runs Cucumber Scenarios<br>Parameters: "Pending spv cek fungsi filter", "Request Staff Sub Menu Tracking"<br/>
<a href="#Output-1121965664" onClick='toggleBox("Output-1121965664", this, "Show output", "Hide output");'>Show output</a>

<a href="#Output-1121965664" onClick="toggleAllBoxes();">Show all outputs</a>
<div class='log' id="Output-1121965664">
<img src='file://D:\2022\eclipse-workspace\hris-employee\src\test\resources\SS\20220714_141831.PNG'height="350" width="792"/><br/>
</div>
</td>
<td><div><pre>java.lang.AssertionError: expected [true] but found [false]
	at definitions.RequestStaff.PendingSPVDefine.filter_date_by(PendingSPVDefine.java:1800)
	at ?.Validasi filter 11-07-2022 date 12-07-2022(file:///D:/2022/eclipse-workspace/hris-employee/src/test/resources/features/HRISTrackingSPV.feature:46)
... Removed 4 stack frames</pre></div><a href='#' onClick='toggleBox("stack-trace1121965664", this, "Click to show all stack frames", "Click to hide stack frames")'>Click to show all stack frames</a>
<div class='stack-trace' id='stack-trace1121965664'><pre>java.lang.AssertionError: expected [true] but found [false]
	at org.testng.Assert.fail(Assert.java:110)
	at org.testng.Assert.failNotEquals(Assert.java:1413)
	at org.testng.Assert.assertTrue(Assert.java:56)
	at org.testng.Assert.assertTrue(Assert.java:66)
	at definitions.RequestStaff.PendingSPVDefine.filter_date_by(PendingSPVDefine.java:1800)
	at ?.Validasi filter 11-07-2022 date 12-07-2022(file:///D:/2022/eclipse-workspace/hris-employee/src/test/resources/features/HRISTrackingSPV.feature:46)
</pre></div></td>
<td>18</td>
<td>runner.HRISTrackingSpvRunner@15a34df2</td></tr>
</table><p>
<table width='100%' border='1' class='invocation-passed'>
<tr><td colspan='4' align='center'><b>PASSED TESTS</b></td></tr>
<tr><td><b>Test method</b></td>
<td><b>Attribute(s)</b></td>
<td width="30%"><b>Exception</b></td>
<td width="10%"><b>Time (seconds)</b></td>
<td><b>Instance</b></td>
</tr>
<tr>
<td title='runner.HRISTrackingSpvRunner.runScenario()'><b>runScenario</b><br>Test class: runner.HRISTrackingSpvRunner<br>Test method: Runs Cucumber Scenarios<br>Parameters: "Request Staff Tracking spv", "Request Staff Sub Menu Tracking"</td>
<td></td>
<td>140</td>
<td>runner.HRISTrackingSpvRunner@15a34df2</td></tr>
</table><p>
</body>
</html>