<?xml version="1.0" encoding="UTF-8"?>
<!-- Generated by org.testng.reporters.JUnitXMLReporter -->
<testsuite ignored="0" hostname="DESKTOP-KMN6TAK" failures="1" tests="1" name="Default test" time="41.068" errors="0" timestamp="2022-07-15T09:09:05 ICT">
  <testcase classname="io.cucumber.testng.AbstractTestNGCucumberTests" name="runScenario" time="40.352">
    <failure type="java.lang.AssertionError" message="expected [true] but found [false]">
      <![CDATA[java.lang.AssertionError: expected [true] but found [false]
at org.testng.Assert.fail(Assert.java:110)
at org.testng.Assert.failNotEquals(Assert.java:1413)
at org.testng.Assert.assertTrue(Assert.java:56)
at org.testng.Assert.assertTrue(Assert.java:66)
at definitions.RequestStaff.PendingSPVDefine.validasi_bulanPKWT(PendingSPVDefine.java:1493)
at âœ½.User validasi bulan PKWT(file:///D:/2022/eclipse-workspace/hris-employee/src/test/resources/features/HRISPendingSPVNegatifTest.feature:348)
]]>
    </failure>
  </testcase> <!-- runScenario -->
</testsuite> <!-- Default test -->
