<?xml version="1.0" encoding="UTF-8"?>
<!-- Generated by org.testng.reporters.JUnitReportReporter -->
<testsuite hostname="DESKTOP-KMN6TAK" failures="34" tests="82" name="runner.HRISPendingMngrNegatifRunner" time="3885.770" errors="6" timestamp="2022-07-14T15:34:28 ICT" skipped="0">
  <testcase classname="runner.HRISPendingMngrNegatifRunner" name="runScenario" time="50.027">
    <failure message="expected [Karyawan ini sudah pernah diganti. Mohon ajukan karyawan yang lain.] but found [Alert is Not Displayed]" type="java.lang.AssertionError">
      <![CDATA[java.lang.AssertionError: expected [Karyawan ini sudah pernah diganti. Mohon ajukan karyawan yang lain.] but found [Alert is Not Displayed]
at org.testng.Assert.fail(Assert.java:110)
at org.testng.Assert.failNotEquals(Assert.java:1413)
at org.testng.Assert.assertEqualsImpl(Assert.java:149)
at org.testng.Assert.assertEquals(Assert.java:131)
at org.testng.Assert.assertEquals(Assert.java:655)
at org.testng.Assert.assertEquals(Assert.java:665)
at definitions.RequestStaff.PendingSPVDefine.Nikterdaftar(PendingSPVDefine.java:217)
at ✽.User input tujuan, NIK D6180209, posisi, jumlah orang 1, mulai kerja, lokasi kerja, kota kerja, input detail lokasi Jl. Satu Dua, deskripsi pekerjaan test(file:///D:/2022/eclipse-workspace/hris-employee/src/test/resources/features/HRISPendingMNGRNegatifTest.feature:512)
]]>
    </failure>
  </testcase> <!-- runScenario -->
  <system-out/>
  <testcase classname="runner.HRISPendingMngrNegatifRunner" name="runScenario" time="43.860">
    <failure message="expected [Karyawan ini sudah pernah diganti. Mohon ajukan karyawan yang lain.] but found [Alert is Not Displayed]" type="java.lang.AssertionError">
      <![CDATA[java.lang.AssertionError: expected [Karyawan ini sudah pernah diganti. Mohon ajukan karyawan yang lain.] but found [Alert is Not Displayed]
at org.testng.Assert.fail(Assert.java:110)
at org.testng.Assert.failNotEquals(Assert.java:1413)
at org.testng.Assert.assertEqualsImpl(Assert.java:149)
at org.testng.Assert.assertEquals(Assert.java:131)
at org.testng.Assert.assertEquals(Assert.java:655)
at org.testng.Assert.assertEquals(Assert.java:665)
at definitions.RequestStaff.PendingSPVDefine.Nikterdaftar(PendingSPVDefine.java:217)
at ✽.User input tujuan, NIK D6180209, posisi, jumlah orang 1, mulai kerja, lokasi kerja, kota kerja, input detail lokasi Jl. Satu Dua, deskripsi pekerjaan test(file:///D:/2022/eclipse-workspace/hris-employee/src/test/resources/features/HRISPendingMNGRNegatifTest.feature:531)
]]>
    </failure>
  </testcase> <!-- runScenario -->
  <system-out/>
  <testcase classname="runner.HRISPendingMngrNegatifRunner" name="runScenario" time="34.154"/>
  <system-out/>
  <testcase classname="runner.HRISPendingMngrNegatifRunner" name="runScenario" time="38.084">
    <error message="no such element: Unable to locate element: {&quot;method&quot;:&quot;xpath&quot;,&quot;selector&quot;:&quot;//*[@id=&quot;dataTable&quot;]/tbody/tr[1]/td[2]&quot;}
  (Session info: chrome=103.0.5060.114)
For documentation on this error, please visit: https://selenium.dev/exceptions/#no_such_element
Build info: version: &#039;4.0.0&#039;, revision: &#039;3a21814679&#039;
System info: host: &#039;DESKTOP-KMN6TAK&#039;, ip: &#039;10.0.0.210&#039;, os.name: &#039;Windows 11&#039;, os.arch: &#039;amd64&#039;, os.version: &#039;10.0&#039;, java.version: &#039;11.0.15&#039;
Driver info: org.openqa.selenium.chrome.ChromeDriver
Command: [b72f77d01da404d804aac650325af640, findElement {using=xpath, value=//*[@id=&quot;dataTable&quot;]/tbody/tr[1]/td[2]}]
Capabilities {acceptInsecureCerts: false, browserName: chrome, browserVersion: 103.0.5060.114, chrome: {chromedriverVersion: 102.0.5005.61 (0e59bcc00cc4..., userDataDir: C:\Users\Nexsoft\AppData\Lo...}, goog:chromeOptions: {debuggerAddress: localhost:53689}, javascriptEnabled: true, networkConnectionEnabled: false, pageLoadStrategy: normal, platform: WINDOWS, platformName: WINDOWS, proxy: Proxy(), se:cdp: ws://localhost:53689/devtoo..., se:cdpVersion: 103.0.5060.114, setWindowRect: true, strictFileInteractability: false, timeouts: {implicit: 0, pageLoad: 300000, script: 30000}, unhandledPromptBehavior: dismiss and notify, webauthn:extension:credBlob: true, webauthn:extension:largeBlob: true, webauthn:virtualAuthenticators: true}
Session ID: b72f77d01da404d804aac650325af640" type="org.openqa.selenium.NoSuchElementException">
      <![CDATA[org.openqa.selenium.NoSuchElementException: no such element: Unable to locate element: {"method":"xpath","selector":"//*[@id="dataTable"]/tbody/tr[1]/td[2]"}
  (Session info: chrome=103.0.5060.114)
For documentation on this error, please visit: https://selenium.dev/exceptions/#no_such_element
Build info: version: '4.0.0', revision: '3a21814679'
System info: host: 'DESKTOP-KMN6TAK', ip: '10.0.0.210', os.name: 'Windows 11', os.arch: 'amd64', os.version: '10.0', java.version: '11.0.15'
Driver info: org.openqa.selenium.chrome.ChromeDriver
Command: [b72f77d01da404d804aac650325af640, findElement {using=xpath, value=//*[@id="dataTable"]/tbody/tr[1]/td[2]}]
Capabilities {acceptInsecureCerts: false, browserName: chrome, browserVersion: 103.0.5060.114, chrome: {chromedriverVersion: 102.0.5005.61 (0e59bcc00cc4..., userDataDir: C:\Users\Nexsoft\AppData\Lo...}, goog:chromeOptions: {debuggerAddress: localhost:53689}, javascriptEnabled: true, networkConnectionEnabled: false, pageLoadStrategy: normal, platform: WINDOWS, platformName: WINDOWS, proxy: Proxy(), se:cdp: ws://localhost:53689/devtoo..., se:cdpVersion: 103.0.5060.114, setWindowRect: true, strictFileInteractability: false, timeouts: {implicit: 0, pageLoad: 300000, script: 30000}, unhandledPromptBehavior: dismiss and notify, webauthn:extension:credBlob: true, webauthn:extension:largeBlob: true, webauthn:virtualAuthenticators: true}
Session ID: b72f77d01da404d804aac650325af640
at java.base/jdk.internal.reflect.NativeConstructorAccessorImpl.newInstance0(Native Method)
at java.base/jdk.internal.reflect.NativeConstructorAccessorImpl.newInstance(NativeConstructorAccessorImpl.java:62)
at java.base/jdk.internal.reflect.DelegatingConstructorAccessorImpl.newInstance(DelegatingConstructorAccessorImpl.java:45)
at java.base/java.lang.reflect.Constructor.newInstance(Constructor.java:490)
at org.openqa.selenium.remote.codec.w3c.W3CHttpResponseCodec.createException(W3CHttpResponseCodec.java:200)
at org.openqa.selenium.remote.codec.w3c.W3CHttpResponseCodec.decode(W3CHttpResponseCodec.java:133)
at org.openqa.selenium.remote.codec.w3c.W3CHttpResponseCodec.decode(W3CHttpResponseCodec.java:53)
at org.openqa.selenium.remote.HttpCommandExecutor.execute(HttpCommandExecutor.java:184)
at org.openqa.selenium.remote.service.DriverCommandExecutor.invokeExecute(DriverCommandExecutor.java:164)
at org.openqa.selenium.remote.service.DriverCommandExecutor.execute(DriverCommandExecutor.java:139)
at org.openqa.selenium.remote.RemoteWebDriver.execute(RemoteWebDriver.java:559)
at org.openqa.selenium.remote.ElementLocation$ElementFinder$2.findElement(ElementLocation.java:162)
at org.openqa.selenium.remote.ElementLocation.findElement(ElementLocation.java:60)
at org.openqa.selenium.remote.RemoteWebDriver.findElement(RemoteWebDriver.java:383)
at org.openqa.selenium.remote.RemoteWebDriver.findElement(RemoteWebDriver.java:375)
at pom.HRISPendingStaff.getName(HRISPendingStaff.java:670)
at pom.HRISPendingStaff.searchData(HRISPendingStaff.java:237)
at definitions.RequestStaff.PendingSPVDefine.search_data_SPV(PendingSPVDefine.java:137)
at ✽.User menjalankan search berdasarkan data di sub menu pending Supervisor(file:///D:/2022/eclipse-workspace/hris-employee/src/test/resources/features/HRISPendingMNGRNegatifTest.feature:26)
]]>
    </error>
  </testcase> <!-- runScenario -->
  <system-out>
    <![CDATA[<img src='file://D:\2022\eclipse-workspace\hris-employee\src\test\resources\SS\20220714_142536.PNG'height="350" width="792"/>]]>
  </system-out>
  <testcase classname="runner.HRISPendingMngrNegatifRunner" name="runScenario" time="33.612">
    <failure message="expected [Karyawan ini sudah pernah diganti. Mohon ajukan karyawan yang lain.] but found [Alert is Not Displayed]" type="java.lang.AssertionError">
      <![CDATA[java.lang.AssertionError: expected [Karyawan ini sudah pernah diganti. Mohon ajukan karyawan yang lain.] but found [Alert is Not Displayed]
at org.testng.Assert.fail(Assert.java:110)
at org.testng.Assert.failNotEquals(Assert.java:1413)
at org.testng.Assert.assertEqualsImpl(Assert.java:149)
at org.testng.Assert.assertEquals(Assert.java:131)
at org.testng.Assert.assertEquals(Assert.java:655)
at org.testng.Assert.assertEquals(Assert.java:665)
at definitions.RequestStaff.PendingSPVDefine.Nikterdaftar(PendingSPVDefine.java:217)
at ✽.User input tujuan, NIK D6180209, posisi, jumlah orang 1, mulai kerja, lokasi kerja, kota kerja, input detail lokasi Jl. Satu Dua, deskripsi pekerjaan test(file:///D:/2022/eclipse-workspace/hris-employee/src/test/resources/features/HRISPendingMNGRNegatifTest.feature:304)
]]>
    </failure>
  </testcase> <!-- runScenario -->
  <system-out/>
  <testcase classname="runner.HRISPendingMngrNegatifRunner" name="runScenario" time="37.598">
    <error message="no such element: Unable to locate element: {&quot;method&quot;:&quot;xpath&quot;,&quot;selector&quot;:&quot;//*[@id=&quot;dataTable&quot;]/tbody/tr[1]/td[2]&quot;}
  (Session info: chrome=103.0.5060.114)
For documentation on this error, please visit: https://selenium.dev/exceptions/#no_such_element
Build info: version: &#039;4.0.0&#039;, revision: &#039;3a21814679&#039;
System info: host: &#039;DESKTOP-KMN6TAK&#039;, ip: &#039;10.0.0.210&#039;, os.name: &#039;Windows 11&#039;, os.arch: &#039;amd64&#039;, os.version: &#039;10.0&#039;, java.version: &#039;11.0.15&#039;
Driver info: org.openqa.selenium.chrome.ChromeDriver
Command: [c3153e49f5b2724425ab2149601025dc, findElement {using=xpath, value=//*[@id=&quot;dataTable&quot;]/tbody/tr[1]/td[2]}]
Capabilities {acceptInsecureCerts: false, browserName: chrome, browserVersion: 103.0.5060.114, chrome: {chromedriverVersion: 102.0.5005.61 (0e59bcc00cc4..., userDataDir: C:\Users\Nexsoft\AppData\Lo...}, goog:chromeOptions: {debuggerAddress: localhost:53849}, javascriptEnabled: true, networkConnectionEnabled: false, pageLoadStrategy: normal, platform: WINDOWS, platformName: WINDOWS, proxy: Proxy(), se:cdp: ws://localhost:53849/devtoo..., se:cdpVersion: 103.0.5060.114, setWindowRect: true, strictFileInteractability: false, timeouts: {implicit: 0, pageLoad: 300000, script: 30000}, unhandledPromptBehavior: dismiss and notify, webauthn:extension:credBlob: true, webauthn:extension:largeBlob: true, webauthn:virtualAuthenticators: true}
Session ID: c3153e49f5b2724425ab2149601025dc" type="org.openqa.selenium.NoSuchElementException">
      <![CDATA[org.openqa.selenium.NoSuchElementException: no such element: Unable to locate element: {"method":"xpath","selector":"//*[@id="dataTable"]/tbody/tr[1]/td[2]"}
  (Session info: chrome=103.0.5060.114)
For documentation on this error, please visit: https://selenium.dev/exceptions/#no_such_element
Build info: version: '4.0.0', revision: '3a21814679'
System info: host: 'DESKTOP-KMN6TAK', ip: '10.0.0.210', os.name: 'Windows 11', os.arch: 'amd64', os.version: '10.0', java.version: '11.0.15'
Driver info: org.openqa.selenium.chrome.ChromeDriver
Command: [c3153e49f5b2724425ab2149601025dc, findElement {using=xpath, value=//*[@id="dataTable"]/tbody/tr[1]/td[2]}]
Capabilities {acceptInsecureCerts: false, browserName: chrome, browserVersion: 103.0.5060.114, chrome: {chromedriverVersion: 102.0.5005.61 (0e59bcc00cc4..., userDataDir: C:\Users\Nexsoft\AppData\Lo...}, goog:chromeOptions: {debuggerAddress: localhost:53849}, javascriptEnabled: true, networkConnectionEnabled: false, pageLoadStrategy: normal, platform: WINDOWS, platformName: WINDOWS, proxy: Proxy(), se:cdp: ws://localhost:53849/devtoo..., se:cdpVersion: 103.0.5060.114, setWindowRect: true, strictFileInteractability: false, timeouts: {implicit: 0, pageLoad: 300000, script: 30000}, unhandledPromptBehavior: dismiss and notify, webauthn:extension:credBlob: true, webauthn:extension:largeBlob: true, webauthn:virtualAuthenticators: true}
Session ID: c3153e49f5b2724425ab2149601025dc
at java.base/jdk.internal.reflect.NativeConstructorAccessorImpl.newInstance0(Native Method)
at java.base/jdk.internal.reflect.NativeConstructorAccessorImpl.newInstance(NativeConstructorAccessorImpl.java:62)
at java.base/jdk.internal.reflect.DelegatingConstructorAccessorImpl.newInstance(DelegatingConstructorAccessorImpl.java:45)
at java.base/java.lang.reflect.Constructor.newInstance(Constructor.java:490)
at org.openqa.selenium.remote.codec.w3c.W3CHttpResponseCodec.createException(W3CHttpResponseCodec.java:200)
at org.openqa.selenium.remote.codec.w3c.W3CHttpResponseCodec.decode(W3CHttpResponseCodec.java:133)
at org.openqa.selenium.remote.codec.w3c.W3CHttpResponseCodec.decode(W3CHttpResponseCodec.java:53)
at org.openqa.selenium.remote.HttpCommandExecutor.execute(HttpCommandExecutor.java:184)
at org.openqa.selenium.remote.service.DriverCommandExecutor.invokeExecute(DriverCommandExecutor.java:164)
at org.openqa.selenium.remote.service.DriverCommandExecutor.execute(DriverCommandExecutor.java:139)
at org.openqa.selenium.remote.RemoteWebDriver.execute(RemoteWebDriver.java:559)
at org.openqa.selenium.remote.ElementLocation$ElementFinder$2.findElement(ElementLocation.java:162)
at org.openqa.selenium.remote.ElementLocation.findElement(ElementLocation.java:60)
at org.openqa.selenium.remote.RemoteWebDriver.findElement(RemoteWebDriver.java:383)
at org.openqa.selenium.remote.RemoteWebDriver.findElement(RemoteWebDriver.java:375)
at pom.HRISPendingStaff.getName(HRISPendingStaff.java:670)
at pom.HRISPendingStaff.searchData(HRISPendingStaff.java:237)
at definitions.RequestStaff.PendingSPVDefine.search_data_SPV(PendingSPVDefine.java:137)
at ✽.User menjalankan search berdasarkan data di sub menu pending 50(file:///D:/2022/eclipse-workspace/hris-employee/src/test/resources/features/HRISPendingMNGRNegatifTest.feature:26)
]]>
    </error>
  </testcase> <!-- runScenario -->
  <system-out>
    <![CDATA[<img src='file://D:\2022\eclipse-workspace\hris-employee\src\test\resources\SS\20220714_142650.PNG'height="350" width="792"/>]]>
  </system-out>
  <testcase classname="runner.HRISPendingMngrNegatifRunner" name="runScenario" time="34.533"/>
  <system-out/>
  <testcase classname="runner.HRISPendingMngrNegatifRunner" name="runScenario" time="31.816">
    <failure message="expected [Karyawan ini sudah pernah diganti. Mohon ajukan karyawan yang lain.] but found [Alert is Not Displayed]" type="java.lang.AssertionError">
      <![CDATA[java.lang.AssertionError: expected [Karyawan ini sudah pernah diganti. Mohon ajukan karyawan yang lain.] but found [Alert is Not Displayed]
at org.testng.Assert.fail(Assert.java:110)
at org.testng.Assert.failNotEquals(Assert.java:1413)
at org.testng.Assert.assertEqualsImpl(Assert.java:149)
at org.testng.Assert.assertEquals(Assert.java:131)
at org.testng.Assert.assertEquals(Assert.java:655)
at org.testng.Assert.assertEquals(Assert.java:665)
at definitions.RequestStaff.PendingSPVDefine.Nikterdaftar(PendingSPVDefine.java:217)
at ✽.User input tujuan, NIK D6180209, posisi, jumlah orang 1, mulai kerja, lokasi kerja, kota kerja, input detail lokasi Jl. Satu Dua, deskripsi pekerjaan test(file:///D:/2022/eclipse-workspace/hris-employee/src/test/resources/features/HRISPendingMNGRNegatifTest.feature:474)
]]>
    </failure>
  </testcase> <!-- runScenario -->
  <system-out/>
  <testcase classname="runner.HRISPendingMngrNegatifRunner" name="runScenario" time="31.149">
    <failure message="expected [NIK yang anda masukkan tidak ada di database] but found [Alert is Not Displayed]" type="java.lang.AssertionError">
      <![CDATA[java.lang.AssertionError: expected [NIK yang anda masukkan tidak ada di database] but found [Alert is Not Displayed]
at org.testng.Assert.fail(Assert.java:110)
at org.testng.Assert.failNotEquals(Assert.java:1413)
at org.testng.Assert.assertEqualsImpl(Assert.java:149)
at org.testng.Assert.assertEquals(Assert.java:131)
at org.testng.Assert.assertEquals(Assert.java:655)
at org.testng.Assert.assertEquals(Assert.java:665)
at definitions.RequestStaff.PendingSPVDefine.NIKInvalid_spesialKarakter_dan_kosong(PendingSPVDefine.java:241)
at ✽.User input tujuan, spesial karakter dan kosong NIK !!..%$^!, posisi, jumlah orang 1, mulai kerja, lokasi kerja, kota kerja, input detail lokasi Jl. Satu Dua, deskripsi pekerjaan test(file:///D:/2022/eclipse-workspace/hris-employee/src/test/resources/features/HRISPendingMNGRNegatifTest.feature:62)
]]>
    </failure>
  </testcase> <!-- runScenario -->
  <system-out>
    <![CDATA[<img src='file://D:\2022\eclipse-workspace\hris-employee\src\test\resources\SS\20220714_142844.PNG'height="350" width="792"/>]]>
  </system-out>
  <testcase classname="runner.HRISPendingMngrNegatifRunner" name="runScenario" time="48.381"/>
  <system-out/>
  <testcase classname="runner.HRISPendingMngrNegatifRunner" name="runScenario" time="39.851">
    <failure message="expected [Karyawan ini sudah pernah diganti. Mohon ajukan karyawan yang lain.] but found [Alert is Not Displayed]" type="java.lang.AssertionError">
      <![CDATA[java.lang.AssertionError: expected [Karyawan ini sudah pernah diganti. Mohon ajukan karyawan yang lain.] but found [Alert is Not Displayed]
at org.testng.Assert.fail(Assert.java:110)
at org.testng.Assert.failNotEquals(Assert.java:1413)
at org.testng.Assert.assertEqualsImpl(Assert.java:149)
at org.testng.Assert.assertEquals(Assert.java:131)
at org.testng.Assert.assertEquals(Assert.java:655)
at org.testng.Assert.assertEquals(Assert.java:665)
at definitions.RequestStaff.PendingSPVDefine.Nikterdaftar(PendingSPVDefine.java:217)
at ✽.User input tujuan, NIK D6180209, posisi, jumlah orang 1, mulai kerja, lokasi kerja, kota kerja, input detail lokasi Jl. Satu Dua, deskripsi pekerjaan test(file:///D:/2022/eclipse-workspace/hris-employee/src/test/resources/features/HRISPendingMNGRNegatifTest.feature:398)
]]>
    </failure>
  </testcase> <!-- runScenario -->
  <system-out/>
  <testcase classname="runner.HRISPendingMngrNegatifRunner" name="runScenario" time="40.561">
    <failure message="expected [Karyawan ini sudah pernah diganti. Mohon ajukan karyawan yang lain.] but found [Alert is Not Displayed]" type="java.lang.AssertionError">
      <![CDATA[java.lang.AssertionError: expected [Karyawan ini sudah pernah diganti. Mohon ajukan karyawan yang lain.] but found [Alert is Not Displayed]
at org.testng.Assert.fail(Assert.java:110)
at org.testng.Assert.failNotEquals(Assert.java:1413)
at org.testng.Assert.assertEqualsImpl(Assert.java:149)
at org.testng.Assert.assertEquals(Assert.java:131)
at org.testng.Assert.assertEquals(Assert.java:655)
at org.testng.Assert.assertEquals(Assert.java:665)
at definitions.RequestStaff.PendingSPVDefine.Nikterdaftar(PendingSPVDefine.java:217)
at ✽.User input tujuan, NIK D6180209, posisi, jumlah orang 1, mulai kerja, lokasi kerja, kota kerja, input detail lokasi Jl. Satu Dua, deskripsi pekerjaan test(file:///D:/2022/eclipse-workspace/hris-employee/src/test/resources/features/HRISPendingMNGRNegatifTest.feature:495)
]]>
    </failure>
  </testcase> <!-- runScenario -->
  <system-out/>
  <testcase classname="runner.HRISPendingMngrNegatifRunner" name="runScenario" time="34.027"/>
  <system-out/>
  <testcase classname="runner.HRISPendingMngrNegatifRunner" name="runScenario" time="47.062"/>
  <system-out/>
  <testcase classname="runner.HRISPendingMngrNegatifRunner" name="runScenario" time="37.868">
    <failure message="expected [Karyawan ini sudah pernah diganti. Mohon ajukan karyawan yang lain.] but found [Alert is Not Displayed]" type="java.lang.AssertionError">
      <![CDATA[java.lang.AssertionError: expected [Karyawan ini sudah pernah diganti. Mohon ajukan karyawan yang lain.] but found [Alert is Not Displayed]
at org.testng.Assert.fail(Assert.java:110)
at org.testng.Assert.failNotEquals(Assert.java:1413)
at org.testng.Assert.assertEqualsImpl(Assert.java:149)
at org.testng.Assert.assertEquals(Assert.java:131)
at org.testng.Assert.assertEquals(Assert.java:655)
at org.testng.Assert.assertEquals(Assert.java:665)
at definitions.RequestStaff.PendingSPVDefine.Nikterdaftar(PendingSPVDefine.java:217)
at ✽.User input tujuan, NIK D6180209, posisi, jumlah orang 1, mulai kerja, lokasi kerja, kota kerja, input detail lokasi Jl. Satu Dua, deskripsi pekerjaan test(file:///D:/2022/eclipse-workspace/hris-employee/src/test/resources/features/HRISPendingMNGRNegatifTest.feature:552)
]]>
    </failure>
  </testcase> <!-- runScenario -->
  <system-out/>
  <testcase classname="runner.HRISPendingMngrNegatifRunner" name="runScenario" time="32.630">
    <failure message="expected [Karyawan ini sudah pernah diganti. Mohon ajukan karyawan yang lain.] but found [Alert is Not Displayed]" type="java.lang.AssertionError">
      <![CDATA[java.lang.AssertionError: expected [Karyawan ini sudah pernah diganti. Mohon ajukan karyawan yang lain.] but found [Alert is Not Displayed]
at org.testng.Assert.fail(Assert.java:110)
at org.testng.Assert.failNotEquals(Assert.java:1413)
at org.testng.Assert.assertEqualsImpl(Assert.java:149)
at org.testng.Assert.assertEquals(Assert.java:131)
at org.testng.Assert.assertEquals(Assert.java:655)
at org.testng.Assert.assertEquals(Assert.java:665)
at definitions.RequestStaff.PendingSPVDefine.Nikterdaftar(PendingSPVDefine.java:217)
at ✽.User input tujuan, NIK D6180209, posisi, jumlah orang 1, mulai kerja, lokasi kerja, kota kerja, input detail lokasi Jl. Satu Dua, deskripsi pekerjaan test(file:///D:/2022/eclipse-workspace/hris-employee/src/test/resources/features/HRISPendingMNGRNegatifTest.feature:417)
]]>
    </failure>
  </testcase> <!-- runScenario -->
  <system-out/>
  <testcase classname="runner.HRISPendingMngrNegatifRunner" name="runScenario" time="66.492"/>
  <system-out/>
  <testcase classname="runner.HRISPendingMngrNegatifRunner" name="runScenario" time="56.274">
    <failure message="expected [true] but found [false]" type="java.lang.AssertionError">
      <![CDATA[java.lang.AssertionError: expected [true] but found [false]
at org.testng.Assert.fail(Assert.java:110)
at org.testng.Assert.failNotEquals(Assert.java:1413)
at org.testng.Assert.assertTrue(Assert.java:56)
at org.testng.Assert.assertTrue(Assert.java:66)
at definitions.RequestStaff.PendingSPVDefine.validasiData_nonMandatory(PendingSPVDefine.java:1628)
at ✽.User validasi data input non mandatory(file:///D:/2022/eclipse-workspace/hris-employee/src/test/resources/features/HRISPendingMNGRNegatifTest.feature:621)
]]>
    </failure>
  </testcase> <!-- runScenario -->
  <system-out>
    <![CDATA[<img src='file://D:\2022\eclipse-workspace\hris-employee\src\test\resources\SS\20220714_152107.PNG'height="350" width="792"/>]]>
  </system-out>
  <testcase classname="runner.HRISPendingMngrNegatifRunner" name="runScenario" time="38.190">
    <failure message="expected [The jumlah orang field is required.] but found [Alert is Not Displayed]" type="java.lang.AssertionError">
      <![CDATA[java.lang.AssertionError: expected [The jumlah orang field is required.] but found [Alert is Not Displayed]
at org.testng.Assert.fail(Assert.java:110)
at org.testng.Assert.failNotEquals(Assert.java:1413)
at org.testng.Assert.assertEqualsImpl(Assert.java:149)
at org.testng.Assert.assertEquals(Assert.java:131)
at org.testng.Assert.assertEquals(Assert.java:655)
at org.testng.Assert.assertEquals(Assert.java:665)
at definitions.RequestStaff.PendingSPVDefine.input_form_Detail_jumlahOrang_0(PendingSPVDefine.java:299)
at ✽.User input tujuan, NIK D6180209, posisi, input jumlah orang dengan angka 0 0, mulai kerja, lokasi kerja, kota kerja, input detail lokasi Jl. Satu Dua, deskripsi pekerjaan test(file:///D:/2022/eclipse-workspace/hris-employee/src/test/resources/features/HRISPendingMNGRNegatifTest.feature:96)
]]>
    </failure>
  </testcase> <!-- runScenario -->
  <system-out>
    <![CDATA[<img src='file://D:\2022\eclipse-workspace\hris-employee\src\test\resources\SS\20220714_143045.PNG'height="350" width="792"/>]]>
  </system-out>
  <testcase classname="runner.HRISPendingMngrNegatifRunner" name="runScenario" time="48.473"/>
  <system-out/>
  <testcase classname="runner.HRISPendingMngrNegatifRunner" name="runScenario" time="30.751">
    <error message="For input string: &quot;&quot;" type="java.lang.NumberFormatException">
      <![CDATA[java.lang.NumberFormatException: For input string: ""
at java.base/java.lang.NumberFormatException.forInputString(NumberFormatException.java:65)
at java.base/java.lang.Integer.parseInt(Integer.java:662)
at java.base/java.lang.Integer.parseInt(Integer.java:770)
at definitions.RequestStaff.PendingSPVDefine.cekFilterDate(PendingSPVDefine.java:1807)
at ✽.User validasi fitur filter  date (file:///D:/2022/eclipse-workspace/hris-employee/src/test/resources/features/HRISPendingMNGRNegatifTest.feature:12)
]]>
    </error>
  </testcase> <!-- runScenario -->
  <system-out>
    <![CDATA[<img src='file://D:\2022\eclipse-workspace\hris-employee\src\test\resources\SS\20220714_142458.PNG'height="350" width="792"/>]]>
  </system-out>
  <testcase classname="runner.HRISPendingMngrNegatifRunner" name="runScenario" time="344.018">
    <error message="java.util.concurrent.TimeoutException
Build info: version: &#039;4.0.0&#039;, revision: &#039;3a21814679&#039;
System info: host: &#039;DESKTOP-KMN6TAK&#039;, ip: &#039;10.0.0.210&#039;, os.name: &#039;Windows 11&#039;, os.arch: &#039;amd64&#039;, os.version: &#039;10.0&#039;, java.version: &#039;11.0.15&#039;
Driver info: org.openqa.selenium.chrome.ChromeDriver
Command: [0dd3b05eccad2af5654f11c1be9d5568, clickElement {id=1440b991-5fcb-41bf-894b-2437ccf789b8}]
Capabilities {acceptInsecureCerts: false, browserName: chrome, browserVersion: 103.0.5060.114, chrome: {chromedriverVersion: 102.0.5005.61 (0e59bcc00cc4..., userDataDir: C:\Users\Nexsoft\AppData\Lo...}, goog:chromeOptions: {debuggerAddress: localhost:54805}, javascriptEnabled: true, networkConnectionEnabled: false, pageLoadStrategy: normal, platform: WINDOWS, platformName: WINDOWS, proxy: Proxy(), se:cdp: ws://localhost:54805/devtoo..., se:cdpVersion: 103.0.5060.114, setWindowRect: true, strictFileInteractability: false, timeouts: {implicit: 0, pageLoad: 300000, script: 30000}, unhandledPromptBehavior: dismiss and notify, webauthn:extension:credBlob: true, webauthn:extension:largeBlob: true, webauthn:virtualAuthenticators: true}
Element: [[ChromeDriver: chrome on WINDOWS (0dd3b05eccad2af5654f11c1be9d5568)] -&gt; xpath: //button[normalize-space()=&#039;Kirim&#039;]]
Session ID: 0dd3b05eccad2af5654f11c1be9d5568" type="org.openqa.selenium.TimeoutException">
      <![CDATA[org.openqa.selenium.TimeoutException: java.util.concurrent.TimeoutException
Build info: version: '4.0.0', revision: '3a21814679'
System info: host: 'DESKTOP-KMN6TAK', ip: '10.0.0.210', os.name: 'Windows 11', os.arch: 'amd64', os.version: '10.0', java.version: '11.0.15'
Driver info: org.openqa.selenium.chrome.ChromeDriver
Command: [0dd3b05eccad2af5654f11c1be9d5568, clickElement {id=1440b991-5fcb-41bf-894b-2437ccf789b8}]
Capabilities {acceptInsecureCerts: false, browserName: chrome, browserVersion: 103.0.5060.114, chrome: {chromedriverVersion: 102.0.5005.61 (0e59bcc00cc4..., userDataDir: C:\Users\Nexsoft\AppData\Lo...}, goog:chromeOptions: {debuggerAddress: localhost:54805}, javascriptEnabled: true, networkConnectionEnabled: false, pageLoadStrategy: normal, platform: WINDOWS, platformName: WINDOWS, proxy: Proxy(), se:cdp: ws://localhost:54805/devtoo..., se:cdpVersion: 103.0.5060.114, setWindowRect: true, strictFileInteractability: false, timeouts: {implicit: 0, pageLoad: 300000, script: 30000}, unhandledPromptBehavior: dismiss and notify, webauthn:extension:credBlob: true, webauthn:extension:largeBlob: true, webauthn:virtualAuthenticators: true}
Element: [[ChromeDriver: chrome on WINDOWS (0dd3b05eccad2af5654f11c1be9d5568)] -> xpath: //button[normalize-space()='Kirim']]
Session ID: 0dd3b05eccad2af5654f11c1be9d5568
at org.openqa.selenium.remote.http.netty.NettyHttpHandler.makeCall(NettyHttpHandler.java:72)
at org.openqa.selenium.remote.http.AddSeleniumUserAgent.lambda$apply$0(AddSeleniumUserAgent.java:42)
at org.openqa.selenium.remote.http.Filter.lambda$andFinally$1(Filter.java:56)
at org.openqa.selenium.remote.http.netty.NettyHttpHandler.execute(NettyHttpHandler.java:51)
at org.openqa.selenium.remote.http.AddSeleniumUserAgent.lambda$apply$0(AddSeleniumUserAgent.java:42)
at org.openqa.selenium.remote.http.Filter.lambda$andFinally$1(Filter.java:56)
at org.openqa.selenium.remote.http.netty.NettyClient.execute(NettyClient.java:119)
at org.openqa.selenium.remote.HttpCommandExecutor.execute(HttpCommandExecutor.java:181)
at org.openqa.selenium.remote.service.DriverCommandExecutor.invokeExecute(DriverCommandExecutor.java:164)
at org.openqa.selenium.remote.service.DriverCommandExecutor.execute(DriverCommandExecutor.java:139)
at org.openqa.selenium.remote.RemoteWebDriver.execute(RemoteWebDriver.java:559)
at org.openqa.selenium.remote.RemoteWebElement.execute(RemoteWebElement.java:251)
at org.openqa.selenium.remote.RemoteWebElement.click(RemoteWebElement.java:77)
at jdk.internal.reflect.GeneratedMethodAccessor3.invoke(Unknown Source)
at java.base/jdk.internal.reflect.DelegatingMethodAccessorImpl.invoke(DelegatingMethodAccessorImpl.java:43)
at java.base/java.lang.reflect.Method.invoke(Method.java:566)
at org.openqa.selenium.support.pagefactory.internal.LocatingElementHandler.invoke(LocatingElementHandler.java:52)
at com.sun.proxy.$Proxy28.click(Unknown Source)
at definitions.RequestStaff.PendingSPVDefine.user_klik_tombol_kirim(PendingSPVDefine.java:1439)
at ✽.User klik tombol kirim(file:///D:/2022/eclipse-workspace/hris-employee/src/test/resources/features/HRISPendingMNGRNegatifTest.feature:166)
Caused by: java.util.concurrent.TimeoutException
at java.base/java.util.concurrent.CompletableFuture.timedGet(CompletableFuture.java:1886)
at java.base/java.util.concurrent.CompletableFuture.get(CompletableFuture.java:2021)
at org.asynchttpclient.netty.NettyResponseFuture.get(NettyResponseFuture.java:206)
at org.openqa.selenium.remote.http.netty.NettyHttpHandler.makeCall(NettyHttpHandler.java:66)
at org.openqa.selenium.remote.http.AddSeleniumUserAgent.lambda$apply$0(AddSeleniumUserAgent.java:42)
at org.openqa.selenium.remote.http.Filter.lambda$andFinally$1(Filter.java:56)
at org.openqa.selenium.remote.http.netty.NettyHttpHandler.execute(NettyHttpHandler.java:51)
at org.openqa.selenium.remote.http.AddSeleniumUserAgent.lambda$apply$0(AddSeleniumUserAgent.java:42)
at org.openqa.selenium.remote.http.Filter.lambda$andFinally$1(Filter.java:56)
at org.openqa.selenium.remote.http.netty.NettyClient.execute(NettyClient.java:119)
at org.openqa.selenium.remote.HttpCommandExecutor.execute(HttpCommandExecutor.java:181)
at org.openqa.selenium.remote.service.DriverCommandExecutor.invokeExecute(DriverCommandExecutor.java:164)
at org.openqa.selenium.remote.service.DriverCommandExecutor.execute(DriverCommandExecutor.java:139)
at org.openqa.selenium.remote.RemoteWebDriver.execute(RemoteWebDriver.java:559)
at org.openqa.selenium.remote.RemoteWebElement.execute(RemoteWebElement.java:251)
at org.openqa.selenium.remote.RemoteWebElement.click(RemoteWebElement.java:77)
at jdk.internal.reflect.GeneratedMethodAccessor3.invoke(Unknown Source)
at java.base/jdk.internal.reflect.DelegatingMethodAccessorImpl.invoke(DelegatingMethodAccessorImpl.java:43)
at java.base/java.lang.reflect.Method.invoke(Method.java:566)
at org.openqa.selenium.support.pagefactory.internal.LocatingElementHandler.invoke(LocatingElementHandler.java:52)
at com.sun.proxy.$Proxy28.click(Unknown Source)
at definitions.RequestStaff.PendingSPVDefine.user_klik_tombol_kirim(PendingSPVDefine.java:1439)
at jdk.internal.reflect.GeneratedMethodAccessor18.invoke(Unknown Source)
at java.base/jdk.internal.reflect.DelegatingMethodAccessorImpl.invoke(DelegatingMethodAccessorImpl.java:43)
at java.base/java.lang.reflect.Method.invoke(Method.java:566)
at io.cucumber.java.Invoker.doInvoke(Invoker.java:66)
at io.cucumber.java.Invoker.invoke(Invoker.java:24)
at io.cucumber.java.AbstractGlueDefinition.invokeMethod(AbstractGlueDefinition.java:47)
at io.cucumber.java.JavaStepDefinition.execute(JavaStepDefinition.java:29)
at io.cucumber.core.runner.CoreStepDefinition.execute(CoreStepDefinition.java:66)
at io.cucumber.core.runner.PickleStepDefinitionMatch.runStep(PickleStepDefinitionMatch.java:63)
at io.cucumber.core.runner.ExecutionMode$1.execute(ExecutionMode.java:10)
at io.cucumber.core.runner.TestStep.executeStep(TestStep.java:85)
at io.cucumber.core.runner.TestStep.run(TestStep.java:57)
at io.cucumber.core.runner.PickleStepTestStep.run(PickleStepTestStep.java:51)
at io.cucumber.core.runner.TestCase.run(TestCase.java:84)
at io.cucumber.core.runner.Runner.runPickle(Runner.java:75)
at io.cucumber.testng.TestNGCucumberRunner.lambda$runScenario$1(TestNGCucumberRunner.java:132)
at io.cucumber.core.runtime.CucumberExecutionContext.lambda$runTestCase$5(CucumberExecutionContext.java:129)
at io.cucumber.core.runtime.RethrowingThrowableCollector.executeAndThrow(RethrowingThrowableCollector.java:23)
at io.cucumber.core.runtime.CucumberExecutionContext.runTestCase(CucumberExecutionContext.java:129)
at io.cucumber.testng.TestNGCucumberRunner.runScenario(TestNGCucumberRunner.java:129)
at io.cucumber.testng.AbstractTestNGCucumberTests.runScenario(AbstractTestNGCucumberTests.java:35)
at jdk.internal.reflect.GeneratedMethodAccessor8.invoke(Unknown Source)
at java.base/jdk.internal.reflect.DelegatingMethodAccessorImpl.invoke(DelegatingMethodAccessorImpl.java:43)
at java.base/java.lang.reflect.Method.invoke(Method.java:566)
at org.testng.internal.invokers.MethodInvocationHelper.invokeMethod(MethodInvocationHelper.java:139)
at org.testng.internal.invokers.TestInvoker.invokeMethod(TestInvoker.java:677)
at org.testng.internal.invokers.TestInvoker.invokeTestMethod(TestInvoker.java:221)
at org.testng.internal.invokers.MethodRunner.runInSequence(MethodRunner.java:50)
at org.testng.internal.invokers.TestInvoker$MethodInvocationAgent.invoke(TestInvoker.java:962)
at org.testng.internal.invokers.TestInvoker.invokeTestMethods(TestInvoker.java:194)
at org.testng.internal.invokers.TestMethodWorker.invokeTestMethods(TestMethodWorker.java:148)
at org.testng.internal.invokers.TestMethodWorker.run(TestMethodWorker.java:128)
at java.base/java.util.concurrent.ThreadPoolExecutor.runWorker(ThreadPoolExecutor.java:1128)
at java.base/java.util.concurrent.ThreadPoolExecutor$Worker.run(ThreadPoolExecutor.java:628)
at java.base/java.lang.Thread.run(Thread.java:834)
]]>
    </error>
  </testcase> <!-- runScenario -->
  <system-out>
    <![CDATA[<img src='file://D:\2022\eclipse-workspace\hris-employee\src\test\resources\SS\20220714_144047.PNG'height="350" width="792"/>]]>
  </system-out>
  <testcase classname="runner.HRISPendingMngrNegatifRunner" name="runScenario" time="49.059"/>
  <system-out/>
  <testcase classname="runner.HRISPendingMngrNegatifRunner" name="runScenario" time="37.013"/>
  <system-out/>
  <testcase classname="runner.HRISPendingMngrNegatifRunner" name="runScenario" time="37.426">
    <failure message="expected [true] but found [false]" type="java.lang.AssertionError">
      <![CDATA[java.lang.AssertionError: expected [true] but found [false]
at org.testng.Assert.fail(Assert.java:110)
at org.testng.Assert.failNotEquals(Assert.java:1413)
at org.testng.Assert.assertTrue(Assert.java:56)
at org.testng.Assert.assertTrue(Assert.java:66)
at definitions.RequestStaff.PendingSPVDefine.cekFilterDate(PendingSPVDefine.java:1820)
at ✽.User validasi fitur filter 09-07-2022 date 11-07-2022(file:///D:/2022/eclipse-workspace/hris-employee/src/test/resources/features/HRISPendingMNGRNegatifTest.feature:12)
]]>
    </failure>
  </testcase> <!-- runScenario -->
  <system-out>
    <![CDATA[<img src='file://D:\2022\eclipse-workspace\hris-employee\src\test\resources\SS\20220714_142324.PNG'height="350" width="792"/>]]>
  </system-out>
  <testcase classname="runner.HRISPendingMngrNegatifRunner" name="runScenario" time="62.087"/>
  <system-out/>
  <testcase classname="runner.HRISPendingMngrNegatifRunner" name="runScenario" time="49.861"/>
  <system-out/>
  <testcase classname="runner.HRISPendingMngrNegatifRunner" name="runScenario" time="37.132">
    <failure message="expected [Karyawan ini sudah pernah diganti. Mohon ajukan karyawan yang lain.] but found [Alert is Not Displayed]" type="java.lang.AssertionError">
      <![CDATA[java.lang.AssertionError: expected [Karyawan ini sudah pernah diganti. Mohon ajukan karyawan yang lain.] but found [Alert is Not Displayed]
at org.testng.Assert.fail(Assert.java:110)
at org.testng.Assert.failNotEquals(Assert.java:1413)
at org.testng.Assert.assertEqualsImpl(Assert.java:149)
at org.testng.Assert.assertEquals(Assert.java:131)
at org.testng.Assert.assertEquals(Assert.java:655)
at org.testng.Assert.assertEquals(Assert.java:665)
at definitions.RequestStaff.PendingSPVDefine.Nikterdaftar(PendingSPVDefine.java:217)
at ✽.User input tujuan, NIK D6180209, posisi, jumlah orang 1, mulai kerja, lokasi kerja, kota kerja, input detail lokasi Jl. Satu Dua, deskripsi pekerjaan test(file:///D:/2022/eclipse-workspace/hris-employee/src/test/resources/features/HRISPendingMNGRNegatifTest.feature:474)
]]>
    </failure>
  </testcase> <!-- runScenario -->
  <system-out/>
  <testcase classname="runner.HRISPendingMngrNegatifRunner" name="runScenario" time="47.925">
    <failure message="expected [Karyawan ini sudah pernah diganti. Mohon ajukan karyawan yang lain.] but found [Alert is Not Displayed]" type="java.lang.AssertionError">
      <![CDATA[java.lang.AssertionError: expected [Karyawan ini sudah pernah diganti. Mohon ajukan karyawan yang lain.] but found [Alert is Not Displayed]
at org.testng.Assert.fail(Assert.java:110)
at org.testng.Assert.failNotEquals(Assert.java:1413)
at org.testng.Assert.assertEqualsImpl(Assert.java:149)
at org.testng.Assert.assertEquals(Assert.java:131)
at org.testng.Assert.assertEquals(Assert.java:655)
at org.testng.Assert.assertEquals(Assert.java:665)
at definitions.RequestStaff.PendingSPVDefine.Nikterdaftar(PendingSPVDefine.java:217)
at ✽.User input tujuan, NIK D6180209, posisi, jumlah orang 1, mulai kerja, lokasi kerja, kota kerja, input detail lokasi Jl. Satu Dua, deskripsi pekerjaan test(file:///D:/2022/eclipse-workspace/hris-employee/src/test/resources/features/HRISPendingMNGRNegatifTest.feature:398)
]]>
    </failure>
  </testcase> <!-- runScenario -->
  <system-out/>
  <testcase classname="runner.HRISPendingMngrNegatifRunner" name="runScenario" time="32.409">
    <failure message="expected [Karyawan ini sudah pernah diganti. Mohon ajukan karyawan yang lain.] but found [Alert is Not Displayed]" type="java.lang.AssertionError">
      <![CDATA[java.lang.AssertionError: expected [Karyawan ini sudah pernah diganti. Mohon ajukan karyawan yang lain.] but found [Alert is Not Displayed]
at org.testng.Assert.fail(Assert.java:110)
at org.testng.Assert.failNotEquals(Assert.java:1413)
at org.testng.Assert.assertEqualsImpl(Assert.java:149)
at org.testng.Assert.assertEquals(Assert.java:131)
at org.testng.Assert.assertEquals(Assert.java:655)
at org.testng.Assert.assertEquals(Assert.java:665)
at definitions.RequestStaff.PendingSPVDefine.Nikterdaftar(PendingSPVDefine.java:217)
at ✽.User input tujuan, NIK D6180209, posisi, jumlah orang 1, mulai kerja, lokasi kerja, kota kerja, input detail lokasi Jl. Satu Dua, deskripsi pekerjaan test(file:///D:/2022/eclipse-workspace/hris-employee/src/test/resources/features/HRISPendingMNGRNegatifTest.feature:287)
]]>
    </failure>
  </testcase> <!-- runScenario -->
  <system-out/>
  <testcase classname="runner.HRISPendingMngrNegatifRunner" name="runScenario" time="36.471">
    <failure message="expected [Karyawan ini sudah pernah diganti. Mohon ajukan karyawan yang lain.] but found [Alert is Not Displayed]" type="java.lang.AssertionError">
      <![CDATA[java.lang.AssertionError: expected [Karyawan ini sudah pernah diganti. Mohon ajukan karyawan yang lain.] but found [Alert is Not Displayed]
at org.testng.Assert.fail(Assert.java:110)
at org.testng.Assert.failNotEquals(Assert.java:1413)
at org.testng.Assert.assertEqualsImpl(Assert.java:149)
at org.testng.Assert.assertEquals(Assert.java:131)
at org.testng.Assert.assertEquals(Assert.java:655)
at org.testng.Assert.assertEquals(Assert.java:665)
at definitions.RequestStaff.PendingSPVDefine.Nikterdaftar(PendingSPVDefine.java:217)
at ✽.User input tujuan, NIK D6180209, posisi, jumlah orang 1, mulai kerja, lokasi kerja, kota kerja, input detail lokasi Jl. Satu Dua, deskripsi pekerjaan test(file:///D:/2022/eclipse-workspace/hris-employee/src/test/resources/features/HRISPendingMNGRNegatifTest.feature:381)
]]>
    </failure>
  </testcase> <!-- runScenario -->
  <system-out/>
  <testcase classname="runner.HRISPendingMngrNegatifRunner" name="runScenario" time="30.824">
    <failure message="expected [true] but found [false]" type="java.lang.AssertionError">
      <![CDATA[java.lang.AssertionError: expected [true] but found [false]
at org.testng.Assert.fail(Assert.java:110)
at org.testng.Assert.failNotEquals(Assert.java:1413)
at org.testng.Assert.assertTrue(Assert.java:56)
at org.testng.Assert.assertTrue(Assert.java:66)
at definitions.RequestStaff.PendingSPVDefine.cekFilterDate(PendingSPVDefine.java:1820)
at ✽.User validasi fitur filter 09-07-2022 date 09-07-2022(file:///D:/2022/eclipse-workspace/hris-employee/src/test/resources/features/HRISPendingMNGRNegatifTest.feature:12)
]]>
    </failure>
  </testcase> <!-- runScenario -->
  <system-out>
    <![CDATA[<img src='file://D:\2022\eclipse-workspace\hris-employee\src\test\resources\SS\20220714_142355.PNG'height="350" width="792"/>]]>
  </system-out>
  <testcase classname="runner.HRISPendingMngrNegatifRunner" name="runScenario" time="54.714"/>
  <system-out/>
  <testcase classname="runner.HRISPendingMngrNegatifRunner" name="runScenario" time="44.524">
    <failure message="expected [Karyawan ini sudah pernah diganti. Mohon ajukan karyawan yang lain.] but found [Alert is Not Displayed]" type="java.lang.AssertionError">
      <![CDATA[java.lang.AssertionError: expected [Karyawan ini sudah pernah diganti. Mohon ajukan karyawan yang lain.] but found [Alert is Not Displayed]
at org.testng.Assert.fail(Assert.java:110)
at org.testng.Assert.failNotEquals(Assert.java:1413)
at org.testng.Assert.assertEqualsImpl(Assert.java:149)
at org.testng.Assert.assertEquals(Assert.java:131)
at org.testng.Assert.assertEquals(Assert.java:655)
at org.testng.Assert.assertEquals(Assert.java:665)
at definitions.RequestStaff.PendingSPVDefine.Nikterdaftar(PendingSPVDefine.java:217)
at ✽.User input tujuan, NIK D6180209, posisi, jumlah orang 1, mulai kerja, lokasi kerja, kota kerja, input detail lokasi Jl. Satu Dua, deskripsi pekerjaan test(file:///D:/2022/eclipse-workspace/hris-employee/src/test/resources/features/HRISPendingMNGRNegatifTest.feature:552)
]]>
    </failure>
  </testcase> <!-- runScenario -->
  <system-out/>
  <testcase classname="runner.HRISPendingMngrNegatifRunner" name="runScenario" time="30.136"/>
  <system-out/>
  <testcase classname="runner.HRISPendingMngrNegatifRunner" name="runScenario" time="53.321"/>
  <system-out/>
  <testcase classname="runner.HRISPendingMngrNegatifRunner" name="runScenario" time="59.997"/>
  <system-out/>
  <testcase classname="runner.HRISPendingMngrNegatifRunner" name="runScenario" time="31.889">
    <failure message="expected [true] but found [false]" type="java.lang.AssertionError">
      <![CDATA[java.lang.AssertionError: expected [true] but found [false]
at org.testng.Assert.fail(Assert.java:110)
at org.testng.Assert.failNotEquals(Assert.java:1413)
at org.testng.Assert.assertTrue(Assert.java:56)
at org.testng.Assert.assertTrue(Assert.java:66)
at definitions.RequestStaff.PendingSPVDefine.cekFilterDate(PendingSPVDefine.java:1820)
at ✽.User validasi fitur filter 11-07-2022 date 09-06-2022(file:///D:/2022/eclipse-workspace/hris-employee/src/test/resources/features/HRISPendingMNGRNegatifTest.feature:12)
]]>
    </failure>
  </testcase> <!-- runScenario -->
  <system-out>
    <![CDATA[<img src='file://D:\2022\eclipse-workspace\hris-employee\src\test\resources\SS\20220714_142427.PNG'height="350" width="792"/>]]>
  </system-out>
  <testcase classname="runner.HRISPendingMngrNegatifRunner" name="runScenario" time="54.240">
    <failure message="expected [input tidak boleh melebihi 12 dan 2 digit angka] but found [Alert is Not Displayed]" type="java.lang.AssertionError">
      <![CDATA[java.lang.AssertionError: expected [input tidak boleh melebihi 12 dan 2 digit angka] but found [Alert is Not Displayed]
at org.testng.Assert.fail(Assert.java:110)
at org.testng.Assert.failNotEquals(Assert.java:1413)
at org.testng.Assert.assertEqualsImpl(Assert.java:149)
at org.testng.Assert.assertEquals(Assert.java:131)
at org.testng.Assert.assertEquals(Assert.java:655)
at org.testng.Assert.assertEquals(Assert.java:665)
at definitions.RequestStaff.PendingSPVDefine.StatusKaryawanMaganginputBulan(PendingSPVDefine.java:864)
at ✽.User melengkapi status karyawan, pilih karyawan Magang, input bulan > 12, bulan > 2 digit angka 134, tahun 1, masa percobaan 4, golongan, gaji 1000, asuransi, tunjangan jabatan 500, tunjangan transportasi 300, tunjangan komunikasi 200, note satu dua(file:///D:/2022/eclipse-workspace/hris-employee/src/test/resources/features/HRISPendingMNGRNegatifTest.feature:383)
]]>
    </failure>
  </testcase> <!-- runScenario -->
  <system-out>
    <![CDATA[<img src='file://D:\2022\eclipse-workspace\hris-employee\src\test\resources\SS\20220714_145812.PNG'height="350" width="792"/>]]>
  </system-out>
  <testcase classname="runner.HRISPendingMngrNegatifRunner" name="runScenario" time="47.893">
    <failure message="expected [Umur awal tidak boleh lebih besar dari batas umur.] but found [Alert is Not Displayed]" type="java.lang.AssertionError">
      <![CDATA[java.lang.AssertionError: expected [Umur awal tidak boleh lebih besar dari batas umur.] but found [Alert is Not Displayed]
at org.testng.Assert.fail(Assert.java:110)
at org.testng.Assert.failNotEquals(Assert.java:1413)
at org.testng.Assert.assertEqualsImpl(Assert.java:149)
at org.testng.Assert.assertEquals(Assert.java:131)
at org.testng.Assert.assertEquals(Assert.java:655)
at org.testng.Assert.assertEquals(Assert.java:665)
at definitions.RequestStaff.PendingSPVDefine.inputBatasUmurLebihKecil(PendingSPVDefine.java:563)
at ✽.User melakukan tambah field kualifikasi jenis kelamin, umur awal 26 lebih besar dibanding batas umur 20, pendidikan, status perkawinan, kualifikasi lainnya skill(file:///D:/2022/eclipse-workspace/hris-employee/src/test/resources/features/HRISPendingMNGRNegatifTest.feature:255)
]]>
    </failure>
  </testcase> <!-- runScenario -->
  <system-out>
    <![CDATA[<img src='file://D:\2022\eclipse-workspace\hris-employee\src\test\resources\SS\20220714_144659.PNG'height="350" width="792"/>]]>
  </system-out>
  <testcase classname="runner.HRISPendingMngrNegatifRunner" name="runScenario" time="52.777"/>
  <system-out/>
  <testcase classname="runner.HRISPendingMngrNegatifRunner" name="runScenario" time="34.417"/>
  <system-out/>
  <testcase classname="runner.HRISPendingMngrNegatifRunner" name="runScenario" time="43.490">
    <failure message="expected [Karyawan ini sudah pernah diganti. Mohon ajukan karyawan yang lain.] but found [Alert is Not Displayed]" type="java.lang.AssertionError">
      <![CDATA[java.lang.AssertionError: expected [Karyawan ini sudah pernah diganti. Mohon ajukan karyawan yang lain.] but found [Alert is Not Displayed]
at org.testng.Assert.fail(Assert.java:110)
at org.testng.Assert.failNotEquals(Assert.java:1413)
at org.testng.Assert.assertEqualsImpl(Assert.java:149)
at org.testng.Assert.assertEquals(Assert.java:131)
at org.testng.Assert.assertEquals(Assert.java:655)
at org.testng.Assert.assertEquals(Assert.java:665)
at definitions.RequestStaff.PendingSPVDefine.Nikterdaftar(PendingSPVDefine.java:217)
at ✽.User input tujuan, NIK D6180209, posisi, jumlah orang 1, mulai kerja, lokasi kerja, kota kerja, input detail lokasi Jl. Satu Dua, deskripsi pekerjaan test(file:///D:/2022/eclipse-workspace/hris-employee/src/test/resources/features/HRISPendingMNGRNegatifTest.feature:512)
]]>
    </failure>
  </testcase> <!-- runScenario -->
  <system-out/>
  <testcase classname="runner.HRISPendingMngrNegatifRunner" name="runScenario" time="63.749"/>
  <system-out/>
  <testcase classname="runner.HRISPendingMngrNegatifRunner" name="runScenario" time="48.502"/>
  <system-out/>
  <testcase classname="runner.HRISPendingMngrNegatifRunner" name="runScenario" time="57.261">
    <failure message="expected [Karyawan ini sudah pernah diganti. Mohon ajukan karyawan yang lain.] but found [Alert is Not Displayed]" type="java.lang.AssertionError">
      <![CDATA[java.lang.AssertionError: expected [Karyawan ini sudah pernah diganti. Mohon ajukan karyawan yang lain.] but found [Alert is Not Displayed]
at org.testng.Assert.fail(Assert.java:110)
at org.testng.Assert.failNotEquals(Assert.java:1413)
at org.testng.Assert.assertEqualsImpl(Assert.java:149)
at org.testng.Assert.assertEquals(Assert.java:131)
at org.testng.Assert.assertEquals(Assert.java:655)
at org.testng.Assert.assertEquals(Assert.java:665)
at definitions.RequestStaff.PendingSPVDefine.Nikterdaftar(PendingSPVDefine.java:217)
at ✽.User input tujuan, NIK D6180209, posisi, jumlah orang 1, mulai kerja, lokasi kerja, kota kerja, input detail lokasi Jl. Satu Dua, deskripsi pekerjaan test(file:///D:/2022/eclipse-workspace/hris-employee/src/test/resources/features/HRISPendingMNGRNegatifTest.feature:495)
]]>
    </failure>
  </testcase> <!-- runScenario -->
  <system-out>
    <![CDATA[<img src='file://D:\2022\eclipse-workspace\hris-employee\src\test\resources\SS\20220714_150948.PNG'height="350" width="792"/>]]>
  </system-out>
  <testcase classname="runner.HRISPendingMngrNegatifRunner" name="runScenario" time="53.434"/>
  <system-out/>
  <testcase classname="runner.HRISPendingMngrNegatifRunner" name="runScenario" time="69.052"/>
  <system-out/>
  <testcase classname="runner.HRISPendingMngrNegatifRunner" name="runScenario" time="33.781">
    <failure message="expected [Karyawan ini sudah pernah diganti. Mohon ajukan karyawan yang lain.] but found [Alert is Not Displayed]" type="java.lang.AssertionError">
      <![CDATA[java.lang.AssertionError: expected [Karyawan ini sudah pernah diganti. Mohon ajukan karyawan yang lain.] but found [Alert is Not Displayed]
at org.testng.Assert.fail(Assert.java:110)
at org.testng.Assert.failNotEquals(Assert.java:1413)
at org.testng.Assert.assertEqualsImpl(Assert.java:149)
at org.testng.Assert.assertEquals(Assert.java:131)
at org.testng.Assert.assertEquals(Assert.java:655)
at org.testng.Assert.assertEquals(Assert.java:665)
at definitions.RequestStaff.PendingSPVDefine.Nikterdaftar(PendingSPVDefine.java:217)
at ✽.User input tujuan, NIK D6180209, posisi, jumlah orang 1, mulai kerja, lokasi kerja, kota kerja, input detail lokasi Jl. Satu Dua, deskripsi pekerjaan test(file:///D:/2022/eclipse-workspace/hris-employee/src/test/resources/features/HRISPendingMNGRNegatifTest.feature:324)
]]>
    </failure>
  </testcase> <!-- runScenario -->
  <system-out/>
  <testcase classname="runner.HRISPendingMngrNegatifRunner" name="runScenario" time="39.922">
    <failure message="expected [Karyawan ini sudah pernah diganti. Mohon ajukan karyawan yang lain.] but found [Alert is Not Displayed]" type="java.lang.AssertionError">
      <![CDATA[java.lang.AssertionError: expected [Karyawan ini sudah pernah diganti. Mohon ajukan karyawan yang lain.] but found [Alert is Not Displayed]
at org.testng.Assert.fail(Assert.java:110)
at org.testng.Assert.failNotEquals(Assert.java:1413)
at org.testng.Assert.assertEqualsImpl(Assert.java:149)
at org.testng.Assert.assertEquals(Assert.java:131)
at org.testng.Assert.assertEquals(Assert.java:655)
at org.testng.Assert.assertEquals(Assert.java:665)
at definitions.RequestStaff.PendingSPVDefine.Nikterdaftar(PendingSPVDefine.java:217)
at ✽.User input tujuan, NIK D6180209, posisi, jumlah orang 1, mulai kerja, lokasi kerja, kota kerja, input detail lokasi Jl. Satu Dua, deskripsi pekerjaan test(file:///D:/2022/eclipse-workspace/hris-employee/src/test/resources/features/HRISPendingMNGRNegatifTest.feature:531)
]]>
    </failure>
  </testcase> <!-- runScenario -->
  <system-out/>
  <testcase classname="runner.HRISPendingMngrNegatifRunner" name="runScenario" time="32.391"/>
  <system-out/>
  <testcase classname="runner.HRISPendingMngrNegatifRunner" name="runScenario" time="38.454">
    <failure message="expected [Karyawan ini sudah pernah diganti. Mohon ajukan karyawan yang lain.] but found [Alert is Not Displayed]" type="java.lang.AssertionError">
      <![CDATA[java.lang.AssertionError: expected [Karyawan ini sudah pernah diganti. Mohon ajukan karyawan yang lain.] but found [Alert is Not Displayed]
at org.testng.Assert.fail(Assert.java:110)
at org.testng.Assert.failNotEquals(Assert.java:1413)
at org.testng.Assert.assertEqualsImpl(Assert.java:149)
at org.testng.Assert.assertEquals(Assert.java:131)
at org.testng.Assert.assertEquals(Assert.java:655)
at org.testng.Assert.assertEquals(Assert.java:665)
at definitions.RequestStaff.PendingSPVDefine.Nikterdaftar(PendingSPVDefine.java:217)
at ✽.User input tujuan, NIK D6180209, posisi, jumlah orang 1, mulai kerja, lokasi kerja, kota kerja, input detail lokasi Jl. Satu Dua, deskripsi pekerjaan test(file:///D:/2022/eclipse-workspace/hris-employee/src/test/resources/features/HRISPendingMNGRNegatifTest.feature:474)
]]>
    </failure>
  </testcase> <!-- runScenario -->
  <system-out/>
  <testcase classname="runner.HRISPendingMngrNegatifRunner" name="runScenario" time="49.027"/>
  <system-out/>
  <testcase classname="runner.HRISPendingMngrNegatifRunner" name="runScenario" time="55.419"/>
  <system-out/>
  <testcase classname="runner.HRISPendingMngrNegatifRunner" name="runScenario" time="57.277"/>
  <system-out/>
  <testcase classname="runner.HRISPendingMngrNegatifRunner" name="runScenario" time="36.515">
    <failure message="expected [Karyawan ini sudah pernah diganti. Mohon ajukan karyawan yang lain.] but found [Alert is Not Displayed]" type="java.lang.AssertionError">
      <![CDATA[java.lang.AssertionError: expected [Karyawan ini sudah pernah diganti. Mohon ajukan karyawan yang lain.] but found [Alert is Not Displayed]
at org.testng.Assert.fail(Assert.java:110)
at org.testng.Assert.failNotEquals(Assert.java:1413)
at org.testng.Assert.assertEqualsImpl(Assert.java:149)
at org.testng.Assert.assertEquals(Assert.java:131)
at org.testng.Assert.assertEquals(Assert.java:655)
at org.testng.Assert.assertEquals(Assert.java:665)
at definitions.RequestStaff.PendingSPVDefine.Nikterdaftar(PendingSPVDefine.java:217)
at ✽.User input tujuan, NIK D6180209, posisi, jumlah orang 1, mulai kerja, lokasi kerja, kota kerja, input detail lokasi Jl. Satu Dua, deskripsi pekerjaan test(file:///D:/2022/eclipse-workspace/hris-employee/src/test/resources/features/HRISPendingMNGRNegatifTest.feature:341)
]]>
    </failure>
  </testcase> <!-- runScenario -->
  <system-out/>
  <testcase classname="runner.HRISPendingMngrNegatifRunner" name="runScenario" time="32.075"/>
  <system-out/>
  <testcase classname="runner.HRISPendingMngrNegatifRunner" name="runScenario" time="32.496"/>
  <system-out/>
  <testcase classname="runner.HRISPendingMngrNegatifRunner" name="runScenario" time="50.743"/>
  <system-out/>
  <testcase classname="runner.HRISPendingMngrNegatifRunner" name="runScenario" time="56.249"/>
  <system-out/>
  <testcase classname="runner.HRISPendingMngrNegatifRunner" name="runScenario" time="36.896">
    <error message="no such element: Unable to locate element: {&quot;method&quot;:&quot;xpath&quot;,&quot;selector&quot;:&quot;//*[@id=&quot;dataTable&quot;]/tbody/tr[1]/td[2]&quot;}
  (Session info: chrome=103.0.5060.114)
For documentation on this error, please visit: https://selenium.dev/exceptions/#no_such_element
Build info: version: &#039;4.0.0&#039;, revision: &#039;3a21814679&#039;
System info: host: &#039;DESKTOP-KMN6TAK&#039;, ip: &#039;10.0.0.210&#039;, os.name: &#039;Windows 11&#039;, os.arch: &#039;amd64&#039;, os.version: &#039;10.0&#039;, java.version: &#039;11.0.15&#039;
Driver info: org.openqa.selenium.chrome.ChromeDriver
Command: [2d949fbbd260ccf80c52e1dd406e84bb, findElement {using=xpath, value=//*[@id=&quot;dataTable&quot;]/tbody/tr[1]/td[2]}]
Capabilities {acceptInsecureCerts: false, browserName: chrome, browserVersion: 103.0.5060.114, chrome: {chromedriverVersion: 102.0.5005.61 (0e59bcc00cc4..., userDataDir: C:\Users\Nexsoft\AppData\Lo...}, goog:chromeOptions: {debuggerAddress: localhost:53771}, javascriptEnabled: true, networkConnectionEnabled: false, pageLoadStrategy: normal, platform: WINDOWS, platformName: WINDOWS, proxy: Proxy(), se:cdp: ws://localhost:53771/devtoo..., se:cdpVersion: 103.0.5060.114, setWindowRect: true, strictFileInteractability: false, timeouts: {implicit: 0, pageLoad: 300000, script: 30000}, unhandledPromptBehavior: dismiss and notify, webauthn:extension:credBlob: true, webauthn:extension:largeBlob: true, webauthn:virtualAuthenticators: true}
Session ID: 2d949fbbd260ccf80c52e1dd406e84bb" type="org.openqa.selenium.NoSuchElementException">
      <![CDATA[org.openqa.selenium.NoSuchElementException: no such element: Unable to locate element: {"method":"xpath","selector":"//*[@id="dataTable"]/tbody/tr[1]/td[2]"}
  (Session info: chrome=103.0.5060.114)
For documentation on this error, please visit: https://selenium.dev/exceptions/#no_such_element
Build info: version: '4.0.0', revision: '3a21814679'
System info: host: 'DESKTOP-KMN6TAK', ip: '10.0.0.210', os.name: 'Windows 11', os.arch: 'amd64', os.version: '10.0', java.version: '11.0.15'
Driver info: org.openqa.selenium.chrome.ChromeDriver
Command: [2d949fbbd260ccf80c52e1dd406e84bb, findElement {using=xpath, value=//*[@id="dataTable"]/tbody/tr[1]/td[2]}]
Capabilities {acceptInsecureCerts: false, browserName: chrome, browserVersion: 103.0.5060.114, chrome: {chromedriverVersion: 102.0.5005.61 (0e59bcc00cc4..., userDataDir: C:\Users\Nexsoft\AppData\Lo...}, goog:chromeOptions: {debuggerAddress: localhost:53771}, javascriptEnabled: true, networkConnectionEnabled: false, pageLoadStrategy: normal, platform: WINDOWS, platformName: WINDOWS, proxy: Proxy(), se:cdp: ws://localhost:53771/devtoo..., se:cdpVersion: 103.0.5060.114, setWindowRect: true, strictFileInteractability: false, timeouts: {implicit: 0, pageLoad: 300000, script: 30000}, unhandledPromptBehavior: dismiss and notify, webauthn:extension:credBlob: true, webauthn:extension:largeBlob: true, webauthn:virtualAuthenticators: true}
Session ID: 2d949fbbd260ccf80c52e1dd406e84bb
at java.base/jdk.internal.reflect.NativeConstructorAccessorImpl.newInstance0(Native Method)
at java.base/jdk.internal.reflect.NativeConstructorAccessorImpl.newInstance(NativeConstructorAccessorImpl.java:62)
at java.base/jdk.internal.reflect.DelegatingConstructorAccessorImpl.newInstance(DelegatingConstructorAccessorImpl.java:45)
at java.base/java.lang.reflect.Constructor.newInstance(Constructor.java:490)
at org.openqa.selenium.remote.codec.w3c.W3CHttpResponseCodec.createException(W3CHttpResponseCodec.java:200)
at org.openqa.selenium.remote.codec.w3c.W3CHttpResponseCodec.decode(W3CHttpResponseCodec.java:133)
at org.openqa.selenium.remote.codec.w3c.W3CHttpResponseCodec.decode(W3CHttpResponseCodec.java:53)
at org.openqa.selenium.remote.HttpCommandExecutor.execute(HttpCommandExecutor.java:184)
at org.openqa.selenium.remote.service.DriverCommandExecutor.invokeExecute(DriverCommandExecutor.java:164)
at org.openqa.selenium.remote.service.DriverCommandExecutor.execute(DriverCommandExecutor.java:139)
at org.openqa.selenium.remote.RemoteWebDriver.execute(RemoteWebDriver.java:559)
at org.openqa.selenium.remote.ElementLocation$ElementFinder$2.findElement(ElementLocation.java:162)
at org.openqa.selenium.remote.ElementLocation.findElement(ElementLocation.java:60)
at org.openqa.selenium.remote.RemoteWebDriver.findElement(RemoteWebDriver.java:383)
at org.openqa.selenium.remote.RemoteWebDriver.findElement(RemoteWebDriver.java:375)
at pom.HRISPendingStaff.getName(HRISPendingStaff.java:670)
at pom.HRISPendingStaff.searchData(HRISPendingStaff.java:237)
at definitions.RequestStaff.PendingSPVDefine.search_data_SPV(PendingSPVDefine.java:137)
at ✽.User menjalankan search berdasarkan data di sub menu pending 006/PM/HRD/VII/2022(file:///D:/2022/eclipse-workspace/hris-employee/src/test/resources/features/HRISPendingMNGRNegatifTest.feature:26)
]]>
    </error>
  </testcase> <!-- runScenario -->
  <system-out>
    <![CDATA[<img src='file://D:\2022\eclipse-workspace\hris-employee\src\test\resources\SS\20220714_142613.PNG'height="350" width="792"/>]]>
  </system-out>
  <testcase classname="runner.HRISPendingMngrNegatifRunner" name="runScenario" time="33.047"/>
  <system-out/>
  <testcase classname="runner.HRISPendingMngrNegatifRunner" name="runScenario" time="44.896">
    <failure message="expected [Karyawan ini sudah pernah diganti. Mohon ajukan karyawan yang lain.] but found [Alert is Not Displayed]" type="java.lang.AssertionError">
      <![CDATA[java.lang.AssertionError: expected [Karyawan ini sudah pernah diganti. Mohon ajukan karyawan yang lain.] but found [Alert is Not Displayed]
at org.testng.Assert.fail(Assert.java:110)
at org.testng.Assert.failNotEquals(Assert.java:1413)
at org.testng.Assert.assertEqualsImpl(Assert.java:149)
at org.testng.Assert.assertEquals(Assert.java:131)
at org.testng.Assert.assertEquals(Assert.java:655)
at org.testng.Assert.assertEquals(Assert.java:665)
at definitions.RequestStaff.PendingSPVDefine.Nikterdaftar(PendingSPVDefine.java:217)
at ✽.User input tujuan, NIK D6180209, posisi, jumlah orang 1, mulai kerja, lokasi kerja, kota kerja, input detail lokasi Jl. Satu Dua, deskripsi pekerjaan test(file:///D:/2022/eclipse-workspace/hris-employee/src/test/resources/features/HRISPendingMNGRNegatifTest.feature:531)
]]>
    </failure>
  </testcase> <!-- runScenario -->
  <system-out/>
  <testcase classname="runner.HRISPendingMngrNegatifRunner" name="runScenario" time="54.026"/>
  <system-out/>
  <testcase classname="runner.HRISPendingMngrNegatifRunner" name="runScenario" time="33.666">
    <error message="no such element: Unable to locate element: {&quot;method&quot;:&quot;xpath&quot;,&quot;selector&quot;:&quot;//*[@id=&quot;dataTable&quot;]/tbody/tr[1]/td[2]&quot;}
  (Session info: chrome=103.0.5060.114)
For documentation on this error, please visit: https://selenium.dev/exceptions/#no_such_element
Build info: version: &#039;4.0.0&#039;, revision: &#039;3a21814679&#039;
System info: host: &#039;DESKTOP-KMN6TAK&#039;, ip: &#039;10.0.0.210&#039;, os.name: &#039;Windows 11&#039;, os.arch: &#039;amd64&#039;, os.version: &#039;10.0&#039;, java.version: &#039;11.0.15&#039;
Driver info: org.openqa.selenium.chrome.ChromeDriver
Command: [5b37bff2f385be7a44ad794f8aca3f5a, findElement {using=xpath, value=//*[@id=&quot;dataTable&quot;]/tbody/tr[1]/td[2]}]
Capabilities {acceptInsecureCerts: false, browserName: chrome, browserVersion: 103.0.5060.114, chrome: {chromedriverVersion: 102.0.5005.61 (0e59bcc00cc4..., userDataDir: C:\Users\Nexsoft\AppData\Lo...}, goog:chromeOptions: {debuggerAddress: localhost:53921}, javascriptEnabled: true, networkConnectionEnabled: false, pageLoadStrategy: normal, platform: WINDOWS, platformName: WINDOWS, proxy: Proxy(), se:cdp: ws://localhost:53921/devtoo..., se:cdpVersion: 103.0.5060.114, setWindowRect: true, strictFileInteractability: false, timeouts: {implicit: 0, pageLoad: 300000, script: 30000}, unhandledPromptBehavior: dismiss and notify, webauthn:extension:credBlob: true, webauthn:extension:largeBlob: true, webauthn:virtualAuthenticators: true}
Session ID: 5b37bff2f385be7a44ad794f8aca3f5a" type="org.openqa.selenium.NoSuchElementException">
      <![CDATA[org.openqa.selenium.NoSuchElementException: no such element: Unable to locate element: {"method":"xpath","selector":"//*[@id="dataTable"]/tbody/tr[1]/td[2]"}
  (Session info: chrome=103.0.5060.114)
For documentation on this error, please visit: https://selenium.dev/exceptions/#no_such_element
Build info: version: '4.0.0', revision: '3a21814679'
System info: host: 'DESKTOP-KMN6TAK', ip: '10.0.0.210', os.name: 'Windows 11', os.arch: 'amd64', os.version: '10.0', java.version: '11.0.15'
Driver info: org.openqa.selenium.chrome.ChromeDriver
Command: [5b37bff2f385be7a44ad794f8aca3f5a, findElement {using=xpath, value=//*[@id="dataTable"]/tbody/tr[1]/td[2]}]
Capabilities {acceptInsecureCerts: false, browserName: chrome, browserVersion: 103.0.5060.114, chrome: {chromedriverVersion: 102.0.5005.61 (0e59bcc00cc4..., userDataDir: C:\Users\Nexsoft\AppData\Lo...}, goog:chromeOptions: {debuggerAddress: localhost:53921}, javascriptEnabled: true, networkConnectionEnabled: false, pageLoadStrategy: normal, platform: WINDOWS, platformName: WINDOWS, proxy: Proxy(), se:cdp: ws://localhost:53921/devtoo..., se:cdpVersion: 103.0.5060.114, setWindowRect: true, strictFileInteractability: false, timeouts: {implicit: 0, pageLoad: 300000, script: 30000}, unhandledPromptBehavior: dismiss and notify, webauthn:extension:credBlob: true, webauthn:extension:largeBlob: true, webauthn:virtualAuthenticators: true}
Session ID: 5b37bff2f385be7a44ad794f8aca3f5a
at java.base/jdk.internal.reflect.NativeConstructorAccessorImpl.newInstance0(Native Method)
at java.base/jdk.internal.reflect.NativeConstructorAccessorImpl.newInstance(NativeConstructorAccessorImpl.java:62)
at java.base/jdk.internal.reflect.DelegatingConstructorAccessorImpl.newInstance(DelegatingConstructorAccessorImpl.java:45)
at java.base/java.lang.reflect.Constructor.newInstance(Constructor.java:490)
at org.openqa.selenium.remote.codec.w3c.W3CHttpResponseCodec.createException(W3CHttpResponseCodec.java:200)
at org.openqa.selenium.remote.codec.w3c.W3CHttpResponseCodec.decode(W3CHttpResponseCodec.java:133)
at org.openqa.selenium.remote.codec.w3c.W3CHttpResponseCodec.decode(W3CHttpResponseCodec.java:53)
at org.openqa.selenium.remote.HttpCommandExecutor.execute(HttpCommandExecutor.java:184)
at org.openqa.selenium.remote.service.DriverCommandExecutor.invokeExecute(DriverCommandExecutor.java:164)
at org.openqa.selenium.remote.service.DriverCommandExecutor.execute(DriverCommandExecutor.java:139)
at org.openqa.selenium.remote.RemoteWebDriver.execute(RemoteWebDriver.java:559)
at org.openqa.selenium.remote.ElementLocation$ElementFinder$2.findElement(ElementLocation.java:162)
at org.openqa.selenium.remote.ElementLocation.findElement(ElementLocation.java:60)
at org.openqa.selenium.remote.RemoteWebDriver.findElement(RemoteWebDriver.java:383)
at org.openqa.selenium.remote.RemoteWebDriver.findElement(RemoteWebDriver.java:375)
at pom.HRISPendingStaff.getName(HRISPendingStaff.java:670)
at pom.HRISPendingStaff.searchData(HRISPendingStaff.java:237)
at definitions.RequestStaff.PendingSPVDefine.search_data_SPV(PendingSPVDefine.java:137)
at ✽.User menjalankan search berdasarkan data di sub menu pending Juara Coding Tebet(file:///D:/2022/eclipse-workspace/hris-employee/src/test/resources/features/HRISPendingMNGRNegatifTest.feature:26)
]]>
    </error>
  </testcase> <!-- runScenario -->
  <system-out>
    <![CDATA[<img src='file://D:\2022\eclipse-workspace\hris-employee\src\test\resources\SS\20220714_142724.PNG'height="350" width="792"/>]]>
  </system-out>
  <testcase classname="runner.HRISPendingMngrNegatifRunner" name="runScenario" time="27.933">
    <failure message="expected [Karyawan ini sudah pernah diganti. Mohon ajukan karyawan yang lain.] but found [Alert is Not Displayed]" type="java.lang.AssertionError">
      <![CDATA[java.lang.AssertionError: expected [Karyawan ini sudah pernah diganti. Mohon ajukan karyawan yang lain.] but found [Alert is Not Displayed]
at org.testng.Assert.fail(Assert.java:110)
at org.testng.Assert.failNotEquals(Assert.java:1413)
at org.testng.Assert.assertEqualsImpl(Assert.java:149)
at org.testng.Assert.assertEquals(Assert.java:131)
at org.testng.Assert.assertEquals(Assert.java:655)
at org.testng.Assert.assertEquals(Assert.java:665)
at definitions.RequestStaff.PendingSPVDefine.Nikterdaftar(PendingSPVDefine.java:217)
at ✽.User input tujuan, NIK D6180209, posisi, jumlah orang 1, mulai kerja, lokasi kerja, kota kerja, input detail lokasi Jl. Satu Dua, deskripsi pekerjaan test(file:///D:/2022/eclipse-workspace/hris-employee/src/test/resources/features/HRISPendingMNGRNegatifTest.feature:438)
]]>
    </failure>
  </testcase> <!-- runScenario -->
  <system-out/>
  <testcase classname="runner.HRISPendingMngrNegatifRunner" name="runScenario" time="40.515">
    <failure message="expected [Karyawan ini sudah pernah diganti. Mohon ajukan karyawan yang lain.] but found [Alert is Not Displayed]" type="java.lang.AssertionError">
      <![CDATA[java.lang.AssertionError: expected [Karyawan ini sudah pernah diganti. Mohon ajukan karyawan yang lain.] but found [Alert is Not Displayed]
at org.testng.Assert.fail(Assert.java:110)
at org.testng.Assert.failNotEquals(Assert.java:1413)
at org.testng.Assert.assertEqualsImpl(Assert.java:149)
at org.testng.Assert.assertEquals(Assert.java:131)
at org.testng.Assert.assertEquals(Assert.java:655)
at org.testng.Assert.assertEquals(Assert.java:665)
at definitions.RequestStaff.PendingSPVDefine.Nikterdaftar(PendingSPVDefine.java:217)
at ✽.User input tujuan, NIK D6180209, posisi, jumlah orang 1, mulai kerja, lokasi kerja, kota kerja, input detail lokasi Jl. Satu Dua, deskripsi pekerjaan test(file:///D:/2022/eclipse-workspace/hris-employee/src/test/resources/features/HRISPendingMNGRNegatifTest.feature:584)
]]>
    </failure>
  </testcase> <!-- runScenario -->
  <system-out/>
  <testcase classname="runner.HRISPendingMngrNegatifRunner" name="runScenario" time="33.734"/>
  <system-out/>
  <testcase classname="runner.HRISPendingMngrNegatifRunner" name="runScenario" time="62.106">
    <failure message="expected [input tidak boleh melebihi 12 dan 2 digit angka] but found [Alert is Not Displayed]" type="java.lang.AssertionError">
      <![CDATA[java.lang.AssertionError: expected [input tidak boleh melebihi 12 dan 2 digit angka] but found [Alert is Not Displayed]
at org.testng.Assert.fail(Assert.java:110)
at org.testng.Assert.failNotEquals(Assert.java:1413)
at org.testng.Assert.assertEqualsImpl(Assert.java:149)
at org.testng.Assert.assertEquals(Assert.java:131)
at org.testng.Assert.assertEquals(Assert.java:655)
at org.testng.Assert.assertEquals(Assert.java:665)
at definitions.RequestStaff.PendingSPVDefine.StatusKaryawanPKWTinputBulan(PendingSPVDefine.java:767)
at ✽.User melengkapi status karyawan, memilih status karyawan PKWT, input bulan > 12, bulan > 2 digit angka 134, tahun 1, masa percobaan 4, golongan, gaji 1000, asuransi, tunjangan jabatan 500, tunjangan transportasi 300, tunjangan komunikasi 200, note satu dua(file:///D:/2022/eclipse-workspace/hris-employee/src/test/resources/features/HRISPendingMNGRNegatifTest.feature:326)
]]>
    </failure>
  </testcase> <!-- runScenario -->
  <system-out>
    <![CDATA[<img src='file://D:\2022\eclipse-workspace\hris-employee\src\test\resources\SS\20220714_145045.PNG'height="350" width="792"/>]]>
  </system-out>
  <testcase classname="runner.HRISPendingMngrNegatifRunner" name="runScenario" time="50.659">
    <failure message="expected [Karyawan ini sudah pernah diganti. Mohon ajukan karyawan yang lain.] but found [Alert is Not Displayed]" type="java.lang.AssertionError">
      <![CDATA[java.lang.AssertionError: expected [Karyawan ini sudah pernah diganti. Mohon ajukan karyawan yang lain.] but found [Alert is Not Displayed]
at org.testng.Assert.fail(Assert.java:110)
at org.testng.Assert.failNotEquals(Assert.java:1413)
at org.testng.Assert.assertEqualsImpl(Assert.java:149)
at org.testng.Assert.assertEquals(Assert.java:131)
at org.testng.Assert.assertEquals(Assert.java:655)
at org.testng.Assert.assertEquals(Assert.java:665)
at definitions.RequestStaff.PendingSPVDefine.Nikterdaftar(PendingSPVDefine.java:217)
at ✽.User input tujuan, NIK D6180209, posisi, jumlah orang 1, mulai kerja, lokasi kerja, kota kerja, input detail lokasi Jl. Satu Dua, deskripsi pekerjaan test(file:///D:/2022/eclipse-workspace/hris-employee/src/test/resources/features/HRISPendingMNGRNegatifTest.feature:512)
]]>
    </failure>
  </testcase> <!-- runScenario -->
  <system-out/>
  <testcase classname="runner.HRISPendingMngrNegatifRunner" name="runScenario" time="51.599"/>
  <system-out/>
  <testcase classname="runner.HRISPendingMngrNegatifRunner" name="runScenario" time="39.835"/>
  <system-out/>
  <testcase classname="runner.HRISPendingMngrNegatifRunner" name="runScenario" time="33.640">
    <failure message="expected [NIK yang anda masukkan tidak ada di database] but found [Alert is Not Displayed]" type="java.lang.AssertionError">
      <![CDATA[java.lang.AssertionError: expected [NIK yang anda masukkan tidak ada di database] but found [Alert is Not Displayed]
at org.testng.Assert.fail(Assert.java:110)
at org.testng.Assert.failNotEquals(Assert.java:1413)
at org.testng.Assert.assertEqualsImpl(Assert.java:149)
at org.testng.Assert.assertEquals(Assert.java:131)
at org.testng.Assert.assertEquals(Assert.java:655)
at org.testng.Assert.assertEquals(Assert.java:665)
at definitions.RequestStaff.PendingSPVDefine.NIKInvalid_spesialKarakter_dan_kosong(PendingSPVDefine.java:241)
at ✽.User input tujuan, spesial karakter dan kosong NIK , posisi, jumlah orang 1, mulai kerja, lokasi kerja, kota kerja, input detail lokasi Jl. Satu Dua, deskripsi pekerjaan test(file:///D:/2022/eclipse-workspace/hris-employee/src/test/resources/features/HRISPendingMNGRNegatifTest.feature:62)
]]>
    </failure>
  </testcase> <!-- runScenario -->
  <system-out>
    <![CDATA[<img src='file://D:\2022\eclipse-workspace\hris-employee\src\test\resources\SS\20220714_142918.PNG'height="350" width="792"/>]]>
  </system-out>
  <testcase classname="runner.HRISPendingMngrNegatifRunner" name="runScenario" time="34.238"/>
  <system-out/>
  <testcase classname="runner.HRISPendingMngrNegatifRunner" name="runScenario" time="73.961"/>
  <system-out/>
  <testcase classname="runner.HRISPendingMngrNegatifRunner" name="runScenario" time="53.967"/>
  <system-out/>
  <testcase classname="runner.HRISPendingMngrNegatifRunner" name="runScenario" time="36.080"/>
  <system-out/>
  <testcase classname="runner.HRISPendingMngrNegatifRunner" name="runScenario" time="33.779"/>
  <system-out/>
  <testcase classname="runner.HRISPendingMngrNegatifRunner" name="runScenario" time="47.292"/>
  <system-out/>
  <testcase classname="runner.HRISPendingMngrNegatifRunner" name="runScenario" time="49.180"/>
  <system-out/>
  <testcase classname="runner.HRISPendingMngrNegatifRunner" name="runScenario" time="29.882">
    <failure message="expected [Karyawan ini sudah pernah diganti. Mohon ajukan karyawan yang lain.] but found [Alert is Not Displayed]" type="java.lang.AssertionError">
      <![CDATA[java.lang.AssertionError: expected [Karyawan ini sudah pernah diganti. Mohon ajukan karyawan yang lain.] but found [Alert is Not Displayed]
at org.testng.Assert.fail(Assert.java:110)
at org.testng.Assert.failNotEquals(Assert.java:1413)
at org.testng.Assert.assertEqualsImpl(Assert.java:149)
at org.testng.Assert.assertEquals(Assert.java:131)
at org.testng.Assert.assertEquals(Assert.java:655)
at org.testng.Assert.assertEquals(Assert.java:665)
at definitions.RequestStaff.PendingSPVDefine.Nikterdaftar(PendingSPVDefine.java:217)
at ✽.User input tujuan, NIK D6180209, posisi, jumlah orang 1, mulai kerja, lokasi kerja, kota kerja, input detail lokasi Jl. Satu Dua, deskripsi pekerjaan test(file:///D:/2022/eclipse-workspace/hris-employee/src/test/resources/features/HRISPendingMNGRNegatifTest.feature:438)
]]>
    </failure>
  </testcase> <!-- runScenario -->
  <system-out/>
  <testcase classname="runner.HRISPendingMngrNegatifRunner" name="runScenario" time="51.476"/>
  <system-out/>
</testsuite> <!-- runner.HRISPendingMngrNegatifRunner -->
