<?xml version="1.0" encoding="UTF-8"?>
<!-- Generated by org.testng.reporters.JUnitReportReporter -->
<testsuite hostname="DESKTOP-KMN6TAK" failures="1" tests="1" name="runner.HRISPendingSpvNegatifRunner" time="40.352" errors="0" timestamp="2022-07-15T09:09:06 ICT" skipped="0">
  <testcase classname="runner.HRISPendingSpvNegatifRunner" name="runScenario" time="40.352">
    <failure message="expected [true] but found [false]" type="java.lang.AssertionError">
      <![CDATA[java.lang.AssertionError: expected [true] but found [false]
at org.testng.Assert.fail(Assert.java:110)
at org.testng.Assert.failNotEquals(Assert.java:1413)
at org.testng.Assert.assertTrue(Assert.java:56)
at org.testng.Assert.assertTrue(Assert.java:66)
at definitions.RequestStaff.PendingSPVDefine.validasi_bulanPKWT(PendingSPVDefine.java:1493)
at âœ½.User validasi bulan PKWT(file:///D:/2022/eclipse-workspace/hris-employee/src/test/resources/features/HRISPendingSPVNegatifTest.feature:348)
]]>
    </failure>
  </testcase> <!-- runScenario -->
  <system-out>
    <![CDATA[<img src='file://D:\2022\eclipse-workspace\hris-employee\src\test\resources\SS\20220715_090905.PNG'height="350" width="792"/>]]>
  </system-out>
</testsuite> <!-- runner.HRISPendingSpvNegatifRunner -->
