<?xml version="1.0" encoding="UTF-8"?>
<!-- Generated by org.testng.reporters.JUnitReportReporter -->
<testsuite hostname="DESKTOP-KMN6TAK" failures="10" tests="47" name="runner.HRISPendingMngrRunner" time="2292.741" errors="1" timestamp="2022-07-14T15:34:29 ICT" skipped="0">
  <testcase classname="runner.HRISPendingMngrRunner" name="runScenario" time="66.243"/>
  <system-out/>
  <testcase classname="runner.HRISPendingMngrRunner" name="runScenario" time="30.806"/>
  <system-out/>
  <testcase classname="runner.HRISPendingMngrRunner" name="runScenario" time="48.297"/>
  <system-out/>
  <testcase classname="runner.HRISPendingMngrRunner" name="runScenario" time="48.328"/>
  <system-out/>
  <testcase classname="runner.HRISPendingMngrRunner" name="runScenario" time="65.428"/>
  <system-out/>
  <testcase classname="runner.HRISPendingMngrRunner" name="runScenario" time="41.876">
    <failure message="expected [Karyawan ini sudah pernah diganti. Mohon ajukan karyawan yang lain.] but found [Alert is Not Displayed]" type="java.lang.AssertionError">
      <![CDATA[java.lang.AssertionError: expected [Karyawan ini sudah pernah diganti. Mohon ajukan karyawan yang lain.] but found [Alert is Not Displayed]
at org.testng.Assert.fail(Assert.java:110)
at org.testng.Assert.failNotEquals(Assert.java:1413)
at org.testng.Assert.assertEqualsImpl(Assert.java:149)
at org.testng.Assert.assertEquals(Assert.java:131)
at org.testng.Assert.assertEquals(Assert.java:655)
at org.testng.Assert.assertEquals(Assert.java:665)
at definitions.RequestStaff.PendingSPVDefine.Nikterdaftar(PendingSPVDefine.java:217)
at ✽.User input tujuan, NIK D6180209, posisi, jumlah orang 1, mulai kerja, lokasi kerja, kota kerja, input detail lokasi Jl. Satu Dua, deskripsi pekerjaan test(file:///D:/2022/eclipse-workspace/hris-employee/src/test/resources/features/HRISPendingMNGR.feature:394)
]]>
    </failure>
  </testcase> <!-- runScenario -->
  <system-out/>
  <testcase classname="runner.HRISPendingMngrRunner" name="runScenario" time="53.674"/>
  <system-out/>
  <testcase classname="runner.HRISPendingMngrRunner" name="runScenario" time="32.529">
    <failure message="expected [Karyawan ini sudah pernah diganti. Mohon ajukan karyawan yang lain.] but found [Alert is Not Displayed]" type="java.lang.AssertionError">
      <![CDATA[java.lang.AssertionError: expected [Karyawan ini sudah pernah diganti. Mohon ajukan karyawan yang lain.] but found [Alert is Not Displayed]
at org.testng.Assert.fail(Assert.java:110)
at org.testng.Assert.failNotEquals(Assert.java:1413)
at org.testng.Assert.assertEqualsImpl(Assert.java:149)
at org.testng.Assert.assertEquals(Assert.java:131)
at org.testng.Assert.assertEquals(Assert.java:655)
at org.testng.Assert.assertEquals(Assert.java:665)
at definitions.RequestStaff.PendingSPVDefine.Nikterdaftar(PendingSPVDefine.java:217)
at ✽.User input tujuan, NIK D6180209, posisi, jumlah orang 1, mulai kerja, lokasi kerja, kota kerja, input detail lokasi Jl. Satu Dua, deskripsi pekerjaan test(file:///D:/2022/eclipse-workspace/hris-employee/src/test/resources/features/HRISPendingMNGR.feature:377)
]]>
    </failure>
  </testcase> <!-- runScenario -->
  <system-out/>
  <testcase classname="runner.HRISPendingMngrRunner" name="runScenario" time="46.958"/>
  <system-out/>
  <testcase classname="runner.HRISPendingMngrRunner" name="runScenario" time="62.412"/>
  <system-out/>
  <testcase classname="runner.HRISPendingMngrRunner" name="runScenario" time="32.846"/>
  <system-out/>
  <testcase classname="runner.HRISPendingMngrRunner" name="runScenario" time="46.551"/>
  <system-out/>
  <testcase classname="runner.HRISPendingMngrRunner" name="runScenario" time="41.330">
    <failure message="expected [Karyawan ini sudah pernah diganti. Mohon ajukan karyawan yang lain.] but found [Alert is Not Displayed]" type="java.lang.AssertionError">
      <![CDATA[java.lang.AssertionError: expected [Karyawan ini sudah pernah diganti. Mohon ajukan karyawan yang lain.] but found [Alert is Not Displayed]
at org.testng.Assert.fail(Assert.java:110)
at org.testng.Assert.failNotEquals(Assert.java:1413)
at org.testng.Assert.assertEqualsImpl(Assert.java:149)
at org.testng.Assert.assertEquals(Assert.java:131)
at org.testng.Assert.assertEquals(Assert.java:655)
at org.testng.Assert.assertEquals(Assert.java:665)
at definitions.RequestStaff.PendingSPVDefine.Nikterdaftar(PendingSPVDefine.java:217)
at ✽.User input tujuan, NIK D6180209, posisi, jumlah orang 1, mulai kerja, lokasi kerja, kota kerja, input detail lokasi Jl. Satu Dua, deskripsi pekerjaan test(file:///D:/2022/eclipse-workspace/hris-employee/src/test/resources/features/HRISPendingMNGR.feature:444)
]]>
    </failure>
  </testcase> <!-- runScenario -->
  <system-out/>
  <testcase classname="runner.HRISPendingMngrRunner" name="runScenario" time="51.268"/>
  <system-out/>
  <testcase classname="runner.HRISPendingMngrRunner" name="runScenario" time="43.678"/>
  <system-out/>
  <testcase classname="runner.HRISPendingMngrRunner" name="runScenario" time="55.293"/>
  <system-out/>
  <testcase classname="runner.HRISPendingMngrRunner" name="runScenario" time="60.787"/>
  <system-out/>
  <testcase classname="runner.HRISPendingMngrRunner" name="runScenario" time="68.704"/>
  <system-out/>
  <testcase classname="runner.HRISPendingMngrRunner" name="runScenario" time="30.209"/>
  <system-out/>
  <testcase classname="runner.HRISPendingMngrRunner" name="runScenario" time="40.228">
    <error message="no such element: Unable to locate element: {&quot;method&quot;:&quot;xpath&quot;,&quot;selector&quot;:&quot;//*[@id=&quot;dataTable&quot;]/tbody/tr[1]/td[2]&quot;}
  (Session info: chrome=103.0.5060.114)
For documentation on this error, please visit: https://selenium.dev/exceptions/#no_such_element
Build info: version: &#039;4.0.0&#039;, revision: &#039;3a21814679&#039;
System info: host: &#039;DESKTOP-KMN6TAK&#039;, ip: &#039;10.0.0.210&#039;, os.name: &#039;Windows 11&#039;, os.arch: &#039;amd64&#039;, os.version: &#039;10.0&#039;, java.version: &#039;11.0.15&#039;
Driver info: org.openqa.selenium.chrome.ChromeDriver
Command: [c459046144d8dce6d32ed673a2339729, findElement {using=xpath, value=//*[@id=&quot;dataTable&quot;]/tbody/tr[1]/td[2]}]
Capabilities {acceptInsecureCerts: false, browserName: chrome, browserVersion: 103.0.5060.114, chrome: {chromedriverVersion: 102.0.5005.61 (0e59bcc00cc4..., userDataDir: C:\Users\Nexsoft\AppData\Lo...}, goog:chromeOptions: {debuggerAddress: localhost:53473}, javascriptEnabled: true, networkConnectionEnabled: false, pageLoadStrategy: normal, platform: WINDOWS, platformName: WINDOWS, proxy: Proxy(), se:cdp: ws://localhost:53473/devtoo..., se:cdpVersion: 103.0.5060.114, setWindowRect: true, strictFileInteractability: false, timeouts: {implicit: 0, pageLoad: 300000, script: 30000}, unhandledPromptBehavior: dismiss and notify, webauthn:extension:credBlob: true, webauthn:extension:largeBlob: true, webauthn:virtualAuthenticators: true}
Session ID: c459046144d8dce6d32ed673a2339729" type="org.openqa.selenium.NoSuchElementException">
      <![CDATA[org.openqa.selenium.NoSuchElementException: no such element: Unable to locate element: {"method":"xpath","selector":"//*[@id="dataTable"]/tbody/tr[1]/td[2]"}
  (Session info: chrome=103.0.5060.114)
For documentation on this error, please visit: https://selenium.dev/exceptions/#no_such_element
Build info: version: '4.0.0', revision: '3a21814679'
System info: host: 'DESKTOP-KMN6TAK', ip: '10.0.0.210', os.name: 'Windows 11', os.arch: 'amd64', os.version: '10.0', java.version: '11.0.15'
Driver info: org.openqa.selenium.chrome.ChromeDriver
Command: [c459046144d8dce6d32ed673a2339729, findElement {using=xpath, value=//*[@id="dataTable"]/tbody/tr[1]/td[2]}]
Capabilities {acceptInsecureCerts: false, browserName: chrome, browserVersion: 103.0.5060.114, chrome: {chromedriverVersion: 102.0.5005.61 (0e59bcc00cc4..., userDataDir: C:\Users\Nexsoft\AppData\Lo...}, goog:chromeOptions: {debuggerAddress: localhost:53473}, javascriptEnabled: true, networkConnectionEnabled: false, pageLoadStrategy: normal, platform: WINDOWS, platformName: WINDOWS, proxy: Proxy(), se:cdp: ws://localhost:53473/devtoo..., se:cdpVersion: 103.0.5060.114, setWindowRect: true, strictFileInteractability: false, timeouts: {implicit: 0, pageLoad: 300000, script: 30000}, unhandledPromptBehavior: dismiss and notify, webauthn:extension:credBlob: true, webauthn:extension:largeBlob: true, webauthn:virtualAuthenticators: true}
Session ID: c459046144d8dce6d32ed673a2339729
at java.base/jdk.internal.reflect.NativeConstructorAccessorImpl.newInstance0(Native Method)
at java.base/jdk.internal.reflect.NativeConstructorAccessorImpl.newInstance(NativeConstructorAccessorImpl.java:62)
at java.base/jdk.internal.reflect.DelegatingConstructorAccessorImpl.newInstance(DelegatingConstructorAccessorImpl.java:45)
at java.base/java.lang.reflect.Constructor.newInstance(Constructor.java:490)
at org.openqa.selenium.remote.codec.w3c.W3CHttpResponseCodec.createException(W3CHttpResponseCodec.java:200)
at org.openqa.selenium.remote.codec.w3c.W3CHttpResponseCodec.decode(W3CHttpResponseCodec.java:133)
at org.openqa.selenium.remote.codec.w3c.W3CHttpResponseCodec.decode(W3CHttpResponseCodec.java:53)
at org.openqa.selenium.remote.HttpCommandExecutor.execute(HttpCommandExecutor.java:184)
at org.openqa.selenium.remote.service.DriverCommandExecutor.invokeExecute(DriverCommandExecutor.java:164)
at org.openqa.selenium.remote.service.DriverCommandExecutor.execute(DriverCommandExecutor.java:139)
at org.openqa.selenium.remote.RemoteWebDriver.execute(RemoteWebDriver.java:559)
at org.openqa.selenium.remote.ElementLocation$ElementFinder$2.findElement(ElementLocation.java:162)
at org.openqa.selenium.remote.ElementLocation.findElement(ElementLocation.java:60)
at org.openqa.selenium.remote.RemoteWebDriver.findElement(RemoteWebDriver.java:383)
at org.openqa.selenium.remote.RemoteWebDriver.findElement(RemoteWebDriver.java:375)
at pom.HRISPendingStaff.getName(HRISPendingStaff.java:670)
at pom.HRISPendingStaff.searchData(HRISPendingStaff.java:237)
at definitions.RequestStaff.PendingSPVDefine.search_data_positif_test(PendingSPVDefine.java:129)
at ✽.User melakukan search data berdasarkan search EX - ADHITYA BAYU W(file:///D:/2022/eclipse-workspace/hris-employee/src/test/resources/features/HRISPendingMNGR.feature:18)
]]>
    </error>
  </testcase> <!-- runScenario -->
  <system-out>
    <![CDATA[<img src='file://D:\2022\eclipse-workspace\hris-employee\src\test\resources\SS\20220714_142358.PNG'height="350" width="792"/>]]>
  </system-out>
  <testcase classname="runner.HRISPendingMngrRunner" name="runScenario" time="53.611"/>
  <system-out/>
  <testcase classname="runner.HRISPendingMngrRunner" name="runScenario" time="58.148"/>
  <system-out/>
  <testcase classname="runner.HRISPendingMngrRunner" name="runScenario" time="56.190"/>
  <system-out/>
  <testcase classname="runner.HRISPendingMngrRunner" name="runScenario" time="35.190">
    <failure message="expected [Karyawan ini sudah pernah diganti. Mohon ajukan karyawan yang lain.] but found [Alert is Not Displayed]" type="java.lang.AssertionError">
      <![CDATA[java.lang.AssertionError: expected [Karyawan ini sudah pernah diganti. Mohon ajukan karyawan yang lain.] but found [Alert is Not Displayed]
at org.testng.Assert.fail(Assert.java:110)
at org.testng.Assert.failNotEquals(Assert.java:1413)
at org.testng.Assert.assertEqualsImpl(Assert.java:149)
at org.testng.Assert.assertEquals(Assert.java:131)
at org.testng.Assert.assertEquals(Assert.java:655)
at org.testng.Assert.assertEquals(Assert.java:665)
at definitions.RequestStaff.PendingSPVDefine.Nikterdaftar(PendingSPVDefine.java:217)
at ✽.User input tujuan, NIK D6180209, posisi, jumlah orang 1, mulai kerja, lokasi kerja, kota kerja, input detail lokasi Jl. Satu Dua, deskripsi pekerjaan test(file:///D:/2022/eclipse-workspace/hris-employee/src/test/resources/features/HRISPendingMNGR.feature:529)
]]>
    </failure>
  </testcase> <!-- runScenario -->
  <system-out/>
  <testcase classname="runner.HRISPendingMngrRunner" name="runScenario" time="62.143"/>
  <system-out/>
  <testcase classname="runner.HRISPendingMngrRunner" name="runScenario" time="26.058">
    <failure message="expected [Karyawan ini sudah pernah diganti. Mohon ajukan karyawan yang lain.] but found [Alert is Not Displayed]" type="java.lang.AssertionError">
      <![CDATA[java.lang.AssertionError: expected [Karyawan ini sudah pernah diganti. Mohon ajukan karyawan yang lain.] but found [Alert is Not Displayed]
at org.testng.Assert.fail(Assert.java:110)
at org.testng.Assert.failNotEquals(Assert.java:1413)
at org.testng.Assert.assertEqualsImpl(Assert.java:149)
at org.testng.Assert.assertEquals(Assert.java:131)
at org.testng.Assert.assertEquals(Assert.java:655)
at org.testng.Assert.assertEquals(Assert.java:665)
at definitions.RequestStaff.PendingSPVDefine.Nikterdaftar(PendingSPVDefine.java:217)
at ✽.User input tujuan, NIK D6180209, posisi, jumlah orang 1, mulai kerja, lokasi kerja, kota kerja, input detail lokasi Jl. Satu Dua, deskripsi pekerjaan test(file:///D:/2022/eclipse-workspace/hris-employee/src/test/resources/features/HRISPendingMNGR.feature:276)
]]>
    </failure>
  </testcase> <!-- runScenario -->
  <system-out/>
  <testcase classname="runner.HRISPendingMngrRunner" name="runScenario" time="48.299"/>
  <system-out/>
  <testcase classname="runner.HRISPendingMngrRunner" name="runScenario" time="56.077"/>
  <system-out/>
  <testcase classname="runner.HRISPendingMngrRunner" name="runScenario" time="38.372">
    <failure message="expected [Karyawan ini sudah pernah diganti. Mohon ajukan karyawan yang lain.] but found [Alert is Not Displayed]" type="java.lang.AssertionError">
      <![CDATA[java.lang.AssertionError: expected [Karyawan ini sudah pernah diganti. Mohon ajukan karyawan yang lain.] but found [Alert is Not Displayed]
at org.testng.Assert.fail(Assert.java:110)
at org.testng.Assert.failNotEquals(Assert.java:1413)
at org.testng.Assert.assertEqualsImpl(Assert.java:149)
at org.testng.Assert.assertEquals(Assert.java:131)
at org.testng.Assert.assertEquals(Assert.java:655)
at org.testng.Assert.assertEquals(Assert.java:665)
at definitions.RequestStaff.PendingSPVDefine.Nikterdaftar(PendingSPVDefine.java:217)
at ✽.User input tujuan, NIK D6180209, posisi, jumlah orang 1, mulai kerja, lokasi kerja, kota kerja, input detail lokasi Jl. Satu Dua, deskripsi pekerjaan test(file:///D:/2022/eclipse-workspace/hris-employee/src/test/resources/features/HRISPendingMNGR.feature:427)
]]>
    </failure>
  </testcase> <!-- runScenario -->
  <system-out/>
  <testcase classname="runner.HRISPendingMngrRunner" name="runScenario" time="45.894"/>
  <system-out/>
  <testcase classname="runner.HRISPendingMngrRunner" name="runScenario" time="52.270"/>
  <system-out/>
  <testcase classname="runner.HRISPendingMngrRunner" name="runScenario" time="49.563"/>
  <system-out/>
  <testcase classname="runner.HRISPendingMngrRunner" name="runScenario" time="51.732"/>
  <system-out/>
  <testcase classname="runner.HRISPendingMngrRunner" name="runScenario" time="42.448">
    <failure message="expected [Karyawan ini sudah pernah diganti. Mohon ajukan karyawan yang lain.] but found [Alert is Not Displayed]" type="java.lang.AssertionError">
      <![CDATA[java.lang.AssertionError: expected [Karyawan ini sudah pernah diganti. Mohon ajukan karyawan yang lain.] but found [Alert is Not Displayed]
at org.testng.Assert.fail(Assert.java:110)
at org.testng.Assert.failNotEquals(Assert.java:1413)
at org.testng.Assert.assertEqualsImpl(Assert.java:149)
at org.testng.Assert.assertEquals(Assert.java:131)
at org.testng.Assert.assertEquals(Assert.java:655)
at org.testng.Assert.assertEquals(Assert.java:665)
at definitions.RequestStaff.PendingSPVDefine.Nikterdaftar(PendingSPVDefine.java:217)
at ✽.User input tujuan, NIK D6180209, posisi, jumlah orang 1, mulai kerja, lokasi kerja, kota kerja, input detail lokasi Jl. Satu Dua, deskripsi pekerjaan test(file:///D:/2022/eclipse-workspace/hris-employee/src/test/resources/features/HRISPendingMNGR.feature:394)
]]>
    </failure>
  </testcase> <!-- runScenario -->
  <system-out/>
  <testcase classname="runner.HRISPendingMngrRunner" name="runScenario" time="41.022">
    <failure message="expected [Karyawan ini sudah pernah diganti. Mohon ajukan karyawan yang lain.] but found [Alert is Not Displayed]" type="java.lang.AssertionError">
      <![CDATA[java.lang.AssertionError: expected [Karyawan ini sudah pernah diganti. Mohon ajukan karyawan yang lain.] but found [Alert is Not Displayed]
at org.testng.Assert.fail(Assert.java:110)
at org.testng.Assert.failNotEquals(Assert.java:1413)
at org.testng.Assert.assertEqualsImpl(Assert.java:149)
at org.testng.Assert.assertEquals(Assert.java:131)
at org.testng.Assert.assertEquals(Assert.java:655)
at org.testng.Assert.assertEquals(Assert.java:665)
at definitions.RequestStaff.PendingSPVDefine.Nikterdaftar(PendingSPVDefine.java:217)
at ✽.User input tujuan, NIK D6180209, posisi, jumlah orang 1, mulai kerja, lokasi kerja, kota kerja, input detail lokasi Jl. Satu Dua, deskripsi pekerjaan test(file:///D:/2022/eclipse-workspace/hris-employee/src/test/resources/features/HRISPendingMNGR.feature:548)
]]>
    </failure>
  </testcase> <!-- runScenario -->
  <system-out>
    <![CDATA[<img src='file://D:\2022\eclipse-workspace\hris-employee\src\test\resources\SS\20220714_150011.PNG'height="350" width="792"/>]]>
  </system-out>
  <testcase classname="runner.HRISPendingMngrRunner" name="runScenario" time="50.954"/>
  <system-out/>
  <testcase classname="runner.HRISPendingMngrRunner" name="runScenario" time="49.081"/>
  <system-out/>
  <testcase classname="runner.HRISPendingMngrRunner" name="runScenario" time="57.184"/>
  <system-out/>
  <testcase classname="runner.HRISPendingMngrRunner" name="runScenario" time="56.129"/>
  <system-out/>
  <testcase classname="runner.HRISPendingMngrRunner" name="runScenario" time="58.628"/>
  <system-out/>
  <testcase classname="runner.HRISPendingMngrRunner" name="runScenario" time="55.962"/>
  <system-out/>
  <testcase classname="runner.HRISPendingMngrRunner" name="runScenario" time="34.810">
    <failure message="expected [Karyawan ini sudah pernah diganti. Mohon ajukan karyawan yang lain.] but found [Alert is Not Displayed]" type="java.lang.AssertionError">
      <![CDATA[java.lang.AssertionError: expected [Karyawan ini sudah pernah diganti. Mohon ajukan karyawan yang lain.] but found [Alert is Not Displayed]
at org.testng.Assert.fail(Assert.java:110)
at org.testng.Assert.failNotEquals(Assert.java:1413)
at org.testng.Assert.assertEqualsImpl(Assert.java:149)
at org.testng.Assert.assertEquals(Assert.java:131)
at org.testng.Assert.assertEquals(Assert.java:655)
at org.testng.Assert.assertEquals(Assert.java:665)
at definitions.RequestStaff.PendingSPVDefine.Nikterdaftar(PendingSPVDefine.java:217)
at ✽.User input tujuan, NIK D6180209, posisi, jumlah orang 1, mulai kerja, lokasi kerja, kota kerja, input detail lokasi Jl. Satu Dua, deskripsi pekerjaan test(file:///D:/2022/eclipse-workspace/hris-employee/src/test/resources/features/HRISPendingMNGR.feature:153)
]]>
    </failure>
  </testcase> <!-- runScenario -->
  <system-out/>
  <testcase classname="runner.HRISPendingMngrRunner" name="runScenario" time="42.570"/>
  <system-out/>
  <testcase classname="runner.HRISPendingMngrRunner" name="runScenario" time="59.478"/>
  <system-out/>
  <testcase classname="runner.HRISPendingMngrRunner" name="runScenario" time="61.576"/>
  <system-out/>
  <testcase classname="runner.HRISPendingMngrRunner" name="runScenario" time="46.117"/>
  <system-out/>
  <testcase classname="runner.HRISPendingMngrRunner" name="runScenario" time="35.790">
    <failure message="expected [Karyawan ini sudah pernah diganti. Mohon ajukan karyawan yang lain.] but found [Alert is Not Displayed]" type="java.lang.AssertionError">
      <![CDATA[java.lang.AssertionError: expected [Karyawan ini sudah pernah diganti. Mohon ajukan karyawan yang lain.] but found [Alert is Not Displayed]
at org.testng.Assert.fail(Assert.java:110)
at org.testng.Assert.failNotEquals(Assert.java:1413)
at org.testng.Assert.assertEqualsImpl(Assert.java:149)
at org.testng.Assert.assertEquals(Assert.java:131)
at org.testng.Assert.assertEquals(Assert.java:655)
at org.testng.Assert.assertEquals(Assert.java:665)
at definitions.RequestStaff.PendingSPVDefine.Nikterdaftar(PendingSPVDefine.java:217)
at ✽.User input tujuan, NIK D6180209, posisi, jumlah orang 1, mulai kerja, lokasi kerja, kota kerja, input detail lokasi Jl. Satu Dua, deskripsi pekerjaan test(file:///D:/2022/eclipse-workspace/hris-employee/src/test/resources/features/HRISPendingMNGR.feature:461)
]]>
    </failure>
  </testcase> <!-- runScenario -->
  <system-out/>
</testsuite> <!-- runner.HRISPendingMngrRunner -->
